2025-01-14 21:52:38.335 | INFO     | __main__:__init__:26 - Initializing DividendBot
2025-01-14 21:52:38.357 | INFO     | __main__:__init__:50 - Successfully loaded ticker information from C:\Users\pcalatayud\Desktop\pycharm\twitter_auto\weekdays\../config/top_3000_tickers.csv
2025-01-14 21:52:38.358 | INFO     | __main__:run:247 - Starting DividendBot workflow
2025-01-14 21:52:41.150 | INFO     | utils.utils:get_dividend_calendar:172 - Found 498 dividend entries for tracked tickers
2025-01-14 21:52:41.151 | INFO     | utils.utils:get_dividend_calendar:175 - Searching for companies that publish dividends today 2025-01-14 21:52:38.335816
2025-01-14 21:52:41.158 | INFO     | __main__:run:259 - Retrieved 0 dividend tickers
2025-01-14 21:52:41.436 | SUCCESS  | utils.utils:post_twitter:37 - Tweet posted: #Today Tuesday, 14th of January, There are not #Scheduled #Dividends #Payments for #SP500 and #Nasdaq100 #Companies.
2025-01-14 21:52:41.436 | INFO     | utils.utils:send_telegram_message:218 - Using bot_token: 6379257583...
2025-01-14 21:52:41.436 | INFO     | utils.utils:send_telegram_message:219 - Sending to chat_id: -1002313822545
2025-01-14 21:52:41.436 | INFO     | utils.utils:send_telegram_message:240 - Attempting to send message to Telegram
2025-01-14 21:52:41.616 | INFO     | utils.utils:send_telegram_message:246 - Message sent successfully. Status code: 200
2025-01-14 21:52:41.616 | INFO     | __main__:run:266 - Posted no dividends message
2025-01-20 13:59:27.123 | INFO     | weekdays.Dividends:__init__:26 - Initialising DividendBot
2025-01-20 13:59:27.164 | INFO     | weekdays.Dividends:__init__:50 - Successfully loaded ticker information from C:\Users\peybo\PycharmProjects\twitter_auto\weekdays\../config/top_3000_tickers.csv
2025-01-20 13:59:27.165 | INFO     | weekdays.Dividends:run:247 - Starting DividendBot workflow
2025-01-20 13:59:29.921 | INFO     | utils.utils:get_dividend_calendar:178 - Found 498 dividend entries for tracked tickers
2025-01-20 13:59:29.923 | INFO     | utils.utils:get_dividend_calendar:181 - Searching for companies that publish dividends today 2025-01-20 13:59:27.127714
2025-01-20 13:59:29.934 | INFO     | weekdays.Dividends:run:259 - Retrieved 0 dividend tickers
2025-01-20 13:59:29.935 | INFO     | utils.utils:post_twitter:36 - Tweet lenght: 115
2025-01-20 13:59:30.332 | INFO     | utils.utils:send_telegram_message:224 - Using bot_token: 6379257583...
2025-01-20 13:59:30.334 | INFO     | utils.utils:send_telegram_message:225 - Sending to chat_id: -1002313822545
2025-01-20 13:59:30.336 | INFO     | utils.utils:send_telegram_message:246 - Attempting to send message to Telegram
2025-01-20 13:59:30.572 | INFO     | utils.utils:send_telegram_message:252 - Message sent successfully. Status code: 200
2025-01-20 13:59:30.575 | SUCCESS  | utils.utils:post_twitter:41 - Tweet posted: #Today Monday, 20th of January, There are not #Scheduled #Dividends #Payments for #SP500 and #Nasdaq100 #Companies.
2025-01-20 13:59:30.575 | INFO     | utils.utils:post_twitter:48 - Pausing for 122 seconds to maintain proper intervals between Twitter posts.
2025-01-20 13:59:30.577 | INFO     | weekdays.Dividends:run:266 - Posted no dividends message
2025-01-20 14:04:30.594 | INFO     | weekdays.Splits:__init__:26 - Initializing SplitBot
2025-01-20 14:04:30.625 | INFO     | weekdays.Splits:__init__:47 - Successfully loaded ticker information from C:\Users\peybo\PycharmProjects\twitter_auto\weekdays\../config/top_3000_tickers.csv
2025-01-20 14:04:30.626 | INFO     | weekdays.Splits:run:243 - Starting SplitBot workflow
2025-01-20 14:04:32.343 | INFO     | weekdays.Splits:run:249 - No splits scheduled for today
2025-03-15 14:53:06.884 | INFO     | __main__:__init__:26 - Initialising DividendBot
2025-03-15 14:53:06.911 | INFO     | __main__:__init__:50 - Successfully loaded ticker information from C:\Users\peybo\PycharmProjects\twitter_auto\weekdays\../config/top_3000_tickers.csv
2025-03-15 14:53:06.919 | INFO     | __main__:run:247 - Starting DividendBot workflow
2025-03-15 14:53:06.919 | ERROR    | __main__:run:310 - Error in main workflow: get_dividend_calendar() got an unexpected keyword argument 'today'
2025-03-15 14:59:08.981 | INFO     | __main__:__init__:26 - Initialising DividendBot
2025-03-15 14:59:09.022 | INFO     | __main__:__init__:50 - Successfully loaded ticker information from C:\Users\peybo\PycharmProjects\twitter_auto\weekdays\../config/top_3000_tickers.csv
2025-03-15 14:59:09.022 | INFO     | __main__:run:247 - Starting DividendBot workflow
2025-03-15 14:59:09.028 | ERROR    | __main__:run:310 - Error in main workflow: get_dividend_calendar() got an unexpected keyword argument 'today'
2025-03-15 14:59:36.023 | INFO     | __main__:__init__:26 - Initialising DividendBot
2025-03-15 14:59:36.051 | INFO     | __main__:__init__:50 - Successfully loaded ticker information from C:\Users\peybo\PycharmProjects\twitter_auto\weekdays\../config/top_3000_tickers.csv
2025-03-15 14:59:36.054 | INFO     | __main__:run:247 - Starting DividendBot workflow
2025-03-15 14:59:38.263 | ERROR    | utils.utils:get_dividend_calendar:223 - Error getting dividend calendar: Expecting value: line 1 column 1 (char 0)
2025-03-15 14:59:38.263 | INFO     | __main__:run:259 - Retrieved 0 dividend tickers
2025-03-15 14:59:38.263 | INFO     | utils.utils:post_twitter:38 - Tweet lenght: 115
2025-03-15 14:59:38.626 | INFO     | utils.utils:send_telegram_message:262 - Using bot_token: 6379257583...
2025-03-15 14:59:38.626 | INFO     | utils.utils:send_telegram_message:263 - Sending to chat_id: -1002313822545
2025-03-15 14:59:38.626 | INFO     | utils.utils:send_telegram_message:284 - Attempting to send message to Telegram
2025-03-15 14:59:38.925 | INFO     | utils.utils:send_telegram_message:290 - Message sent successfully. Status code: 200
2025-03-15 14:59:38.925 | SUCCESS  | utils.utils:post_twitter:43 - Tweet posted: #Today Saturday, 15th of March, There are not #Scheduled #Dividends #Payments for #SP500 and #Nasdaq100 #Companies.
2025-03-15 14:59:38.925 | INFO     | utils.utils:post_twitter:50 - Pausing for 401 seconds to maintain proper intervals between Twitter posts.
2025-03-15 15:01:54.585 | INFO     | __main__:__init__:26 - Initialising DividendBot
2025-03-15 15:01:54.606 | INFO     | __main__:__init__:50 - Successfully loaded ticker information from C:\Users\peybo\PycharmProjects\twitter_auto\weekdays\../config/top_3000_tickers.csv
2025-03-15 15:01:54.616 | INFO     | __main__:run:247 - Starting DividendBot workflow
2025-03-15 15:01:56.793 | ERROR    | utils.utils:get_dividend_calendar:218 - Error getting dividend calendar: Expecting value: line 1 column 1 (char 0)
2025-03-15 15:01:56.793 | INFO     | __main__:run:259 - Retrieved 0 dividend tickers
2025-03-15 15:01:56.793 | INFO     | utils.utils:post_twitter:38 - Tweet lenght: 115
2025-03-15 15:01:57.167 | ERROR    | utils.utils:post_twitter:45 - 403 Forbidden
You are not allowed to create a Tweet with duplicate content.
2025-03-15 15:01:57.167 | INFO     | utils.utils:send_telegram_message:257 - Using bot_token: 6379257583...
2025-03-15 15:01:57.167 | INFO     | utils.utils:send_telegram_message:258 - Sending to chat_id: -1002313822545
2025-03-15 15:01:57.172 | INFO     | utils.utils:send_telegram_message:279 - Attempting to send message to Telegram
2025-03-15 15:01:57.419 | INFO     | utils.utils:send_telegram_message:285 - Message sent successfully. Status code: 200
2025-03-15 15:01:57.425 | ERROR    | utils.utils:post_twitter:47 - Tweet Error
Tweet Error
: 403 Forbidden
You are not allowed to create a Tweet with duplicate content.
#Today Saturday, 15th of March, There are not #Scheduled #Dividends #Payments for #SP500 and #Nasdaq100 #Companies.
2025-03-15 15:01:57.425 | INFO     | utils.utils:post_twitter:50 - Pausing for 551 seconds to maintain proper intervals between Twitter posts.
2025-03-15 15:03:02.358 | INFO     | __main__:__init__:26 - Initialising DividendBot
2025-03-15 15:03:02.389 | INFO     | __main__:__init__:50 - Successfully loaded ticker information from C:\Users\peybo\PycharmProjects\twitter_auto\weekdays\../config/top_3000_tickers.csv
2025-03-15 15:03:02.389 | INFO     | __main__:run:247 - Starting DividendBot workflow
2025-03-15 16:38:37.756 | INFO     | __main__:__init__:26 - Initialising DividendBot
2025-03-15 16:38:37.773 | INFO     | __main__:__init__:50 - Successfully loaded ticker information from C:\Users\peybo\PycharmProjects\twitter_auto\weekdays\../config/top_3000_tickers.csv
2025-03-15 16:38:37.775 | INFO     | __main__:run:247 - Starting DividendBot workflow
2025-03-15 16:38:39.616 | INFO     | __main__:run:259 - Retrieved 0 dividend tickers
2025-03-15 16:38:39.618 | INFO     | utils.utils:post_twitter:37 - Tweet lenght: 115
2025-03-15 16:38:39.619 | INFO     | utils.utils:send_telegram_message:243 - Using bot_token: 6379257583...
2025-03-15 16:38:39.621 | INFO     | utils.utils:send_telegram_message:244 - Sending to chat_id: -1002313822545
2025-03-15 16:38:39.623 | INFO     | utils.utils:send_telegram_message:265 - Attempting to send message to Telegram
2025-03-15 16:38:39.898 | INFO     | utils.utils:send_telegram_message:271 - Message sent successfully. Status code: 200
2025-03-15 16:38:39.899 | SUCCESS  | utils.utils:post_twitter:42 - Tweet posted: #Today Saturday, 15th of March, There are not #Scheduled #Dividends #Payments for #SP500 and #Nasdaq100 #Companies.
2025-03-15 16:38:39.900 | INFO     | utils.utils:post_twitter:49 - Pausing for 550 seconds to maintain proper intervals between Twitter posts.
2025-03-15 16:47:49.915 | INFO     | __main__:run:266 - Posted no dividends message
2025-03-23 15:48:59.292 | INFO     | __main__:__init__:26 - Initialising DividendBot
2025-03-23 15:48:59.373 | INFO     | __main__:__init__:50 - Successfully loaded ticker information from C:\Users\peybo\PycharmProjects\twitter_auto\weekdays\../config/top_3000_tickers.csv
2025-03-23 15:48:59.377 | INFO     | __main__:run:247 - Starting DividendBot workflow
2025-03-23 15:49:01.604 | INFO     | __main__:run:259 - Retrieved 0 dividend tickers
2025-03-23 15:49:01.606 | INFO     | utils.utils:post_twitter:37 - Tweet lenght: 113
2025-03-23 15:49:02.035 | INFO     | utils.utils:send_telegram_message:243 - Using bot_token: 6379257583...
2025-03-23 15:49:02.035 | INFO     | utils.utils:send_telegram_message:244 - Sending to chat_id: -1002313822545
2025-03-23 15:49:02.044 | INFO     | utils.utils:send_telegram_message:265 - Attempting to send message to Telegram
2025-03-23 15:49:02.307 | INFO     | utils.utils:send_telegram_message:271 - Message sent successfully. Status code: 200
2025-03-23 15:49:02.308 | SUCCESS  | utils.utils:post_twitter:42 - Tweet posted: #Today Sunday, 23rd of March, There are not #Scheduled #Dividends #Payments for #SP500 and #Nasdaq100 #Companies.
2025-03-23 15:49:02.310 | INFO     | utils.utils:post_twitter:49 - Pausing for 233 seconds to maintain proper intervals between Twitter posts.
2025-03-23 15:52:55.318 | INFO     | __main__:run:266 - Posted no dividends message
