2025-01-17 11:26:10.420 | INFO     | weekdays.Dividends:__init__:26 - Initializing DividendBot
2025-01-17 11:26:10.498 | INFO     | weekdays.Dividends:__init__:50 - Successfully loaded ticker information from config/top_3000_tickers.csv
2025-01-17 11:26:10.498 | INFO     | weekdays.Dividends:run:247 - Starting DividendBot workflow
2025-01-17 11:26:13.388 | INFO     | utils.utils:get_dividend_calendar:173 - Found 500 dividend entries for tracked tickers
2025-01-17 11:26:13.388 | INFO     | utils.utils:get_dividend_calendar:176 - Searching for companies that publish dividends today 2025-01-17 11:26:10.435730
2025-01-17 11:26:13.404 | INFO     | weekdays.Dividends:run:259 - Retrieved 0 dividend tickers
2025-01-17 11:26:13.404 | INFO     | utils.utils:post_twitter:35 - Tweet lenght: 115
2025-01-17 11:26:13.764 | INFO     | utils.utils:send_telegram_message:219 - Using bot_token: 6379257583...
2025-01-17 11:26:13.779 | INFO     | utils.utils:send_telegram_message:220 - Sending to chat_id: -1002313822545
2025-01-17 11:26:13.779 | INFO     | utils.utils:send_telegram_message:241 - Attempting to send message to Telegram
2025-01-17 11:26:14.217 | INFO     | utils.utils:send_telegram_message:247 - Message sent successfully. Status code: 200
2025-01-17 11:26:14.217 | SUCCESS  | utils.utils:post_twitter:39 - Tweet posted: #Today Friday, 17th of January, There are not #Scheduled #Dividends #Payments for #SP500 and #Nasdaq100 #Companies.
2025-01-17 11:26:14.232 | INFO     | weekdays.Dividends:run:266 - Posted no dividends message
2025-01-17 11:28:14.250 | INFO     | weekdays.Splits:__init__:26 - Initializing SplitBot
2025-01-17 11:28:14.281 | INFO     | weekdays.Splits:__init__:47 - Successfully loaded ticker information from config/top_3000_tickers.csv
2025-01-17 11:28:14.281 | INFO     | weekdays.Splits:run:243 - Starting SplitBot workflow
2025-01-17 11:28:16.047 | INFO     | weekdays.Splits:run:249 - No splits scheduled for today
2025-01-17 11:38:47.420 | INFO     | weekdays.Dividends:__init__:26 - Initializing DividendBot
2025-01-17 11:38:47.454 | INFO     | weekdays.Dividends:__init__:50 - Successfully loaded ticker information from config/top_3000_tickers.csv
2025-01-17 11:38:47.454 | INFO     | weekdays.Dividends:run:247 - Starting DividendBot workflow
2025-01-17 11:38:50.283 | INFO     | utils.utils:get_dividend_calendar:173 - Found 500 dividend entries for tracked tickers
2025-01-17 11:38:50.283 | INFO     | utils.utils:get_dividend_calendar:176 - Searching for companies that publish dividends today 2025-01-17 11:38:47.423199
2025-01-17 11:38:50.299 | INFO     | weekdays.Dividends:run:259 - Retrieved 0 dividend tickers
2025-01-17 11:38:50.304 | INFO     | utils.utils:post_twitter:35 - Tweet lenght: 115
2025-01-17 11:38:50.600 | ERROR    | utils.utils:post_twitter:41 - 403 Forbidden
You are not allowed to create a Tweet with duplicate content.
2025-01-17 11:38:50.600 | INFO     | utils.utils:send_telegram_message:219 - Using bot_token: 6379257583...
2025-01-17 11:38:50.610 | INFO     | utils.utils:send_telegram_message:220 - Sending to chat_id: -1002313822545
2025-01-17 11:38:50.616 | INFO     | utils.utils:send_telegram_message:241 - Attempting to send message to Telegram
2025-01-17 11:38:50.886 | INFO     | utils.utils:send_telegram_message:247 - Message sent successfully. Status code: 200
2025-01-17 11:38:50.886 | INFO     | weekdays.Dividends:run:266 - Posted no dividends message
2025-01-17 11:40:50.896 | INFO     | weekdays.Splits:__init__:26 - Initializing SplitBot
2025-01-17 11:40:50.917 | INFO     | weekdays.Splits:__init__:47 - Successfully loaded ticker information from config/top_3000_tickers.csv
2025-01-17 11:40:50.917 | INFO     | weekdays.Splits:run:243 - Starting SplitBot workflow
2025-01-17 11:40:52.645 | INFO     | weekdays.Splits:run:249 - No splits scheduled for today
