2025-01-17 11:23:54.478 | INFO     | weekdays.Earnings:__init__:24 - Intilizing Earnings
2025-01-17 11:23:54.494 | INFO     | weekdays.Earnings:run:161 - Starting EarningsBot workflow
2025-01-17 11:23:57.695 | INFO     | utils.utils:get_earnings_calendar:118 - dataframe: 
           date symbol  eps  ...  revenueEstimated fiscalDateEnding  updatedFromDate
197  2025-01-17   HBAN  NaN  ...      1.870670e+09       2024-12-30       2025-01-17
267  2025-01-17    CFG  NaN  ...      1.962330e+09       2024-12-30       2025-01-15
275  2025-01-17    TFC  NaN  ...      5.047370e+09       2024-12-30       2025-01-17
288  2025-01-17     RF  NaN  ...      1.857300e+09       2024-12-30       2025-01-17
313  2025-01-17    SLB  NaN  ...      9.241140e+09       2024-12-30       2025-01-17

[5 rows x 9 columns]
2025-01-17 11:24:09.736 | INFO     | weekdays.Earnings:run:168 - Retrieved 7 tickers for earnings announcements
2025-01-17 11:24:09.736 | INFO     | weekdays.Earnings:run:171 - Initial Message:
2025-01-17 11:24:09.736 | INFO     | weekdays.Earnings:run:172 - #SP500 and #NASDAQ100 Companies that #publish #results today Friday, 17th of January of 2025: 
 #tickers -> $TFC $SLB $FAST $STT $HBAN $RF $CFG 
 More #information in the next tweets -> 

2025-01-17 11:24:09.743 | INFO     | utils.utils:post_twitter:35 - Tweet lenght: 187
2025-01-17 11:24:10.131 | INFO     | utils.utils:send_telegram_message:219 - Using bot_token: 6379257583...
2025-01-17 11:24:10.131 | INFO     | utils.utils:send_telegram_message:220 - Sending to chat_id: -1002313822545
2025-01-17 11:24:10.131 | INFO     | utils.utils:send_telegram_message:241 - Attempting to send message to Telegram
2025-01-17 11:24:10.353 | INFO     | utils.utils:send_telegram_message:247 - Message sent successfully. Status code: 200
2025-01-17 11:24:10.353 | SUCCESS  | utils.utils:post_twitter:39 - Tweet posted: #SP500 and #NASDAQ100 Companies that #publish #results today Friday, 17th of January of 2025: 
 #tickers -> $TFC $SLB $FAST $STT $HBAN $RF $CFG 
 More #information in the next tweets -> 

2025-01-17 11:24:10.384 | ERROR    | weekdays.Earnings:calculate_performance_score:75 - Error calculating performance score for TFC: unsupported operand type(s) for -: 'str' and 'datetime.timedelta'
2025-01-17 11:24:10.384 | ERROR    | weekdays.Earnings:calculate_performance_score:75 - Error calculating performance score for SLB: unsupported operand type(s) for -: 'str' and 'datetime.timedelta'
2025-01-17 11:24:10.402 | ERROR    | weekdays.Earnings:calculate_performance_score:75 - Error calculating performance score for FAST: unsupported operand type(s) for -: 'str' and 'datetime.timedelta'
2025-01-17 11:24:10.402 | INFO     | weekdays.Earnings:run:203 - Completed EarningsBot workflow successfully
2025-01-17 11:26:10.420 | INFO     | weekdays.Dividends:__init__:26 - Initializing DividendBot
2025-01-17 11:26:10.498 | INFO     | weekdays.Dividends:__init__:50 - Successfully loaded ticker information from config/top_3000_tickers.csv
2025-01-17 11:26:10.498 | INFO     | weekdays.Dividends:run:247 - Starting DividendBot workflow
2025-01-17 11:26:13.388 | INFO     | utils.utils:get_dividend_calendar:173 - Found 500 dividend entries for tracked tickers
2025-01-17 11:26:13.388 | INFO     | utils.utils:get_dividend_calendar:176 - Searching for companies that publish dividends today 2025-01-17 11:26:10.435730
2025-01-17 11:26:13.404 | INFO     | weekdays.Dividends:run:259 - Retrieved 0 dividend tickers
2025-01-17 11:26:13.404 | INFO     | utils.utils:post_twitter:35 - Tweet lenght: 115
2025-01-17 11:26:13.764 | INFO     | utils.utils:send_telegram_message:219 - Using bot_token: 6379257583...
2025-01-17 11:26:13.779 | INFO     | utils.utils:send_telegram_message:220 - Sending to chat_id: -1002313822545
2025-01-17 11:26:13.779 | INFO     | utils.utils:send_telegram_message:241 - Attempting to send message to Telegram
2025-01-17 11:26:14.217 | INFO     | utils.utils:send_telegram_message:247 - Message sent successfully. Status code: 200
2025-01-17 11:26:14.217 | SUCCESS  | utils.utils:post_twitter:39 - Tweet posted: #Today Friday, 17th of January, There are not #Scheduled #Dividends #Payments for #SP500 and #Nasdaq100 #Companies.
2025-01-17 11:26:14.232 | INFO     | weekdays.Dividends:run:266 - Posted no dividends message
2025-01-17 11:28:14.250 | INFO     | weekdays.Splits:__init__:26 - Initializing SplitBot
2025-01-17 11:28:14.281 | INFO     | weekdays.Splits:__init__:47 - Successfully loaded ticker information from config/top_3000_tickers.csv
2025-01-17 11:28:14.281 | INFO     | weekdays.Splits:run:243 - Starting SplitBot workflow
2025-01-17 11:28:16.047 | INFO     | weekdays.Splits:run:249 - No splits scheduled for today
2025-01-17 11:34:13.366 | INFO     | weekdays.Earnings:__init__:21 - Intilizing Earnings
2025-01-17 11:34:13.366 | INFO     | weekdays.Earnings:run:159 - Starting EarningsBot workflow
2025-01-17 11:34:17.145 | INFO     | utils.utils:get_earnings_calendar:118 - dataframe: 
           date symbol  eps  ...  revenueEstimated fiscalDateEnding  updatedFromDate
178  2025-01-17     RF  NaN  ...      1.857300e+09       2024-12-30       2025-01-17
193  2025-01-17    STT  NaN  ...      3.267560e+09       2024-12-30       2025-01-17
200  2025-01-17    CFG  NaN  ...      1.962330e+09       2024-12-30       2025-01-15
206  2025-01-17   HBAN  NaN  ...      1.870670e+09       2024-12-30       2025-01-17
217  2025-01-17    SLB  NaN  ...      9.241140e+09       2024-12-30       2025-01-17

[5 rows x 9 columns]
2025-01-17 11:34:27.794 | INFO     | weekdays.Earnings:run:166 - Retrieved 7 tickers for earnings announcements
2025-01-17 11:34:27.794 | INFO     | weekdays.Earnings:run:169 - Initial Message:
2025-01-17 11:34:27.794 | INFO     | weekdays.Earnings:run:170 - #SP500 and #NASDAQ100 Companies that #publish #results today Friday, 17th of January of 2025: 
 #tickers -> $TFC $SLB $FAST $STT $HBAN $RF $CFG 
 More #information in the next tweets -> 

2025-01-17 11:34:27.803 | INFO     | utils.utils:post_twitter:35 - Tweet lenght: 187
2025-01-17 11:34:28.119 | ERROR    | utils.utils:post_twitter:41 - 403 Forbidden
You are not allowed to create a Tweet with duplicate content.
2025-01-17 11:34:28.119 | INFO     | utils.utils:send_telegram_message:219 - Using bot_token: 6379257583...
2025-01-17 11:34:28.119 | INFO     | utils.utils:send_telegram_message:220 - Sending to chat_id: -1002313822545
2025-01-17 11:34:28.134 | INFO     | utils.utils:send_telegram_message:241 - Attempting to send message to Telegram
2025-01-17 11:34:28.416 | INFO     | utils.utils:send_telegram_message:247 - Message sent successfully. Status code: 200
2025-01-17 11:34:30.107 | ERROR    | weekdays.Earnings:calculate_performance_score:73 - Error calculating performance score for TFC: 'Adj Close'
2025-01-17 11:34:30.440 | ERROR    | weekdays.Earnings:calculate_performance_score:73 - Error calculating performance score for SLB: 'Adj Close'
2025-01-17 11:34:30.728 | ERROR    | weekdays.Earnings:calculate_performance_score:73 - Error calculating performance score for FAST: 'Adj Close'
2025-01-17 11:34:30.728 | INFO     | weekdays.Earnings:run:201 - Completed EarningsBot workflow successfully
2025-01-17 11:36:30.966 | INFO     | weekdays.Earnings:__init__:21 - Intilizing Earnings
2025-01-17 11:36:30.966 | INFO     | weekdays.Earnings:run:159 - Starting EarningsBot workflow
2025-01-17 11:36:33.903 | INFO     | utils.utils:get_earnings_calendar:118 - dataframe: 
           date symbol  eps  ...  revenueEstimated fiscalDateEnding  updatedFromDate
184  2025-01-17    TFC  NaN  ...      5.047370e+09       2024-12-30       2025-01-17
199  2025-01-17    CFG  NaN  ...      1.962330e+09       2024-12-30       2025-01-15
243  2025-01-17    SLB  NaN  ...      9.241140e+09       2024-12-30       2025-01-17
293  2025-01-17   FAST  NaN  ...      1.841637e+09       2024-12-30       2025-01-16
348  2025-01-17     RF  NaN  ...      1.857300e+09       2024-12-30       2025-01-17

[5 rows x 9 columns]
2025-01-17 11:36:44.522 | INFO     | weekdays.Earnings:run:166 - Retrieved 7 tickers for earnings announcements
2025-01-17 11:36:44.522 | INFO     | weekdays.Earnings:run:169 - Initial Message:
2025-01-17 11:36:44.522 | INFO     | weekdays.Earnings:run:170 - #SP500 and #NASDAQ100 Companies that #publish #results today Friday, 17th of January of 2025: 
 #tickers -> $TFC $SLB $FAST $STT $HBAN $RF $CFG 
 More #information in the next tweets -> 

2025-01-17 11:36:44.522 | INFO     | utils.utils:post_twitter:35 - Tweet lenght: 187
2025-01-17 11:36:44.857 | ERROR    | utils.utils:post_twitter:41 - 403 Forbidden
You are not allowed to create a Tweet with duplicate content.
2025-01-17 11:36:44.857 | INFO     | utils.utils:send_telegram_message:219 - Using bot_token: 6379257583...
2025-01-17 11:36:44.872 | INFO     | utils.utils:send_telegram_message:220 - Sending to chat_id: -1002313822545
2025-01-17 11:36:44.872 | INFO     | utils.utils:send_telegram_message:241 - Attempting to send message to Telegram
2025-01-17 11:36:45.205 | INFO     | utils.utils:send_telegram_message:247 - Message sent successfully. Status code: 200
2025-01-17 11:36:46.758 | ERROR    | weekdays.Earnings:calculate_performance_score:73 - Error calculating performance score for TFC: 'Adj Close'
2025-01-17 11:36:47.076 | ERROR    | weekdays.Earnings:calculate_performance_score:73 - Error calculating performance score for SLB: 'Adj Close'
2025-01-17 11:36:47.394 | ERROR    | weekdays.Earnings:calculate_performance_score:73 - Error calculating performance score for FAST: 'Adj Close'
2025-01-17 11:36:47.394 | INFO     | weekdays.Earnings:run:201 - Completed EarningsBot workflow successfully
2025-01-17 11:38:47.420 | INFO     | weekdays.Dividends:__init__:26 - Initializing DividendBot
2025-01-17 11:38:47.454 | INFO     | weekdays.Dividends:__init__:50 - Successfully loaded ticker information from config/top_3000_tickers.csv
2025-01-17 11:38:47.454 | INFO     | weekdays.Dividends:run:247 - Starting DividendBot workflow
2025-01-17 11:38:50.283 | INFO     | utils.utils:get_dividend_calendar:173 - Found 500 dividend entries for tracked tickers
2025-01-17 11:38:50.283 | INFO     | utils.utils:get_dividend_calendar:176 - Searching for companies that publish dividends today 2025-01-17 11:38:47.423199
2025-01-17 11:38:50.299 | INFO     | weekdays.Dividends:run:259 - Retrieved 0 dividend tickers
2025-01-17 11:38:50.304 | INFO     | utils.utils:post_twitter:35 - Tweet lenght: 115
2025-01-17 11:38:50.600 | ERROR    | utils.utils:post_twitter:41 - 403 Forbidden
You are not allowed to create a Tweet with duplicate content.
2025-01-17 11:38:50.600 | INFO     | utils.utils:send_telegram_message:219 - Using bot_token: 6379257583...
2025-01-17 11:38:50.610 | INFO     | utils.utils:send_telegram_message:220 - Sending to chat_id: -1002313822545
2025-01-17 11:38:50.616 | INFO     | utils.utils:send_telegram_message:241 - Attempting to send message to Telegram
2025-01-17 11:38:50.886 | INFO     | utils.utils:send_telegram_message:247 - Message sent successfully. Status code: 200
2025-01-17 11:38:50.886 | INFO     | weekdays.Dividends:run:266 - Posted no dividends message
2025-01-17 11:40:50.896 | INFO     | weekdays.Splits:__init__:26 - Initializing SplitBot
2025-01-17 11:40:50.917 | INFO     | weekdays.Splits:__init__:47 - Successfully loaded ticker information from config/top_3000_tickers.csv
2025-01-17 11:40:50.917 | INFO     | weekdays.Splits:run:243 - Starting SplitBot workflow
2025-01-17 11:40:52.645 | INFO     | weekdays.Splits:run:249 - No splits scheduled for today
