2025-01-14 00:43:52.449 | INFO     | __main__:__init__:36 - Initializing Main
2025-01-14 00:43:52.450 | INFO     | __main__:is_weekend:105 - Tuesday is a weekday. The market could be open.
2025-01-14 00:43:52.881 | INFO     | __main__:is_market_open:84 - Today (Tuesday, 14 of January) the market is open from 09:30 a.m. ET to 04:00 p.m. ET.
2025-01-14 00:43:52.882 | INFO     | __main__:run:116 - Today the market opens
2025-01-14 02:26:33.276 | INFO     | __main__:__init__:37 - Initializing Main
2025-01-14 02:26:33.276 | INFO     | __main__:is_weekend:107 - Tuesday is a weekday. The market could be open.
2025-01-14 02:26:33.787 | INFO     | __main__:is_market_open:86 - Today Tuesday, 14 of January the market is open from 09:30 a.m. ET to 04:00 p.m. ET.
2025-01-14 02:26:34.067 | ERROR    | utils.utils:post_twitter:39 - 429 Too Many Requests
Too Many Requests
2025-01-14 02:26:34.067 | INFO     | utils.utils:send_telegram_message:217 - Using bot_token: 6379257583...
2025-01-14 02:26:34.067 | INFO     | utils.utils:send_telegram_message:218 - Sending to chat_id: -1002313822545
2025-01-14 02:26:34.067 | INFO     | utils.utils:send_telegram_message:239 - Attempting to send message to Telegram
2025-01-14 02:26:34.257 | INFO     | utils.utils:send_telegram_message:245 - Message sent successfully. Status code: 200
2025-01-14 02:26:34.257 | INFO     | __main__:run:118 - Today the market opens
2025-01-14 02:26:34.257 | INFO     | __main__:run:149 - Nothing to post...
2025-01-14 02:26:34.263 | INFO     | utils.utils:send_telegram_message:217 - Using bot_token: 6379257583...
2025-01-14 02:26:34.264 | INFO     | utils.utils:send_telegram_message:218 - Sending to chat_id: -1002313822545
2025-01-14 02:26:34.264 | INFO     | utils.utils:send_telegram_message:239 - Attempting to send message to Telegram
2025-01-14 02:26:34.446 | INFO     | utils.utils:send_telegram_message:245 - Message sent successfully. Status code: 200
2025-01-14 02:27:01.920 | INFO     | __main__:__init__:37 - Initializing Main
2025-01-14 02:27:01.920 | INFO     | __main__:is_weekend:107 - Tuesday is a weekday. The market could be open.
2025-01-14 02:27:02.394 | INFO     | __main__:is_market_open:86 - Today Tuesday, 14 of January the market is open from 09:30 a.m. ET to 04:00 p.m. ET.
2025-01-14 02:27:02.640 | ERROR    | utils.utils:post_twitter:39 - 429 Too Many Requests
Too Many Requests
2025-01-14 02:27:02.640 | INFO     | utils.utils:send_telegram_message:217 - Using bot_token: 6379257583...
2025-01-14 02:27:02.641 | INFO     | utils.utils:send_telegram_message:218 - Sending to chat_id: -1002313822545
2025-01-14 02:27:02.641 | INFO     | utils.utils:send_telegram_message:239 - Attempting to send message to Telegram
2025-01-14 02:27:02.831 | INFO     | utils.utils:send_telegram_message:245 - Message sent successfully. Status code: 200
2025-01-14 02:27:02.832 | INFO     | __main__:run:118 - Today the market opens
2025-01-14 02:27:02.832 | INFO     | __main__:run:149 - Nothing to post...
2025-01-14 02:27:02.832 | INFO     | utils.utils:send_telegram_message:217 - Using bot_token: 6379257583...
2025-01-14 02:27:02.832 | INFO     | utils.utils:send_telegram_message:218 - Sending to chat_id: -1002313822545
2025-01-14 02:27:02.832 | INFO     | utils.utils:send_telegram_message:239 - Attempting to send message to Telegram
2025-01-14 02:27:03.022 | INFO     | utils.utils:send_telegram_message:245 - Message sent successfully. Status code: 200
2025-01-14 01:58:02.634 | INFO     | __main__:__init__:36 - Initializing Main
2025-01-14 01:58:02.635 | INFO     | __main__:is_weekend:106 - Tuesday is a weekday. The market could be open.
2025-01-14 01:58:03.036 | INFO     | __main__:is_market_open:85 - Today Tuesday, 14 of January the market is open from 09:30 a.m. ET to 04:00 p.m. ET.
2025-01-14 01:58:03.216 | ERROR    | utils.utils:post_twitter:39 - 429 Too Many Requests
Too Many Requests
2025-01-14 01:58:03.217 | INFO     | utils.utils:send_telegram_message:217 - Using bot_token: 6379257583...
2025-01-14 01:58:03.217 | INFO     | utils.utils:send_telegram_message:218 - Sending to chat_id: -1002313822545
2025-01-14 01:58:03.218 | INFO     | utils.utils:send_telegram_message:239 - Attempting to send message to Telegram
2025-01-14 01:58:03.382 | INFO     | utils.utils:send_telegram_message:245 - Message sent successfully. Status code: 200
2025-01-14 01:58:03.384 | INFO     | __main__:run:117 - Today the market opens
2025-01-14 01:58:03.384 | INFO     | __main__:run:148 - Nothing to post...
2025-01-14 01:58:03.384 | INFO     | utils.utils:send_telegram_message:217 - Using bot_token: 6379257583...
2025-01-14 01:58:03.385 | INFO     | utils.utils:send_telegram_message:218 - Sending to chat_id: -1002313822545
2025-01-14 01:58:03.385 | INFO     | utils.utils:send_telegram_message:239 - Attempting to send message to Telegram
2025-01-14 01:58:03.544 | INFO     | utils.utils:send_telegram_message:245 - Message sent successfully. Status code: 200
2025-01-14 23:45:43.470 | INFO     | __main__:__init__:41 - Initializing Main
2025-01-14 23:45:43.470 | INFO     | __main__:is_weekend:111 - Tuesday is a weekday. The market could be open.
2025-01-14 23:45:43.995 | INFO     | __main__:is_market_open:90 - Today Tuesday, 14 of January the market is open from 09:30 a.m. ET to 04:00 p.m. ET.
2025-01-14 23:45:44.006 | INFO     | utils.utils:post_twitter:35 - Tweet lenght: 82
2025-01-14 23:45:44.262 | ERROR    | utils.utils:post_twitter:41 - 429 Too Many Requests
Too Many Requests
2025-01-14 23:45:44.266 | INFO     | utils.utils:send_telegram_message:219 - Using bot_token: 6379257583...
2025-01-14 23:45:44.266 | INFO     | utils.utils:send_telegram_message:220 - Sending to chat_id: -1002313822545
2025-01-14 23:45:44.272 | INFO     | utils.utils:send_telegram_message:241 - Attempting to send message to Telegram
2025-01-14 23:45:44.503 | INFO     | utils.utils:send_telegram_message:247 - Message sent successfully. Status code: 200
2025-01-14 23:45:44.508 | INFO     | __main__:run:122 - Today the market opens
2025-01-14 23:45:44.508 | INFO     | __main__:run:153 - Nothing to post...
2025-01-14 23:45:44.508 | INFO     | utils.utils:send_telegram_message:219 - Using bot_token: 6379257583...
2025-01-14 23:45:44.514 | INFO     | utils.utils:send_telegram_message:220 - Sending to chat_id: -1002313822545
2025-01-14 23:45:44.514 | INFO     | utils.utils:send_telegram_message:241 - Attempting to send message to Telegram
2025-01-14 23:45:44.677 | INFO     | utils.utils:send_telegram_message:247 - Message sent successfully. Status code: 200
2025-01-17 11:22:22.741 | INFO     | __main__:__init__:41 - Initializing Main
2025-01-17 11:22:22.741 | INFO     | __main__:is_weekend:111 - Friday is a weekday. The market could be open.
2025-01-17 11:22:23.278 | INFO     | __main__:is_market_open:90 - Today Friday, 17 of January the market is open from 09:30 a.m. ET to 04:00 p.m. ET.
2025-01-17 11:22:23.294 | INFO     | utils.utils:post_twitter:35 - Tweet lenght: 81
2025-01-17 11:22:23.647 | ERROR    | utils.utils:post_twitter:41 - 403 Forbidden
You are not allowed to create a Tweet with duplicate content.
2025-01-17 11:22:23.647 | INFO     | utils.utils:send_telegram_message:219 - Using bot_token: 6379257583...
2025-01-17 11:22:23.647 | INFO     | utils.utils:send_telegram_message:220 - Sending to chat_id: -1002313822545
2025-01-17 11:22:23.647 | INFO     | utils.utils:send_telegram_message:241 - Attempting to send message to Telegram
2025-01-17 11:22:23.899 | INFO     | utils.utils:send_telegram_message:247 - Message sent successfully. Status code: 200
2025-01-17 11:23:06.414 | INFO     | __main__:__init__:41 - Initializing Main
2025-01-17 11:23:06.414 | INFO     | __main__:is_weekend:111 - Friday is a weekday. The market could be open.
2025-01-17 11:23:07.064 | INFO     | __main__:is_market_open:90 - Today Friday, 17 of January the market is open from 09:30 a.m. ET to 04:00 p.m. ET.
2025-01-17 11:23:07.079 | INFO     | utils.utils:post_twitter:35 - Tweet lenght: 81
2025-01-17 11:23:07.382 | ERROR    | utils.utils:post_twitter:41 - 403 Forbidden
You are not allowed to create a Tweet with duplicate content.
2025-01-17 11:23:07.382 | INFO     | utils.utils:send_telegram_message:219 - Using bot_token: 6379257583...
2025-01-17 11:23:07.382 | INFO     | utils.utils:send_telegram_message:220 - Sending to chat_id: -1002313822545
2025-01-17 11:23:07.398 | INFO     | utils.utils:send_telegram_message:241 - Attempting to send message to Telegram
2025-01-17 11:23:07.648 | INFO     | utils.utils:send_telegram_message:247 - Message sent successfully. Status code: 200
2025-01-17 11:23:07.648 | INFO     | __main__:run:122 - Today the market opens
2025-01-17 11:23:53.321 | INFO     | __main__:__init__:41 - Initializing Main
2025-01-17 11:23:53.321 | INFO     | __main__:is_weekend:111 - Friday is a weekday. The market could be open.
2025-01-17 11:23:53.874 | INFO     | __main__:is_market_open:90 - Today Friday, 17 of January the market is open from 09:30 a.m. ET to 04:00 p.m. ET.
2025-01-17 11:23:53.874 | INFO     | utils.utils:post_twitter:35 - Tweet lenght: 81
2025-01-17 11:23:54.193 | ERROR    | utils.utils:post_twitter:41 - 403 Forbidden
You are not allowed to create a Tweet with duplicate content.
2025-01-17 11:23:54.193 | INFO     | utils.utils:send_telegram_message:219 - Using bot_token: 6379257583...
2025-01-17 11:23:54.193 | INFO     | utils.utils:send_telegram_message:220 - Sending to chat_id: -1002313822545
2025-01-17 11:23:54.193 | INFO     | utils.utils:send_telegram_message:241 - Attempting to send message to Telegram
2025-01-17 11:23:54.478 | INFO     | utils.utils:send_telegram_message:247 - Message sent successfully. Status code: 200
2025-01-17 11:23:54.478 | INFO     | __main__:run:122 - Today the market opens
2025-01-17 11:23:54.478 | INFO     | __main__:run:126 - Running Earnings + Dividends + Splits
2025-01-17 11:23:54.478 | INFO     | weekdays.Earnings:__init__:24 - Intilizing Earnings
2025-01-17 11:23:54.494 | INFO     | weekdays.Earnings:run:161 - Starting EarningsBot workflow
2025-01-17 11:23:57.695 | INFO     | utils.utils:get_earnings_calendar:118 - dataframe: 
           date symbol  eps  ...  revenueEstimated fiscalDateEnding  updatedFromDate
197  2025-01-17   HBAN  NaN  ...      1.870670e+09       2024-12-30       2025-01-17
267  2025-01-17    CFG  NaN  ...      1.962330e+09       2024-12-30       2025-01-15
275  2025-01-17    TFC  NaN  ...      5.047370e+09       2024-12-30       2025-01-17
288  2025-01-17     RF  NaN  ...      1.857300e+09       2024-12-30       2025-01-17
313  2025-01-17    SLB  NaN  ...      9.241140e+09       2024-12-30       2025-01-17

[5 rows x 9 columns]
2025-01-17 11:24:09.736 | INFO     | weekdays.Earnings:run:168 - Retrieved 7 tickers for earnings announcements
2025-01-17 11:24:09.736 | INFO     | weekdays.Earnings:run:171 - Initial Message:
2025-01-17 11:24:09.736 | INFO     | weekdays.Earnings:run:172 - #SP500 and #NASDAQ100 Companies that #publish #results today Friday, 17th of January of 2025: 
 #tickers -> $TFC $SLB $FAST $STT $HBAN $RF $CFG 
 More #information in the next tweets -> 

2025-01-17 11:24:09.743 | INFO     | utils.utils:post_twitter:35 - Tweet lenght: 187
2025-01-17 11:24:10.131 | INFO     | utils.utils:send_telegram_message:219 - Using bot_token: 6379257583...
2025-01-17 11:24:10.131 | INFO     | utils.utils:send_telegram_message:220 - Sending to chat_id: -1002313822545
2025-01-17 11:24:10.131 | INFO     | utils.utils:send_telegram_message:241 - Attempting to send message to Telegram
2025-01-17 11:24:10.353 | INFO     | utils.utils:send_telegram_message:247 - Message sent successfully. Status code: 200
2025-01-17 11:24:10.353 | SUCCESS  | utils.utils:post_twitter:39 - Tweet posted: #SP500 and #NASDAQ100 Companies that #publish #results today Friday, 17th of January of 2025: 
 #tickers -> $TFC $SLB $FAST $STT $HBAN $RF $CFG 
 More #information in the next tweets -> 

2025-01-17 11:24:10.384 | ERROR    | weekdays.Earnings:calculate_performance_score:75 - Error calculating performance score for TFC: unsupported operand type(s) for -: 'str' and 'datetime.timedelta'
2025-01-17 11:24:10.384 | ERROR    | weekdays.Earnings:calculate_performance_score:75 - Error calculating performance score for SLB: unsupported operand type(s) for -: 'str' and 'datetime.timedelta'
2025-01-17 11:24:10.402 | ERROR    | weekdays.Earnings:calculate_performance_score:75 - Error calculating performance score for FAST: unsupported operand type(s) for -: 'str' and 'datetime.timedelta'
2025-01-17 11:24:10.402 | INFO     | weekdays.Earnings:run:203 - Completed EarningsBot workflow successfully
2025-01-17 11:26:10.420 | INFO     | weekdays.Dividends:__init__:26 - Initializing DividendBot
2025-01-17 11:26:10.498 | INFO     | weekdays.Dividends:__init__:50 - Successfully loaded ticker information from config/top_3000_tickers.csv
2025-01-17 11:26:10.498 | INFO     | weekdays.Dividends:run:247 - Starting DividendBot workflow
2025-01-17 11:26:13.388 | INFO     | utils.utils:get_dividend_calendar:173 - Found 500 dividend entries for tracked tickers
2025-01-17 11:26:13.388 | INFO     | utils.utils:get_dividend_calendar:176 - Searching for companies that publish dividends today 2025-01-17 11:26:10.435730
2025-01-17 11:26:13.404 | INFO     | weekdays.Dividends:run:259 - Retrieved 0 dividend tickers
2025-01-17 11:26:13.404 | INFO     | utils.utils:post_twitter:35 - Tweet lenght: 115
2025-01-17 11:26:13.764 | INFO     | utils.utils:send_telegram_message:219 - Using bot_token: 6379257583...
2025-01-17 11:26:13.779 | INFO     | utils.utils:send_telegram_message:220 - Sending to chat_id: -1002313822545
2025-01-17 11:26:13.779 | INFO     | utils.utils:send_telegram_message:241 - Attempting to send message to Telegram
2025-01-17 11:26:14.217 | INFO     | utils.utils:send_telegram_message:247 - Message sent successfully. Status code: 200
2025-01-17 11:26:14.217 | SUCCESS  | utils.utils:post_twitter:39 - Tweet posted: #Today Friday, 17th of January, There are not #Scheduled #Dividends #Payments for #SP500 and #Nasdaq100 #Companies.
2025-01-17 11:26:14.232 | INFO     | weekdays.Dividends:run:266 - Posted no dividends message
2025-01-17 11:28:14.250 | INFO     | weekdays.Splits:__init__:26 - Initializing SplitBot
2025-01-17 11:28:14.281 | INFO     | weekdays.Splits:__init__:47 - Successfully loaded ticker information from config/top_3000_tickers.csv
2025-01-17 11:28:14.281 | INFO     | weekdays.Splits:run:243 - Starting SplitBot workflow
2025-01-17 11:28:16.047 | INFO     | weekdays.Splits:run:249 - No splits scheduled for today
2025-01-17 11:34:12.072 | INFO     | __main__:__init__:41 - Initializing Main
2025-01-17 11:34:12.072 | INFO     | __main__:is_weekend:111 - Friday is a weekday. The market could be open.
2025-01-17 11:34:12.640 | INFO     | __main__:is_market_open:90 - Today Friday, 17 of January the market is open from 09:30 a.m. ET to 04:00 p.m. ET.
2025-01-17 11:34:12.640 | INFO     | utils.utils:post_twitter:35 - Tweet lenght: 81
2025-01-17 11:34:12.959 | ERROR    | utils.utils:post_twitter:41 - 403 Forbidden
You are not allowed to create a Tweet with duplicate content.
2025-01-17 11:34:12.959 | INFO     | utils.utils:send_telegram_message:219 - Using bot_token: 6379257583...
2025-01-17 11:34:12.959 | INFO     | utils.utils:send_telegram_message:220 - Sending to chat_id: -1002313822545
2025-01-17 11:34:12.959 | INFO     | utils.utils:send_telegram_message:241 - Attempting to send message to Telegram
2025-01-17 11:34:13.335 | INFO     | utils.utils:send_telegram_message:247 - Message sent successfully. Status code: 200
2025-01-17 11:34:13.335 | INFO     | __main__:run:122 - Today the market opens
2025-01-17 11:34:13.335 | INFO     | __main__:run:126 - Running Earnings + Dividends + Splits
2025-01-17 11:34:13.366 | INFO     | weekdays.Earnings:__init__:21 - Intilizing Earnings
2025-01-17 11:34:13.366 | INFO     | weekdays.Earnings:run:159 - Starting EarningsBot workflow
2025-01-17 11:34:17.145 | INFO     | utils.utils:get_earnings_calendar:118 - dataframe: 
           date symbol  eps  ...  revenueEstimated fiscalDateEnding  updatedFromDate
178  2025-01-17     RF  NaN  ...      1.857300e+09       2024-12-30       2025-01-17
193  2025-01-17    STT  NaN  ...      3.267560e+09       2024-12-30       2025-01-17
200  2025-01-17    CFG  NaN  ...      1.962330e+09       2024-12-30       2025-01-15
206  2025-01-17   HBAN  NaN  ...      1.870670e+09       2024-12-30       2025-01-17
217  2025-01-17    SLB  NaN  ...      9.241140e+09       2024-12-30       2025-01-17

[5 rows x 9 columns]
2025-01-17 11:34:27.794 | INFO     | weekdays.Earnings:run:166 - Retrieved 7 tickers for earnings announcements
2025-01-17 11:34:27.794 | INFO     | weekdays.Earnings:run:169 - Initial Message:
2025-01-17 11:34:27.794 | INFO     | weekdays.Earnings:run:170 - #SP500 and #NASDAQ100 Companies that #publish #results today Friday, 17th of January of 2025: 
 #tickers -> $TFC $SLB $FAST $STT $HBAN $RF $CFG 
 More #information in the next tweets -> 

2025-01-17 11:34:27.803 | INFO     | utils.utils:post_twitter:35 - Tweet lenght: 187
2025-01-17 11:34:28.119 | ERROR    | utils.utils:post_twitter:41 - 403 Forbidden
You are not allowed to create a Tweet with duplicate content.
2025-01-17 11:34:28.119 | INFO     | utils.utils:send_telegram_message:219 - Using bot_token: 6379257583...
2025-01-17 11:34:28.119 | INFO     | utils.utils:send_telegram_message:220 - Sending to chat_id: -1002313822545
2025-01-17 11:34:28.134 | INFO     | utils.utils:send_telegram_message:241 - Attempting to send message to Telegram
2025-01-17 11:34:28.416 | INFO     | utils.utils:send_telegram_message:247 - Message sent successfully. Status code: 200
2025-01-17 11:34:30.107 | ERROR    | weekdays.Earnings:calculate_performance_score:73 - Error calculating performance score for TFC: 'Adj Close'
2025-01-17 11:34:30.440 | ERROR    | weekdays.Earnings:calculate_performance_score:73 - Error calculating performance score for SLB: 'Adj Close'
2025-01-17 11:34:30.728 | ERROR    | weekdays.Earnings:calculate_performance_score:73 - Error calculating performance score for FAST: 'Adj Close'
2025-01-17 11:34:30.728 | INFO     | weekdays.Earnings:run:201 - Completed EarningsBot workflow successfully
2025-01-17 11:36:29.857 | INFO     | __main__:__init__:41 - Initializing Main
2025-01-17 11:36:29.857 | INFO     | __main__:is_weekend:111 - Friday is a weekday. The market could be open.
2025-01-17 11:36:30.410 | INFO     | __main__:is_market_open:90 - Today Friday, 17 of January the market is open from 09:30 a.m. ET to 04:00 p.m. ET.
2025-01-17 11:36:30.410 | INFO     | utils.utils:post_twitter:35 - Tweet lenght: 81
2025-01-17 11:36:30.700 | ERROR    | utils.utils:post_twitter:41 - 403 Forbidden
You are not allowed to create a Tweet with duplicate content.
2025-01-17 11:36:30.700 | INFO     | utils.utils:send_telegram_message:219 - Using bot_token: 6379257583...
2025-01-17 11:36:30.700 | INFO     | utils.utils:send_telegram_message:220 - Sending to chat_id: -1002313822545
2025-01-17 11:36:30.713 | INFO     | utils.utils:send_telegram_message:241 - Attempting to send message to Telegram
2025-01-17 11:36:30.950 | INFO     | utils.utils:send_telegram_message:247 - Message sent successfully. Status code: 200
2025-01-17 11:36:30.950 | INFO     | __main__:run:122 - Today the market opens
2025-01-17 11:36:30.950 | INFO     | __main__:run:126 - Running Earnings + Dividends + Splits
2025-01-17 11:36:30.966 | INFO     | weekdays.Earnings:__init__:21 - Intilizing Earnings
2025-01-17 11:36:30.966 | INFO     | weekdays.Earnings:run:159 - Starting EarningsBot workflow
2025-01-17 11:36:33.903 | INFO     | utils.utils:get_earnings_calendar:118 - dataframe: 
           date symbol  eps  ...  revenueEstimated fiscalDateEnding  updatedFromDate
184  2025-01-17    TFC  NaN  ...      5.047370e+09       2024-12-30       2025-01-17
199  2025-01-17    CFG  NaN  ...      1.962330e+09       2024-12-30       2025-01-15
243  2025-01-17    SLB  NaN  ...      9.241140e+09       2024-12-30       2025-01-17
293  2025-01-17   FAST  NaN  ...      1.841637e+09       2024-12-30       2025-01-16
348  2025-01-17     RF  NaN  ...      1.857300e+09       2024-12-30       2025-01-17

[5 rows x 9 columns]
2025-01-17 11:36:44.522 | INFO     | weekdays.Earnings:run:166 - Retrieved 7 tickers for earnings announcements
2025-01-17 11:36:44.522 | INFO     | weekdays.Earnings:run:169 - Initial Message:
2025-01-17 11:36:44.522 | INFO     | weekdays.Earnings:run:170 - #SP500 and #NASDAQ100 Companies that #publish #results today Friday, 17th of January of 2025: 
 #tickers -> $TFC $SLB $FAST $STT $HBAN $RF $CFG 
 More #information in the next tweets -> 

2025-01-17 11:36:44.522 | INFO     | utils.utils:post_twitter:35 - Tweet lenght: 187
2025-01-17 11:36:44.857 | ERROR    | utils.utils:post_twitter:41 - 403 Forbidden
You are not allowed to create a Tweet with duplicate content.
2025-01-17 11:36:44.857 | INFO     | utils.utils:send_telegram_message:219 - Using bot_token: 6379257583...
2025-01-17 11:36:44.872 | INFO     | utils.utils:send_telegram_message:220 - Sending to chat_id: -1002313822545
2025-01-17 11:36:44.872 | INFO     | utils.utils:send_telegram_message:241 - Attempting to send message to Telegram
2025-01-17 11:36:45.205 | INFO     | utils.utils:send_telegram_message:247 - Message sent successfully. Status code: 200
2025-01-17 11:36:46.758 | ERROR    | weekdays.Earnings:calculate_performance_score:73 - Error calculating performance score for TFC: 'Adj Close'
2025-01-17 11:36:47.076 | ERROR    | weekdays.Earnings:calculate_performance_score:73 - Error calculating performance score for SLB: 'Adj Close'
2025-01-17 11:36:47.394 | ERROR    | weekdays.Earnings:calculate_performance_score:73 - Error calculating performance score for FAST: 'Adj Close'
2025-01-17 11:36:47.394 | INFO     | weekdays.Earnings:run:201 - Completed EarningsBot workflow successfully
2025-01-17 11:38:47.420 | INFO     | weekdays.Dividends:__init__:26 - Initializing DividendBot
2025-01-17 11:38:47.454 | INFO     | weekdays.Dividends:__init__:50 - Successfully loaded ticker information from config/top_3000_tickers.csv
2025-01-17 11:38:47.454 | INFO     | weekdays.Dividends:run:247 - Starting DividendBot workflow
2025-01-17 11:38:50.283 | INFO     | utils.utils:get_dividend_calendar:173 - Found 500 dividend entries for tracked tickers
2025-01-17 11:38:50.283 | INFO     | utils.utils:get_dividend_calendar:176 - Searching for companies that publish dividends today 2025-01-17 11:38:47.423199
2025-01-17 11:38:50.299 | INFO     | weekdays.Dividends:run:259 - Retrieved 0 dividend tickers
2025-01-17 11:38:50.304 | INFO     | utils.utils:post_twitter:35 - Tweet lenght: 115
2025-01-17 11:38:50.600 | ERROR    | utils.utils:post_twitter:41 - 403 Forbidden
You are not allowed to create a Tweet with duplicate content.
2025-01-17 11:38:50.600 | INFO     | utils.utils:send_telegram_message:219 - Using bot_token: 6379257583...
2025-01-17 11:38:50.610 | INFO     | utils.utils:send_telegram_message:220 - Sending to chat_id: -1002313822545
2025-01-17 11:38:50.616 | INFO     | utils.utils:send_telegram_message:241 - Attempting to send message to Telegram
2025-01-17 11:38:50.886 | INFO     | utils.utils:send_telegram_message:247 - Message sent successfully. Status code: 200
2025-01-17 11:38:50.886 | INFO     | weekdays.Dividends:run:266 - Posted no dividends message
2025-01-17 11:40:50.896 | INFO     | weekdays.Splits:__init__:26 - Initializing SplitBot
2025-01-17 11:40:50.917 | INFO     | weekdays.Splits:__init__:47 - Successfully loaded ticker information from config/top_3000_tickers.csv
2025-01-17 11:40:50.917 | INFO     | weekdays.Splits:run:243 - Starting SplitBot workflow
2025-01-17 11:40:52.645 | INFO     | weekdays.Splits:run:249 - No splits scheduled for today
