2026-02-23 09:31:33.827 | INFO     | weekdays.Dividends:__init__:28 - Initialising DividendBot
2026-02-23 09:31:33.834 | INFO     | weekdays.Dividends:__init__:52 - Successfully loaded ticker information from config/top_3000_tickers.csv
2026-02-23 09:31:33.834 | INFO     | weekdays.Dividends:run:256 - Starting DividendBot workflow
2026-02-23 09:31:34.263 | WARNING  | utils.utils:getting_nasdaq100_sp500_tickers:119 - NASDAQ API request failed with status 403
2026-02-23 09:31:34.264 | INFO     | utils.utils:get_dividends:190 - Today's date: 2026-02-23
2026-02-23 09:31:34.269 | INFO     | weekdays.Dividends:run:268 - Retrieved 0 dividend tickers
2026-02-23 09:31:34.269 | INFO     | utils.utils:post_twitter:38 - Tweet lenght: 130
2026-02-23 09:31:34.579 | SUCCESS  | utils.utils:post_twitter:46 - Tweet posted: #Today Monday, 23rd of February, There are not #Scheduled #Dividends #Payments for #SP500 and #Nasdaq100 #Companies.
@Grok context
2026-02-23 09:31:34.579 | INFO     | utils.utils:post_twitter:53 - Pausing for 282 seconds to maintain proper intervals between Twitter posts.
2026-02-23 09:31:34.579 | INFO     | weekdays.Dividends:run:275 - Posted no dividends message
2026-02-23 09:33:12.147 | INFO     | weekdays.Dividends:__init__:28 - Initialising DividendBot
2026-02-23 09:33:12.156 | INFO     | weekdays.Dividends:__init__:52 - Successfully loaded ticker information from config/top_3000_tickers.csv
2026-02-23 09:33:12.156 | INFO     | weekdays.Dividends:run:256 - Starting DividendBot workflow
2026-02-23 09:33:12.591 | WARNING  | utils.utils:getting_nasdaq100_sp500_tickers:119 - NASDAQ API request failed with status 403
2026-02-23 09:33:12.592 | INFO     | utils.utils:get_dividends:190 - Today's date: 2026-02-23
2026-02-23 09:33:12.599 | INFO     | weekdays.Dividends:run:268 - Retrieved 0 dividend tickers
2026-02-23 09:33:12.599 | INFO     | utils.utils:post_twitter:38 - Tweet lenght: 130
2026-02-23 09:33:12.820 | ERROR    | utils.utils:post_twitter:48 - 403 Forbidden
You are not allowed to create a Tweet with duplicate content.
2026-02-23 09:33:12.820 | ERROR    | utils.utils:post_twitter:50 - Tweet Error
Tweet Error
: 403 Forbidden
You are not allowed to create a Tweet with duplicate content.
#Today Monday, 23rd of February, There are not #Scheduled #Dividends #Payments for #SP500 and #Nasdaq100 #Companies.
@Grok context
2026-02-23 09:33:12.820 | INFO     | utils.utils:post_twitter:53 - Pausing for 594 seconds to maintain proper intervals between Twitter posts.
2026-02-23 09:33:12.821 | INFO     | weekdays.Dividends:run:275 - Posted no dividends message
2026-02-23 09:35:23.788 | INFO     | weekdays.Dividends:__init__:28 - Initialising DividendBot
2026-02-23 09:35:23.795 | INFO     | weekdays.Dividends:__init__:52 - Successfully loaded ticker information from config/top_3000_tickers.csv
2026-02-23 09:35:23.796 | INFO     | weekdays.Dividends:run:256 - Starting DividendBot workflow
2026-02-23 09:35:24.216 | WARNING  | utils.utils:getting_nasdaq100_sp500_tickers:119 - NASDAQ API request failed with status 403
2026-02-23 09:35:24.219 | INFO     | utils.utils:get_dividends:190 - Today's date: 2026-02-23
2026-02-23 09:35:24.228 | INFO     | weekdays.Dividends:run:268 - Retrieved 0 dividend tickers
2026-02-23 09:35:24.228 | INFO     | utils.utils:post_twitter:38 - Tweet lenght: 130
2026-02-23 09:35:24.453 | ERROR    | utils.utils:post_twitter:48 - 403 Forbidden
You are not allowed to create a Tweet with duplicate content.
2026-02-23 09:35:24.453 | ERROR    | utils.utils:post_twitter:50 - Tweet Error
Tweet Error
: 403 Forbidden
You are not allowed to create a Tweet with duplicate content.
#Today Monday, 23rd of February, There are not #Scheduled #Dividends #Payments for #SP500 and #Nasdaq100 #Companies.
@Grok context
2026-02-23 09:35:24.454 | INFO     | utils.utils:post_twitter:53 - Pausing for 347 seconds to maintain proper intervals between Twitter posts.
2026-02-23 09:35:24.454 | INFO     | weekdays.Dividends:run:275 - Posted no dividends message
2026-02-23 09:37:12.560 | INFO     | weekdays.Dividends:__init__:28 - Initialising DividendBot
2026-02-23 09:37:12.568 | INFO     | weekdays.Dividends:__init__:52 - Successfully loaded ticker information from config/top_3000_tickers.csv
2026-02-23 09:37:12.568 | INFO     | weekdays.Dividends:run:256 - Starting DividendBot workflow
2026-02-23 09:37:12.972 | WARNING  | utils.utils:getting_nasdaq100_sp500_tickers:128 - NASDAQ API request failed with status 403
2026-02-23 09:37:12.976 | INFO     | utils.utils:get_dividends:199 - Today's date: 2026-02-23
2026-02-23 09:37:12.987 | INFO     | weekdays.Dividends:run:268 - Retrieved 0 dividend tickers
2026-02-23 09:37:12.988 | INFO     | utils.utils:post_twitter:38 - Tweet lenght: 130
2026-02-23 09:37:13.210 | WARNING  | utils.utils:post_twitter:51 - Skipping duplicate tweet: #Today Monday, 23rd of February, There are not #Sc...
2026-02-23 09:37:13.211 | INFO     | utils.utils:post_twitter:62 - Pausing for 362 seconds to maintain proper intervals between Twitter posts.
2026-02-23 09:37:13.212 | INFO     | weekdays.Dividends:run:275 - Posted no dividends message
2026-02-23 09:38:19.850 | INFO     | weekdays.Dividends:__init__:28 - Initialising DividendBot
2026-02-23 09:38:19.860 | INFO     | weekdays.Dividends:__init__:52 - Successfully loaded ticker information from config/top_3000_tickers.csv
2026-02-23 09:38:19.861 | INFO     | weekdays.Dividends:run:256 - Starting DividendBot workflow
2026-02-23 09:38:20.269 | WARNING  | utils.utils:getting_nasdaq100_sp500_tickers:128 - NASDAQ API request failed with status 403
2026-02-23 09:38:20.369 | INFO     | utils.utils:get_dividends:199 - Today's date: 2026-02-23
2026-02-23 09:38:20.375 | INFO     | weekdays.Dividends:run:268 - Retrieved 0 dividend tickers
2026-02-23 09:38:20.375 | INFO     | utils.utils:post_twitter:38 - Tweet lenght: 130
2026-02-23 09:38:20.375 | INFO     | utils.utils:send_telegram_message:275 - Using bot_token: 6379257583...
2026-02-23 09:38:20.376 | INFO     | utils.utils:send_telegram_message:276 - Sending to chat_id: -1002313822545
2026-02-23 09:38:20.376 | INFO     | utils.utils:send_telegram_message:297 - Attempting to send message to Telegram
2026-02-23 09:38:20.552 | INFO     | utils.utils:send_telegram_message:303 - Message sent successfully. Status code: 200
2026-02-23 09:38:20.754 | WARNING  | utils.utils:post_twitter:51 - Skipping duplicate tweet: #Today Monday, 23rd of February, There are not #Sc...
2026-02-23 09:38:20.754 | INFO     | utils.utils:send_telegram_message:275 - Using bot_token: 6379257583...
2026-02-23 09:38:20.755 | INFO     | utils.utils:send_telegram_message:276 - Sending to chat_id: -1002313822545
2026-02-23 09:38:20.755 | INFO     | utils.utils:send_telegram_message:297 - Attempting to send message to Telegram
2026-02-23 09:38:20.890 | INFO     | utils.utils:send_telegram_message:303 - Message sent successfully. Status code: 200
2026-02-23 09:38:20.891 | INFO     | utils.utils:post_twitter:62 - Pausing for 358 seconds to maintain proper intervals between Twitter posts.
2026-02-23 09:38:20.891 | INFO     | weekdays.Dividends:run:275 - Posted no dividends message
2026-02-23 09:43:27.153 | INFO     | weekdays.Dividends:__init__:28 - Initialising DividendBot
2026-02-23 09:43:27.159 | INFO     | weekdays.Dividends:__init__:52 - Successfully loaded ticker information from config/top_3000_tickers.csv
2026-02-23 09:43:27.160 | INFO     | weekdays.Dividends:run:256 - Starting DividendBot workflow
2026-02-23 09:43:27.538 | WARNING  | utils.utils:getting_nasdaq100_sp500_tickers:139 - NASDAQ API request failed with status 403
2026-02-23 09:43:27.538 | INFO     | utils.utils:getting_nasdaq100_sp500_tickers:150 - Loaded 97 NASDAQ tickers from local file
2026-02-23 09:43:27.617 | INFO     | utils.utils:getting_nasdaq100_sp500_tickers:169 - Loaded 410 S&P 500 tickers from local file
2026-02-23 09:43:27.618 | INFO     | utils.utils:getting_nasdaq100_sp500_tickers:175 - Total unique tickers: 433
2026-02-23 09:43:27.618 | INFO     | utils.utils:get_dividends:232 - Today's date: 2026-02-23
2026-02-23 09:43:28.084 | INFO     | utils.utils:get_dividends:245 - ticker:MELI, dates:2018-01-16
2026-02-23 09:43:28.593 | INFO     | utils.utils:get_dividends:245 - ticker:MCO, dates:2026-03-13
2026-02-23 09:43:29.098 | INFO     | utils.utils:get_dividends:245 - ticker:AXP, dates:2026-02-10
2026-02-23 09:43:29.613 | INFO     | utils.utils:get_dividends:245 - ticker:GD, dates:2026-02-06
2026-02-23 09:43:30.141 | INFO     | utils.utils:get_dividends:245 - ticker:MPWR, dates:2026-04-15
2026-02-23 09:43:30.682 | INFO     | utils.utils:get_dividends:245 - ticker:MO, dates:2026-01-09
2026-02-23 09:43:31.209 | INFO     | utils.utils:get_dividends:245 - ticker:SEE, dates:2026-03-27
2026-02-23 09:43:31.726 | INFO     | utils.utils:get_dividends:245 - ticker:TFC, dates:2026-03-02
2026-02-23 09:43:32.234 | INFO     | utils.utils:get_dividends:245 - ticker:COP, dates:2026-03-02
2026-02-23 09:43:32.929 | INFO     | utils.utils:get_dividends:245 - ticker:GPC, dates:2026-04-02
2026-02-23 09:43:33.441 | INFO     | utils.utils:get_dividends:245 - ticker:J, dates:2026-03-20
2026-02-23 09:43:33.961 | INFO     | utils.utils:get_dividends:245 - ticker:WMB, dates:2026-03-30
2026-02-23 09:43:34.476 | INFO     | utils.utils:get_dividends:245 - ticker:UPS, dates:2026-03-05
2026-02-23 09:43:34.995 | INFO     | utils.utils:get_dividends:245 - ticker:ZTS, dates:2026-06-02
2026-02-23 09:43:35.510 | INFO     | utils.utils:get_dividends:245 - ticker:NWL, dates:2026-03-13
2026-02-23 09:43:36.030 | INFO     | utils.utils:get_dividends:245 - ticker:CAG, dates:2026-02-26
2026-02-23 09:43:36.551 | WARNING  | utils.utils:get_dividends:247 - Error ticker MNST. 'dividendDate'
2026-02-23 09:43:37.067 | INFO     | utils.utils:get_dividends:245 - ticker:KR, dates:2026-03-01
2026-02-23 09:43:37.593 | INFO     | utils.utils:get_dividends:245 - ticker:XOM, dates:2026-03-10
2026-02-23 09:43:38.139 | INFO     | utils.utils:get_dividends:245 - ticker:HLT, dates:2026-03-31
2026-02-23 09:43:38.661 | INFO     | utils.utils:get_dividends:245 - ticker:ED, dates:2026-03-16
2026-02-23 09:43:39.174 | WARNING  | utils.utils:get_dividends:247 - Error ticker ZS. 'dividendDate'
2026-02-23 09:43:39.872 | INFO     | utils.utils:get_dividends:245 - ticker:AEE, dates:2026-03-31
2026-02-23 09:43:40.416 | INFO     | utils.utils:get_dividends:245 - ticker:DAL, dates:2026-03-19
2026-02-23 09:43:40.958 | INFO     | utils.utils:get_dividends:245 - ticker:HSY, dates:2026-03-16
2026-02-23 09:43:41.591 | INFO     | utils.utils:get_dividends:245 - ticker:MTB, dates:2026-03-31
2026-02-23 09:43:42.124 | INFO     | utils.utils:get_dividends:245 - ticker:MRVL, dates:2026-01-29
2026-02-23 09:43:42.638 | INFO     | utils.utils:get_dividends:245 - ticker:ESS, dates:2026-04-15
2026-02-23 09:43:43.186 | INFO     | utils.utils:get_dividends:245 - ticker:CNP, dates:2026-03-12
2026-02-23 09:43:43.726 | INFO     | utils.utils:get_dividends:245 - ticker:NI, dates:2026-02-20
2026-02-23 09:43:44.265 | INFO     | utils.utils:get_dividends:245 - ticker:AMP, dates:2026-02-27
2026-02-23 09:43:44.798 | INFO     | utils.utils:get_dividends:245 - ticker:CB, dates:2026-01-02
2026-02-23 09:43:45.316 | WARNING  | utils.utils:get_dividends:247 - Error ticker TRMB. 'dividendDate'
2026-02-23 09:43:45.866 | WARNING  | utils.utils:get_dividends:247 - Error ticker VRTX. 'dividendDate'
2026-02-23 09:43:46.387 | WARNING  | utils.utils:get_dividends:247 - Error ticker TEAM. 'dividendDate'
2026-02-23 09:43:46.950 | WARNING  | utils.utils:get_dividends:247 - Error ticker MRNA. 'dividendDate'
2026-02-23 09:43:47.502 | WARNING  | utils.utils:get_dividends:247 - Error ticker WAT. 'dividendDate'
2026-02-23 09:43:48.042 | INFO     | utils.utils:get_dividends:245 - ticker:GM, dates:2026-03-19
2026-02-23 09:43:48.580 | INFO     | utils.utils:get_dividends:245 - ticker:CVS, dates:2026-02-02
2026-02-23 09:43:49.098 | INFO     | utils.utils:get_dividends:245 - ticker:EXC, dates:2026-03-13
2026-02-23 09:43:49.609 | WARNING  | utils.utils:get_dividends:247 - Error ticker FFIV. 'dividendDate'
2026-02-23 09:43:50.178 | INFO     | utils.utils:get_dividends:245 - ticker:AIZ, dates:2026-03-30
2026-02-23 09:43:50.693 | INFO     | utils.utils:get_dividends:245 - ticker:UDR, dates:2026-02-02
2026-02-23 09:43:51.221 | INFO     | utils.utils:get_dividends:245 - ticker:EQIX, dates:2026-03-18
2026-02-23 09:43:51.741 | INFO     | utils.utils:get_dividends:245 - ticker:REG, dates:2026-04-01
2026-02-23 09:43:52.262 | WARNING  | utils.utils:get_dividends:247 - Error ticker PANW. 'dividendDate'
2026-02-23 09:43:52.780 | INFO     | utils.utils:get_dividends:245 - ticker:RMD, dates:2026-03-16
2026-02-23 09:43:53.323 | WARNING  | utils.utils:get_dividends:247 - Error ticker HSIC. 'dividendDate'
2026-02-23 09:43:53.886 | WARNING  | utils.utils:get_dividends:247 - Error ticker TSLA. 'dividendDate'
2026-02-23 09:43:54.405 | INFO     | utils.utils:get_dividends:245 - ticker:INTC, dates:2024-09-01
2026-02-23 09:43:54.928 | WARNING  | utils.utils:get_dividends:247 - Error ticker CRL. 'dividendDate'
2026-02-23 09:43:55.478 | INFO     | utils.utils:get_dividends:245 - ticker:SYY, dates:2026-01-23
2026-02-23 09:43:56.005 | INFO     | utils.utils:get_dividends:245 - ticker:KDP, dates:2026-04-10
2026-02-23 09:43:56.534 | INFO     | utils.utils:get_dividends:245 - ticker:ITW, dates:2026-04-09
2026-02-23 09:43:57.074 | WARNING  | utils.utils:get_dividends:247 - Error ticker AKAM. 'dividendDate'
2026-02-23 09:43:57.651 | INFO     | utils.utils:get_dividends:245 - ticker:HON, dates:2026-03-13
2026-02-23 09:43:58.166 | INFO     | utils.utils:get_dividends:245 - ticker:MU, dates:2026-01-14
2026-02-23 09:43:58.704 | INFO     | utils.utils:get_dividends:245 - ticker:NKE, dates:2026-04-01
2026-02-23 09:43:59.250 | WARNING  | utils.utils:get_dividends:247 - Error ticker ABNB. 'dividendDate'
2026-02-23 09:43:59.765 | WARNING  | utils.utils:get_dividends:247 - Error ticker MTD. 'dividendDate'
2026-02-23 09:44:00.549 | WARNING  | utils.utils:get_dividends:247 - Error ticker BIO. 'dividendDate'
2026-02-23 09:44:01.148 | WARNING  | utils.utils:get_dividends:247 - Error ticker ANSS. HTTP Error 404: 
2026-02-23 09:44:01.682 | INFO     | utils.utils:get_dividends:245 - ticker:ETN, dates:2025-11-21
2026-02-23 09:44:02.192 | INFO     | utils.utils:get_dividends:245 - ticker:QCOM, dates:2026-03-26
2026-02-23 09:44:02.718 | INFO     | utils.utils:get_dividends:245 - ticker:KIM, dates:2026-03-19
2026-02-23 09:44:03.261 | WARNING  | utils.utils:get_dividends:247 - Error ticker BIIB. 'dividendDate'
2026-02-23 09:44:03.783 | INFO     | utils.utils:get_dividends:245 - ticker:NWS, dates:2026-04-08
2026-02-23 09:44:04.304 | INFO     | utils.utils:get_dividends:245 - ticker:GS, dates:2026-03-30
2026-02-23 09:44:04.813 | INFO     | utils.utils:get_dividends:245 - ticker:RSG, dates:2026-04-15
2026-02-23 09:44:05.331 | INFO     | utils.utils:get_dividends:245 - ticker:AMGN, dates:2026-03-06
2026-02-23 09:44:05.904 | INFO     | utils.utils:get_dividends:245 - ticker:PPG, dates:2026-03-12
2026-02-23 09:44:06.482 | INFO     | utils.utils:get_dividends:245 - ticker:ROL, dates:2026-03-10
2026-02-23 09:44:06.992 | INFO     | utils.utils:get_dividends:245 - ticker:CFG, dates:2026-02-18
2026-02-23 09:44:07.517 | INFO     | utils.utils:get_dividends:245 - ticker:MSI, dates:2026-01-15
2026-02-23 09:44:08.057 | INFO     | utils.utils:get_dividends:245 - ticker:TRV, dates:2026-03-31
2026-02-23 09:44:08.579 | INFO     | utils.utils:get_dividends:245 - ticker:BA, dates:2020-03-06
2026-02-23 09:44:09.104 | INFO     | utils.utils:get_dividends:245 - ticker:DOV, dates:2026-03-13
2026-02-23 09:44:09.640 | INFO     | utils.utils:get_dividends:245 - ticker:TT, dates:2026-03-31
2026-02-23 09:44:10.198 | INFO     | utils.utils:get_dividends:245 - ticker:GL, dates:2026-01-30
2026-02-23 09:44:10.740 | INFO     | utils.utils:get_dividends:245 - ticker:ALK, dates:2015-09-01
2026-02-23 09:44:11.293 | INFO     | utils.utils:get_dividends:245 - ticker:ARE, dates:2026-01-15
2026-02-23 09:44:11.808 | INFO     | utils.utils:get_dividends:245 - ticker:XYL, dates:2026-03-24
2026-02-23 09:44:12.345 | INFO     | utils.utils:get_dividends:245 - ticker:PM, dates:2026-01-14
2026-02-23 09:44:12.863 | INFO     | utils.utils:get_dividends:245 - ticker:LDOS, dates:2026-03-31
2026-02-23 09:44:13.590 | INFO     | utils.utils:get_dividends:245 - ticker:WY, dates:2026-03-20
2026-02-23 09:44:14.125 | INFO     | utils.utils:get_dividends:245 - ticker:ATO, dates:2026-03-09
2026-02-23 09:44:14.674 | INFO     | utils.utils:get_dividends:245 - ticker:INVH, dates:2026-01-16
2026-02-23 09:44:15.196 | INFO     | utils.utils:get_dividends:245 - ticker:LOW, dates:2026-02-04
2026-02-23 09:44:15.728 | INFO     | utils.utils:get_dividends:245 - ticker:BXP, dates:2026-01-29
2026-02-23 09:44:16.247 | INFO     | utils.utils:get_dividends:245 - ticker:ULTA, dates:2012-05-15
2026-02-23 09:44:16.774 | INFO     | utils.utils:get_dividends:245 - ticker:GWW, dates:2026-03-01
2026-02-23 09:44:17.293 | INFO     | utils.utils:get_dividends:245 - ticker:ABT, dates:2026-05-15
2026-02-23 09:44:17.815 | INFO     | utils.utils:get_dividends:245 - ticker:LKQ, dates:2026-03-26
2026-02-23 09:44:18.337 | WARNING  | utils.utils:get_dividends:247 - Error ticker EPAM. 'dividendDate'
2026-02-23 09:44:18.849 | INFO     | utils.utils:get_dividends:245 - ticker:TER, dates:2026-03-13
2026-02-23 09:44:19.372 | WARNING  | utils.utils:get_dividends:247 - Error ticker IT. 'dividendDate'
2026-02-23 09:44:20.093 | INFO     | utils.utils:get_dividends:245 - ticker:DXC, dates:2020-04-14
2026-02-23 09:44:20.654 | INFO     | utils.utils:get_dividends:245 - ticker:CHRW, dates:2026-04-02
2026-02-23 09:44:21.184 | INFO     | utils.utils:get_dividends:245 - ticker:IEX, dates:2026-01-30
2026-02-23 09:44:21.706 | INFO     | utils.utils:get_dividends:245 - ticker:ORCL, dates:2026-01-23
2026-02-23 09:44:22.228 | INFO     | utils.utils:get_dividends:245 - ticker:PEP, dates:2026-03-31
2026-02-23 09:44:22.761 | INFO     | utils.utils:get_dividends:245 - ticker:MLM, dates:2026-03-31
2026-02-23 09:44:23.282 | INFO     | utils.utils:get_dividends:245 - ticker:PG, dates:2026-02-17
2026-02-23 09:44:23.799 | INFO     | utils.utils:get_dividends:245 - ticker:HD, dates:2025-12-18
2026-02-23 09:44:24.311 | INFO     | utils.utils:get_dividends:245 - ticker:FITB, dates:2026-01-15
2026-02-23 09:44:54.720 | INFO     | weekdays.Dividends:__init__:28 - Initialising DividendBot
2026-02-23 09:44:54.727 | INFO     | weekdays.Dividends:__init__:52 - Successfully loaded ticker information from config/top_3000_tickers.csv
2026-02-23 09:44:54.728 | INFO     | weekdays.Dividends:run:256 - Starting DividendBot workflow
2026-02-23 09:44:55.323 | WARNING  | utils.utils:getting_nasdaq100_sp500_tickers:139 - NASDAQ API request failed with status 403
2026-02-23 09:44:55.324 | INFO     | utils.utils:getting_nasdaq100_sp500_tickers:150 - Loaded 97 NASDAQ tickers from local file
2026-02-23 09:44:55.912 | INFO     | utils.utils:getting_nasdaq100_sp500_tickers:169 - Loaded 410 S&P 500 tickers from local file
2026-02-23 09:44:55.913 | INFO     | utils.utils:getting_nasdaq100_sp500_tickers:175 - Total unique tickers: 433
2026-02-23 09:44:55.914 | INFO     | utils.utils:get_dividends:232 - Today's date: 2026-02-23
2026-02-23 09:44:56.441 | INFO     | utils.utils:get_dividends:245 - ticker:ES, dates:2026-03-31
2026-02-23 09:44:56.991 | INFO     | utils.utils:get_dividends:245 - ticker:HSY, dates:2026-03-16
2026-02-23 09:44:57.518 | INFO     | utils.utils:get_dividends:245 - ticker:NTRS, dates:2026-04-01
2026-02-23 09:44:58.052 | WARNING  | utils.utils:get_dividends:247 - Error ticker MMC. 'dividendDate'
2026-02-23 09:44:58.584 | WARNING  | utils.utils:get_dividends:247 - Error ticker INCY. 'dividendDate'
2026-02-23 09:44:59.108 | INFO     | utils.utils:get_dividends:245 - ticker:CARR, dates:2026-02-09
2026-02-23 09:44:59.632 | INFO     | utils.utils:get_dividends:245 - ticker:EBAY, dates:2026-03-20
2026-02-23 09:45:00.283 | INFO     | utils.utils:get_dividends:245 - ticker:MKC, dates:2026-01-12
2026-02-23 09:45:01.046 | INFO     | utils.utils:get_dividends:245 - ticker:KLAC, dates:2026-03-03
2026-02-23 09:45:01.565 | INFO     | utils.utils:get_dividends:245 - ticker:SCHW, dates:2026-02-27
2026-02-23 09:45:02.090 | INFO     | utils.utils:get_dividends:245 - ticker:VMC, dates:2026-03-23
2026-02-23 09:45:02.642 | INFO     | utils.utils:get_dividends:245 - ticker:NXPI, dates:2026-01-07
2026-02-23 09:45:03.166 | INFO     | utils.utils:get_dividends:245 - ticker:HCA, dates:2026-03-31
2026-02-23 09:45:03.743 | INFO     | utils.utils:get_dividends:245 - ticker:NKE, dates:2026-04-01
2026-02-23 09:45:04.305 | WARNING  | utils.utils:get_dividends:247 - Error ticker CNC. 'dividendDate'
2026-02-23 09:45:04.827 | INFO     | utils.utils:get_dividends:245 - ticker:INVH, dates:2026-01-16
2026-02-23 09:45:05.652 | INFO     | utils.utils:get_dividends:245 - ticker:TJX, dates:2026-03-05
2026-02-23 09:45:06.332 | INFO     | utils.utils:get_dividends:245 - ticker:COST, dates:2026-02-13
2026-02-23 09:45:06.857 | INFO     | utils.utils:get_dividends:245 - ticker:CMI, dates:2026-03-05
2026-02-23 09:45:07.389 | INFO     | utils.utils:get_dividends:245 - ticker:GWW, dates:2026-03-01
2026-02-23 09:45:08.107 | WARNING  | utils.utils:get_dividends:247 - Error ticker IDXX. 'dividendDate'
2026-02-23 09:45:08.644 | INFO     | utils.utils:get_dividends:245 - ticker:JCI, dates:2026-01-16
2026-02-23 09:45:09.171 | INFO     | utils.utils:get_dividends:245 - ticker:DD, dates:2026-03-16
2026-02-23 09:45:09.685 | INFO     | utils.utils:get_dividends:245 - ticker:MA, dates:2026-05-08
2026-02-23 09:45:10.371 | INFO     | utils.utils:get_dividends:245 - ticker:ZTS, dates:2026-06-02
2026-02-23 09:45:11.249 | INFO     | utils.utils:get_dividends:245 - ticker:TER, dates:2026-03-13
2026-02-23 09:45:11.954 | INFO     | utils.utils:get_dividends:245 - ticker:KMI, dates:2026-02-17
2026-02-23 09:45:12.614 | WARNING  | utils.utils:get_dividends:247 - Error ticker ANSS. HTTP Error 404: 
2026-02-23 09:45:13.138 | INFO     | utils.utils:get_dividends:245 - ticker:TSN, dates:2026-06-15
2026-02-23 09:45:13.655 | INFO     | utils.utils:get_dividends:245 - ticker:SLB, dates:2026-04-02
2026-02-23 09:45:14.285 | INFO     | utils.utils:get_dividends:245 - ticker:RSG, dates:2026-04-15
2026-02-23 09:45:14.832 | WARNING  | utils.utils:get_dividends:247 - Error ticker IQV. 'dividendDate'
2026-02-23 09:45:15.389 | INFO     | utils.utils:get_dividends:245 - ticker:LKQ, dates:2026-03-26
2026-02-23 09:45:16.305 | WARNING  | utils.utils:get_dividends:247 - Error ticker PODD. 'dividendDate'
2026-02-23 09:45:16.833 | INFO     | utils.utils:get_dividends:245 - ticker:ALK, dates:2015-09-01
2026-02-23 09:45:17.587 | INFO     | utils.utils:get_dividends:245 - ticker:CB, dates:2026-01-02
2026-02-23 09:45:18.184 | WARNING  | utils.utils:get_dividends:247 - Error ticker WBA. HTTP Error 404: 
2026-02-23 09:45:18.704 | WARNING  | utils.utils:get_dividends:247 - Error ticker ABNB. 'dividendDate'
2026-02-23 09:45:19.519 | INFO     | utils.utils:get_dividends:245 - ticker:HII, dates:2026-03-13
2026-02-23 09:45:20.051 | WARNING  | utils.utils:get_dividends:247 - Error ticker TEAM. 'dividendDate'
2026-02-23 09:45:20.583 | WARNING  | utils.utils:get_dividends:247 - Error ticker MNST. 'dividendDate'
2026-02-23 09:45:21.297 | WARNING  | utils.utils:get_dividends:247 - Error ticker CDNS. 'dividendDate'
2026-02-23 09:45:21.849 | WARNING  | utils.utils:get_dividends:247 - Error ticker TDY. 'dividendDate'
2026-02-23 09:45:22.366 | WARNING  | utils.utils:get_dividends:247 - Error ticker PEAK. 'dividendDate'
2026-02-23 09:45:22.904 | INFO     | utils.utils:get_dividends:245 - ticker:DLR, dates:2026-03-31
2026-02-23 09:45:23.426 | INFO     | utils.utils:get_dividends:245 - ticker:WFC, dates:2026-03-01
2026-02-23 09:45:23.960 | INFO     | utils.utils:get_dividends:245 - ticker:GD, dates:2026-02-06
2026-02-23 09:45:24.718 | INFO     | utils.utils:get_dividends:245 - ticker:FITB, dates:2026-01-15
2026-02-23 09:45:25.244 | INFO     | utils.utils:get_dividends:245 - ticker:NWS, dates:2026-04-08
2026-02-23 09:45:25.769 | INFO     | utils.utils:get_dividends:245 - ticker:ORCL, dates:2026-01-23
2026-02-23 09:45:26.309 | INFO     | utils.utils:get_dividends:245 - ticker:RTX, dates:2026-03-19
2026-02-23 09:45:26.860 | INFO     | utils.utils:get_dividends:245 - ticker:NI, dates:2026-02-20
2026-02-23 09:45:27.388 | INFO     | utils.utils:get_dividends:245 - ticker:MSI, dates:2026-01-15
2026-02-23 09:45:28.363 | INFO     | utils.utils:get_dividends:245 - ticker:CTSH, dates:2026-02-26
2026-02-23 09:45:28.967 | INFO     | utils.utils:get_dividends:245 - ticker:PFE, dates:2026-03-06
2026-02-23 09:45:29.587 | INFO     | utils.utils:get_dividends:245 - ticker:CBOE, dates:2026-03-13
2026-02-23 09:45:30.117 | INFO     | utils.utils:get_dividends:245 - ticker:NWL, dates:2026-03-13
2026-02-23 09:45:30.636 | INFO     | utils.utils:get_dividends:245 - ticker:TFC, dates:2026-03-02
2026-02-23 09:45:31.161 | WARNING  | utils.utils:get_dividends:247 - Error ticker AKAM. 'dividendDate'
2026-02-23 09:45:31.675 | WARNING  | utils.utils:get_dividends:247 - Error ticker DLTR. 'dividendDate'
2026-02-23 09:45:32.194 | INFO     | utils.utils:get_dividends:245 - ticker:EXPE, dates:2026-03-26
2026-02-23 09:45:32.738 | INFO     | utils.utils:get_dividends:245 - ticker:UNH, dates:2025-12-16
2026-02-23 09:45:33.283 | INFO     | utils.utils:get_dividends:245 - ticker:DG, dates:2026-01-20
2026-02-23 09:45:33.977 | INFO     | utils.utils:get_dividends:245 - ticker:STZ, dates:2026-02-12
2026-02-23 09:45:34.525 | INFO     | utils.utils:get_dividends:245 - ticker:J, dates:2026-03-20
2026-02-23 09:45:35.049 | INFO     | utils.utils:get_dividends:245 - ticker:EXC, dates:2026-03-13
2026-02-23 09:45:35.575 | INFO     | utils.utils:get_dividends:245 - ticker:PCG, dates:2026-04-15
2026-02-23 09:45:36.125 | INFO     | utils.utils:get_dividends:245 - ticker:PPL, dates:2026-04-01
2026-02-23 09:45:36.643 | INFO     | utils.utils:get_dividends:245 - ticker:WDC, dates:2026-03-18
2026-02-23 09:45:37.168 | WARNING  | utils.utils:get_dividends:247 - Error ticker EPAM. 'dividendDate'
2026-02-23 09:45:37.700 | INFO     | utils.utils:get_dividends:245 - ticker:PSA, dates:2026-03-31
2026-02-23 09:45:38.224 | INFO     | utils.utils:get_dividends:245 - ticker:STE, dates:2026-03-19
2026-02-23 09:45:38.759 | INFO     | utils.utils:get_dividends:245 - ticker:TRV, dates:2026-03-31
2026-02-23 09:45:39.286 | WARNING  | utils.utils:get_dividends:247 - Error ticker CBRE. 'dividendDate'
2026-02-23 09:45:39.850 | WARNING  | utils.utils:get_dividends:247 - Error ticker ILMN. 'dividendDate'
2026-02-23 09:45:40.373 | INFO     | utils.utils:get_dividends:245 - ticker:BBY, dates:2026-01-06
2026-02-23 09:45:40.924 | WARNING  | utils.utils:get_dividends:247 - Error ticker ZS. 'dividendDate'
2026-02-23 09:45:41.480 | WARNING  | utils.utils:get_dividends:247 - Error ticker ON. 'dividendDate'
2026-02-23 09:45:42.082 | INFO     | utils.utils:get_dividends:245 - ticker:LNT, dates:2026-02-17
2026-02-23 09:45:42.636 | WARNING  | utils.utils:get_dividends:247 - Error ticker EW. 'dividendDate'
2026-02-23 09:45:43.161 | INFO     | utils.utils:get_dividends:245 - ticker:F, dates:2026-03-02
2026-02-23 09:45:43.710 | INFO     | utils.utils:get_dividends:245 - ticker:IP, dates:2026-03-17
2026-02-23 09:45:44.254 | INFO     | utils.utils:get_dividends:245 - ticker:CSX, dates:2025-12-15
2026-02-23 09:45:44.774 | INFO     | utils.utils:get_dividends:245 - ticker:SWK, dates:2025-12-16
2026-02-23 09:45:45.307 | INFO     | utils.utils:get_dividends:245 - ticker:PCAR, dates:2026-03-04
2026-02-23 09:45:45.889 | INFO     | utils.utils:get_dividends:245 - ticker:MSFT, dates:2026-03-12
2026-02-23 09:45:46.416 | INFO     | utils.utils:get_dividends:245 - ticker:WYNN, dates:2026-03-04
2026-02-23 09:45:46.954 | INFO     | utils.utils:get_dividends:245 - ticker:TMO, dates:2026-01-15
2026-02-23 09:45:47.499 | INFO     | utils.utils:get_dividends:245 - ticker:AFL, dates:2026-03-02
2026-02-23 09:45:48.016 | INFO     | utils.utils:get_dividends:245 - ticker:SPGI, dates:2026-03-11
2026-02-23 09:45:48.716 | INFO     | utils.utils:get_dividends:245 - ticker:EQIX, dates:2026-03-18
2026-02-23 09:45:49.236 | INFO     | utils.utils:get_dividends:245 - ticker:MCD, dates:2026-03-17
2026-02-23 09:45:49.764 | WARNING  | utils.utils:get_dividends:247 - Error ticker FBHS. 'dividendDate'
2026-02-23 09:45:50.514 | INFO     | utils.utils:get_dividends:245 - ticker:PPG, dates:2026-03-12
2026-02-23 09:45:51.063 | INFO     | utils.utils:get_dividends:245 - ticker:TECH, dates:2026-02-27
2026-02-23 09:45:51.596 | INFO     | utils.utils:get_dividends:245 - ticker:MO, dates:2026-01-09
2026-02-23 09:45:52.118 | INFO     | utils.utils:get_dividends:245 - ticker:TROW, dates:2026-03-30
2026-02-23 09:45:52.642 | INFO     | utils.utils:get_dividends:245 - ticker:BKR, dates:2026-02-27
2026-02-23 09:45:53.185 | INFO     | utils.utils:get_dividends:245 - ticker:APTV, dates:2020-02-19
2026-02-23 09:45:53.711 | INFO     | utils.utils:get_dividends:245 - ticker:IEX, dates:2026-01-30
2026-02-23 09:45:54.248 | INFO     | utils.utils:get_dividends:245 - ticker:HRL, dates:2026-02-17
2026-02-23 09:45:54.810 | INFO     | utils.utils:get_dividends:245 - ticker:AAL, dates:2020-02-19
2026-02-23 09:45:55.346 | INFO     | utils.utils:get_dividends:245 - ticker:LIN, dates:2025-12-17
2026-02-23 09:45:55.883 | INFO     | utils.utils:get_dividends:245 - ticker:ARE, dates:2026-01-15
2026-02-23 09:45:56.608 | INFO     | utils.utils:get_dividends:245 - ticker:POOL, dates:2025-11-26
2026-02-23 09:45:57.135 | WARNING  | utils.utils:get_dividends:247 - Error ticker MDB. 'dividendDate'
2026-02-23 09:45:57.838 | INFO     | utils.utils:get_dividends:245 - ticker:CE, dates:2026-03-10
2026-02-23 09:45:58.374 | INFO     | utils.utils:get_dividends:245 - ticker:IR, dates:2026-03-26
2026-02-23 09:45:58.901 | INFO     | utils.utils:get_dividends:245 - ticker:EFX, dates:2025-12-15
2026-02-23 09:45:59.428 | INFO     | utils.utils:get_dividends:245 - ticker:PNC, dates:2026-02-05
2026-02-23 09:45:59.953 | INFO     | utils.utils:get_dividends:245 - ticker:AVY, dates:2026-03-18
2026-02-23 09:46:00.480 | INFO     | utils.utils:get_dividends:245 - ticker:ROK, dates:2026-03-10
2026-02-23 09:46:01.559 | INFO     | utils.utils:get_dividends:245 - ticker:LUV, dates:2026-04-02
2026-02-23 09:46:02.118 | INFO     | utils.utils:get_dividends:245 - ticker:AJG, dates:2026-03-20
2026-02-23 09:46:02.938 | INFO     | utils.utils:get_dividends:245 - ticker:BK, dates:2026-02-05
2026-02-23 09:46:03.466 | INFO     | utils.utils:get_dividends:245 - ticker:WM, dates:2025-12-19
2026-02-23 09:46:04.037 | INFO     | utils.utils:get_dividends:245 - ticker:CCI, dates:2025-12-31
2026-02-23 09:46:04.573 | INFO     | utils.utils:get_dividends:245 - ticker:ASML, dates:2026-05-05
2026-02-23 09:46:05.102 | WARNING  | utils.utils:get_dividends:247 - Error ticker CRL. 'dividendDate'
2026-02-23 09:46:05.625 | INFO     | utils.utils:get_dividends:245 - ticker:PEG, dates:2025-12-31
2026-02-23 09:46:06.181 | INFO     | utils.utils:get_dividends:245 - ticker:PAYC, dates:2026-03-23
2026-02-23 09:46:06.713 | INFO     | utils.utils:get_dividends:245 - ticker:REG, dates:2026-04-01
2026-02-23 09:46:07.243 | INFO     | utils.utils:get_dividends:245 - ticker:HD, dates:2025-12-18
2026-02-23 09:46:07.836 | WARNING  | utils.utils:get_dividends:247 - Error ticker K. HTTP Error 404: 
2026-02-23 09:46:08.409 | INFO     | utils.utils:get_dividends:245 - ticker:CMS, dates:2026-02-27
2026-02-23 09:46:08.933 | INFO     | utils.utils:get_dividends:245 - ticker:RMD, dates:2026-03-16
2026-02-23 09:46:09.553 | WARNING  | utils.utils:get_dividends:247 - Error ticker IPG. HTTP Error 404: 
2026-02-23 09:46:10.090 | INFO     | utils.utils:get_dividends:245 - ticker:LYB, dates:2026-03-09
2026-02-23 09:46:10.628 | INFO     | utils.utils:get_dividends:245 - ticker:DRI, dates:2026-02-02
2026-02-23 09:46:11.148 | WARNING  | utils.utils:get_dividends:247 - Error ticker MRNA. 'dividendDate'
2026-02-23 09:46:11.694 | INFO     | utils.utils:get_dividends:245 - ticker:FMC, dates:2026-01-15
2026-02-23 09:46:12.211 | INFO     | utils.utils:get_dividends:245 - ticker:SHW, dates:2026-03-13
2026-02-23 09:46:12.738 | INFO     | utils.utils:get_dividends:245 - ticker:KMB, dates:2026-04-02
2026-02-23 09:46:13.332 | INFO     | utils.utils:get_dividends:245 - ticker:TEL, dates:2026-03-13
2026-02-23 09:46:13.866 | INFO     | utils.utils:get_dividends:245 - ticker:SPG, dates:2026-03-31
2026-02-23 09:46:14.424 | INFO     | utils.utils:get_dividends:245 - ticker:MS, dates:2026-02-13
2026-02-23 09:46:15.128 | INFO     | utils.utils:get_dividends:245 - ticker:AIZ, dates:2026-03-30
2026-02-23 09:46:15.650 | INFO     | utils.utils:get_dividends:245 - ticker:HAL, dates:2026-03-25
2026-02-23 09:46:16.184 | INFO     | utils.utils:get_dividends:245 - ticker:XYL, dates:2026-03-24
2026-02-23 09:46:16.726 | INFO     | utils.utils:get_dividends:245 - ticker:SWKS, dates:2026-03-17
2026-02-23 09:46:17.256 | INFO     | utils.utils:get_dividends:245 - ticker:VLO, dates:2026-03-09
2026-02-23 09:46:17.966 | INFO     | utils.utils:get_dividends:245 - ticker:ATO, dates:2026-03-09
2026-02-23 09:46:18.488 | INFO     | utils.utils:get_dividends:245 - ticker:MRVL, dates:2026-01-29
2026-02-23 09:46:19.039 | INFO     | utils.utils:get_dividends:245 - ticker:IFF, dates:2026-01-09
2026-02-23 09:46:19.567 | INFO     | utils.utils:get_dividends:245 - ticker:LDOS, dates:2026-03-31
2026-02-23 09:46:20.088 | INFO     | utils.utils:get_dividends:245 - ticker:DHR, dates:2026-01-30
2026-02-23 09:46:20.632 | INFO     | utils.utils:get_dividends:245 - ticker:CAG, dates:2026-02-26
2026-02-23 09:46:21.156 | INFO     | utils.utils:get_dividends:245 - ticker:CFG, dates:2026-02-18
2026-02-23 09:46:21.683 | INFO     | utils.utils:get_dividends:245 - ticker:REGN, dates:2026-03-05
2026-02-23 09:46:22.200 | WARNING  | utils.utils:get_dividends:247 - Error ticker CSGP. 'dividendDate'
2026-02-23 09:46:22.727 | INFO     | utils.utils:get_dividends:245 - ticker:KR, dates:2026-03-01
2026-02-23 09:46:23.270 | INFO     | utils.utils:get_dividends:245 - ticker:BDX, dates:2026-03-31
2026-02-23 09:46:23.783 | INFO     | utils.utils:get_dividends:245 - ticker:DOV, dates:2026-03-13
2026-02-23 09:46:24.302 | INFO     | utils.utils:get_dividends:245 - ticker:WY, dates:2026-03-20
2026-02-23 09:46:24.818 | INFO     | utils.utils:get_dividends:245 - ticker:XEL, dates:2026-01-20
2026-02-23 09:46:25.343 | WARNING  | utils.utils:get_dividends:247 - Error ticker NVR. 'dividendDate'
2026-02-23 09:46:25.902 | INFO     | utils.utils:get_dividends:245 - ticker:NOC, dates:2026-03-11
2026-02-23 09:46:26.439 | INFO     | utils.utils:get_dividends:245 - ticker:JBHT, dates:2026-02-20
2026-02-23 09:46:27.111 | WARNING  | utils.utils:get_dividends:247 - Error ticker HOLX. 'dividendDate'
2026-02-23 09:46:27.629 | INFO     | utils.utils:get_dividends:245 - ticker:AEP, dates:2026-03-10
2026-02-23 09:46:28.187 | INFO     | utils.utils:get_dividends:245 - ticker:ULTA, dates:2012-05-15
2026-02-23 09:46:28.726 | INFO     | utils.utils:get_dividends:245 - ticker:GOOGL, dates:2026-03-16
2026-02-23 09:46:29.269 | INFO     | utils.utils:get_dividends:245 - ticker:HON, dates:2026-03-13
2026-02-23 09:46:29.828 | WARNING  | utils.utils:get_dividends:247 - Error ticker ENPH. 'dividendDate'
2026-02-23 09:46:30.353 | INFO     | utils.utils:get_dividends:245 - ticker:HPQ, dates:2026-04-01
2026-02-23 09:46:30.890 | INFO     | utils.utils:get_dividends:245 - ticker:XOM, dates:2026-03-10
2026-02-23 09:46:31.419 | INFO     | utils.utils:get_dividends:245 - ticker:HPE, dates:2026-01-16
2026-02-23 09:46:31.939 | INFO     | utils.utils:get_dividends:245 - ticker:GPC, dates:2026-04-02
2026-02-23 09:46:32.467 | INFO     | utils.utils:get_dividends:245 - ticker:CRM, dates:2026-01-08
2026-02-23 09:46:33.025 | INFO     | utils.utils:get_dividends:245 - ticker:AVB, dates:2026-04-15
2026-02-23 09:46:33.556 | INFO     | utils.utils:get_dividends:245 - ticker:ROST, dates:2025-12-31
2026-02-23 09:46:34.192 | INFO     | utils.utils:get_dividends:245 - ticker:ACGL, dates:2024-12-04
2026-02-23 09:46:34.717 | WARNING  | utils.utils:get_dividends:247 - Error ticker DISH. 'dividendDate'
2026-02-23 09:46:35.243 | INFO     | utils.utils:get_dividends:245 - ticker:KDP, dates:2026-04-10
2026-02-23 09:46:35.774 | INFO     | utils.utils:get_dividends:245 - ticker:EOG, dates:2026-01-30
2026-02-23 09:46:36.326 | INFO     | utils.utils:get_dividends:245 - ticker:KIM, dates:2026-03-19
2026-02-23 09:46:36.884 | INFO     | utils.utils:get_dividends:245 - ticker:FIS, dates:2026-03-24
2026-02-23 09:46:37.422 | INFO     | utils.utils:get_dividends:245 - ticker:ZION, dates:2026-02-19
2026-02-23 09:46:37.941 | INFO     | utils.utils:get_dividends:245 - ticker:DE, dates:2026-02-09
2026-02-23 09:46:38.463 | INFO     | utils.utils:get_dividends:245 - ticker:ALL, dates:2026-04-01
2026-02-23 09:46:38.977 | INFO     | utils.utils:get_dividends:245 - ticker:CL, dates:2026-02-13
2026-02-23 09:46:39.488 | INFO     | utils.utils:get_dividends:245 - ticker:ESS, dates:2026-04-15
2026-02-23 09:46:40.022 | INFO     | utils.utils:get_dividends:245 - ticker:OMC, dates:2026-04-09
2026-02-23 09:46:40.550 | INFO     | utils.utils:get_dividends:245 - ticker:MAA, dates:2026-01-30
2026-02-23 09:46:41.073 | INFO     | utils.utils:get_dividends:245 - ticker:LEN, dates:2026-02-19
2026-02-23 09:46:41.595 | INFO     | utils.utils:get_dividends:245 - ticker:MKTX, dates:2026-03-04
2026-02-23 09:46:42.112 | INFO     | utils.utils:get_dividends:245 - ticker:AMAT, dates:2026-03-12
2026-02-23 09:46:42.632 | WARNING  | utils.utils:get_dividends:247 - Error ticker BSX. 'dividendDate'
2026-02-23 09:46:43.185 | INFO     | utils.utils:get_dividends:245 - ticker:APA, dates:2026-05-22
2026-02-23 09:46:43.698 | WARNING  | utils.utils:get_dividends:247 - Error ticker FTNT. 'dividendDate'
2026-02-23 09:46:44.226 | INFO     | utils.utils:get_dividends:245 - ticker:DOW, dates:2026-03-13
2026-02-23 09:46:44.748 | INFO     | utils.utils:get_dividends:245 - ticker:ECL, dates:2026-04-15
2026-02-23 09:46:45.281 | INFO     | utils.utils:get_dividends:245 - ticker:AXP, dates:2026-02-10
2026-02-23 09:46:45.804 | INFO     | utils.utils:get_dividends:245 - ticker:PGR, dates:2026-01-08
2026-02-23 09:46:46.329 | WARNING  | utils.utils:get_dividends:247 - Error ticker DDOG. 'dividendDate'
2026-02-23 09:46:46.843 | WARNING  | utils.utils:get_dividends:247 - Error ticker FRC. 'dividendDate'
2026-02-23 09:46:47.968 | INFO     | utils.utils:get_dividends:245 - ticker:CHD, dates:2026-03-02
2026-02-23 09:46:48.522 | INFO     | utils.utils:get_dividends:245 - ticker:CME, dates:2026-03-26
2026-02-23 09:46:49.169 | INFO     | utils.utils:get_dividends:245 - ticker:ROP, dates:2026-04-22
2026-02-23 09:46:49.703 | WARNING  | utils.utils:get_dividends:247 - Error ticker DFS. 'dividendDate'
2026-02-23 09:46:50.220 | WARNING  | utils.utils:get_dividends:247 - Error ticker BIIB. 'dividendDate'
2026-02-23 09:46:50.777 | INFO     | utils.utils:get_dividends:245 - ticker:MCK, dates:2026-04-01
2026-02-23 09:46:51.303 | INFO     | utils.utils:get_dividends:245 - ticker:UAL, dates:2008-01-23
2026-02-23 09:46:51.829 | INFO     | utils.utils:get_dividends:245 - ticker:BALL, dates:2026-03-16
2026-02-23 09:46:52.353 | INFO     | utils.utils:get_dividends:245 - ticker:AON, dates:2026-02-13
2026-02-23 09:46:52.871 | INFO     | utils.utils:get_dividends:245 - ticker:CAT, dates:2026-02-19
2026-02-23 09:46:53.574 | WARNING  | utils.utils:get_dividends:247 - Error ticker TTWO. 'dividendDate'
2026-02-23 09:46:54.094 | WARNING  | utils.utils:get_dividends:247 - Error ticker CMG. 'dividendDate'
2026-02-23 09:46:54.646 | INFO     | utils.utils:get_dividends:245 - ticker:TSCO, dates:2026-03-10
2026-02-23 09:46:55.174 | INFO     | utils.utils:get_dividends:245 - ticker:EIX, dates:2026-04-30
2026-02-23 09:46:55.736 | INFO     | utils.utils:get_dividends:245 - ticker:AMP, dates:2026-02-27
2026-02-23 09:46:56.287 | INFO     | utils.utils:get_dividends:245 - ticker:GEHC, dates:2026-05-15
2026-02-23 09:46:56.838 | INFO     | utils.utils:get_dividends:245 - ticker:CHRW, dates:2026-04-02
2026-02-23 09:46:57.393 | INFO     | utils.utils:get_dividends:245 - ticker:VICI, dates:2026-01-08
2026-02-23 09:46:57.924 | INFO     | utils.utils:get_dividends:245 - ticker:AME, dates:2026-03-31
2026-02-23 09:46:58.455 | INFO     | utils.utils:get_dividends:245 - ticker:MAS, dates:2026-03-09
2026-02-23 09:46:58.977 | INFO     | utils.utils:get_dividends:245 - ticker:GL, dates:2026-01-30
2026-02-23 09:46:59.519 | INFO     | utils.utils:get_dividends:245 - ticker:CPB, dates:2026-02-02
2026-02-23 09:47:00.230 | WARNING  | utils.utils:get_dividends:247 - Error ticker VRTX. 'dividendDate'
2026-02-23 09:47:00.938 | INFO     | utils.utils:get_dividends:245 - ticker:ITW, dates:2026-04-09
2026-02-23 09:47:01.466 | INFO     | utils.utils:get_dividends:245 - ticker:AMGN, dates:2026-03-06
2026-02-23 09:47:02.012 | INFO     | utils.utils:get_dividends:245 - ticker:NEE, dates:2026-03-16
2026-02-23 09:47:02.567 | INFO     | utils.utils:get_dividends:245 - ticker:STT, dates:2026-04-13
2026-02-23 09:47:03.103 | INFO     | utils.utils:get_dividends:245 - ticker:COF, dates:2026-03-02
2026-02-23 09:47:03.635 | INFO     | utils.utils:get_dividends:245 - ticker:CLX, dates:2026-02-13
2026-02-23 09:47:04.593 | INFO     | utils.utils:get_dividends:245 - ticker:LLY, dates:2026-03-10
2026-02-23 09:47:05.121 | INFO     | utils.utils:get_dividends:245 - ticker:ACN, dates:2026-02-13
2026-02-23 09:47:05.708 | INFO     | utils.utils:get_dividends:245 - ticker:SYK, dates:2026-04-30
2026-02-23 09:47:06.234 | INFO     | utils.utils:get_dividends:245 - ticker:LVS, dates:2026-02-18
2026-02-23 09:47:06.765 | INFO     | utils.utils:get_dividends:245 - ticker:ADI, dates:2026-03-17
2026-02-23 09:47:07.337 | INFO     | utils.utils:get_dividends:245 - ticker:PG, dates:2026-02-17
2026-02-23 09:47:07.903 | INFO     | utils.utils:get_dividends:245 - ticker:ABT, dates:2026-05-15
2026-02-23 09:47:08.435 | WARNING  | utils.utils:get_dividends:247 - Error ticker WDAY. 'dividendDate'
2026-02-23 09:47:08.959 | INFO     | utils.utils:get_dividends:245 - ticker:EMR, dates:2026-03-10
2026-02-23 09:47:09.513 | INFO     | utils.utils:get_dividends:245 - ticker:ETR, dates:2026-03-02
2026-02-23 09:47:10.125 | INFO     | utils.utils:get_dividends:245 - ticker:KHC, dates:2026-03-27
2026-02-23 09:47:11.012 | INFO     | utils.utils:get_dividends:245 - ticker:EXR, dates:2026-03-31
2026-02-23 09:47:11.538 | INFO     | utils.utils:get_dividends:245 - ticker:MCHP, dates:2026-03-10
2026-02-23 09:47:12.075 | WARNING  | utils.utils:get_dividends:247 - Error ticker WAT. 'dividendDate'
2026-02-23 09:47:12.761 | INFO     | utils.utils:get_dividends:245 - ticker:MTB, dates:2026-03-31
2026-02-23 09:47:13.443 | INFO     | utils.utils:get_dividends:245 - ticker:JPM, dates:2026-01-31
2026-02-23 09:47:13.971 | INFO     | utils.utils:get_dividends:245 - ticker:MU, dates:2026-01-14
2026-02-23 09:47:14.499 | INFO     | utils.utils:get_dividends:245 - ticker:BWA, dates:2026-03-16
2026-02-23 09:47:15.233 | INFO     | utils.utils:get_dividends:245 - ticker:FANG, dates:2025-11-20
2026-02-23 09:47:15.916 | WARNING  | utils.utils:get_dividends:247 - Error ticker ISRG. 'dividendDate'
2026-02-23 09:47:16.435 | INFO     | utils.utils:get_dividends:245 - ticker:DHI, dates:2026-02-12
2026-02-23 09:47:16.977 | INFO     | utils.utils:get_dividends:245 - ticker:VRSN, dates:2026-02-27
2026-02-23 09:47:17.503 | INFO     | utils.utils:get_dividends:245 - ticker:PLD, dates:2026-03-31
2026-02-23 09:47:18.204 | WARNING  | utils.utils:get_dividends:247 - Error ticker AMD. 'dividendDate'
2026-02-23 09:47:18.989 | INFO     | utils.utils:get_dividends:245 - ticker:TAP, dates:2026-03-20
2026-02-23 09:47:19.513 | INFO     | utils.utils:get_dividends:245 - ticker:MSCI, dates:2026-02-27
2026-02-23 09:47:20.059 | WARNING  | utils.utils:get_dividends:247 - Error ticker TSLA. 'dividendDate'
2026-02-23 09:47:20.592 | INFO     | utils.utils:get_dividends:245 - ticker:MPWR, dates:2026-04-15
2026-02-23 09:47:21.118 | INFO     | utils.utils:get_dividends:245 - ticker:DGX, dates:2026-04-20
2026-02-23 09:47:21.652 | INFO     | utils.utils:get_dividends:245 - ticker:NVDA, dates:2025-12-26
2026-02-23 09:47:22.181 | INFO     | utils.utils:get_dividends:245 - ticker:ELV, dates:2026-03-25
2026-02-23 09:47:22.861 | INFO     | utils.utils:get_dividends:245 - ticker:PNW, dates:2026-03-02
2026-02-23 09:47:23.495 | INFO     | utils.utils:get_dividends:245 - ticker:GILD, dates:2026-03-30
2026-02-23 09:47:24.019 | INFO     | utils.utils:get_dividends:245 - ticker:VRSK, dates:2026-03-31
2026-02-23 09:47:24.537 | WARNING  | utils.utils:get_dividends:247 - Error ticker BIO. 'dividendDate'
2026-02-23 09:47:25.089 | INFO     | utils.utils:get_dividends:245 - ticker:UNP, dates:2026-03-31
2026-02-23 09:47:25.617 | INFO     | utils.utils:get_dividends:245 - ticker:WEC, dates:2026-03-01
2026-02-23 09:47:26.148 | INFO     | utils.utils:get_dividends:245 - ticker:INTU, dates:2026-01-16
2026-02-23 09:47:26.669 | WARNING  | utils.utils:get_dividends:247 - Error ticker ARM. 'dividendDate'
2026-02-23 09:47:27.401 | INFO     | utils.utils:get_dividends:245 - ticker:JNJ, dates:2026-03-10
2026-02-23 09:47:27.933 | WARNING  | utils.utils:get_dividends:247 - Error ticker NCLH. 'dividendDate'
2026-02-23 09:47:28.460 | WARNING  | utils.utils:get_dividends:247 - Error ticker DXCM. 'dividendDate'
2026-02-23 09:47:29.015 | INFO     | utils.utils:get_dividends:245 - ticker:CTVA, dates:2026-03-16
2026-02-23 09:47:29.543 | WARNING  | utils.utils:get_dividends:247 - Error ticker IT. 'dividendDate'
2026-02-23 09:47:30.092 | INFO     | utils.utils:get_dividends:245 - ticker:HIG, dates:2026-04-02
2026-02-23 09:47:30.613 | INFO     | utils.utils:get_dividends:245 - ticker:BAX, dates:2026-04-01
2026-02-23 09:47:31.259 | WARNING  | utils.utils:get_dividends:247 - Error ticker TRMB. 'dividendDate'
2026-02-23 09:47:32.435 | WARNING  | utils.utils:get_dividends:247 - Error ticker ANET. 'dividendDate'
2026-02-23 09:47:32.988 | WARNING  | utils.utils:get_dividends:247 - Error ticker SMCI. 'dividendDate'
2026-02-23 09:47:33.524 | WARNING  | utils.utils:get_dividends:247 - Error ticker SIVB. 'dividendDate'
2026-02-23 09:47:34.235 | WARNING  | utils.utils:get_dividends:247 - Error ticker CPRT. 'dividendDate'
2026-02-23 09:47:34.758 | INFO     | utils.utils:get_dividends:245 - ticker:BEN, dates:2026-04-10
2026-02-23 09:47:35.281 | INFO     | utils.utils:get_dividends:245 - ticker:CCEP, dates:2025-12-03
2026-02-23 09:47:35.968 | WARNING  | utils.utils:get_dividends:247 - Error ticker ZBRA. 'dividendDate'
2026-02-23 09:47:36.592 | INFO     | utils.utils:get_dividends:245 - ticker:BMY, dates:2026-02-02
2026-02-23 09:47:37.212 | INFO     | utils.utils:get_dividends:245 - ticker:GE, dates:2026-04-27
2026-02-23 09:47:37.747 | INFO     | utils.utils:get_dividends:245 - ticker:FTV, dates:2025-12-26
2026-02-23 09:47:38.264 | INFO     | utils.utils:get_dividends:245 - ticker:ROL, dates:2026-03-10
2026-02-23 09:47:38.817 | INFO     | utils.utils:get_dividends:245 - ticker:AIG, dates:2026-03-30
2026-02-23 09:47:39.345 | INFO     | utils.utils:get_dividends:245 - ticker:PSX, dates:2026-03-04
2026-02-23 09:47:40.064 | INFO     | utils.utils:get_dividends:245 - ticker:A, dates:2026-04-22
2026-02-23 09:47:40.589 | INFO     | utils.utils:get_dividends:245 - ticker:META, dates:2026-03-26
2026-02-23 09:47:41.116 | WARNING  | utils.utils:get_dividends:247 - Error ticker AMZN. 'dividendDate'
2026-02-23 09:47:41.634 | INFO     | utils.utils:get_dividends:245 - ticker:MAR, dates:2026-03-31
2026-02-23 09:47:42.166 | INFO     | utils.utils:get_dividends:245 - ticker:RF, dates:2026-04-01
2026-02-23 09:47:42.684 | INFO     | utils.utils:get_dividends:245 - ticker:FCX, dates:2026-02-02
2026-02-23 09:47:43.203 | INFO     | utils.utils:get_dividends:245 - ticker:EA, dates:2026-03-18
2026-02-23 09:47:43.738 | INFO     | utils.utils:get_dividends:245 - ticker:NUE, dates:2026-02-11
2026-02-23 09:47:44.479 | INFO     | utils.utils:get_dividends:245 - ticker:AEE, dates:2026-03-31
2026-02-23 09:47:45.141 | INFO     | utils.utils:get_dividends:245 - ticker:AVGO, dates:2025-12-31
2026-02-23 09:47:45.664 | INFO     | utils.utils:get_dividends:245 - ticker:GPN, dates:2026-03-30
2026-02-23 09:47:46.189 | INFO     | utils.utils:get_dividends:245 - ticker:NTAP, dates:2026-01-21
2026-02-23 09:47:46.736 | WARNING  | utils.utils:get_dividends:247 - Error ticker MTD. 'dividendDate'
2026-02-23 09:47:47.338 | WARNING  | utils.utils:get_dividends:247 - Error ticker FI. HTTP Error 404: 
2026-02-23 09:47:47.879 | INFO     | utils.utils:get_dividends:245 - ticker:NSC, dates:2026-02-20
2026-02-23 09:47:48.527 | INFO     | utils.utils:get_dividends:245 - ticker:YUM, dates:2026-03-06
2026-02-23 09:47:49.260 | INFO     | utils.utils:get_dividends:245 - ticker:CTAS, dates:2026-03-13
2026-02-23 09:47:49.794 | WARNING  | utils.utils:get_dividends:247 - Error ticker ZM. 'dividendDate'
2026-02-23 09:47:50.318 | INFO     | utils.utils:get_dividends:245 - ticker:ODFL, dates:2026-03-18
2026-02-23 09:47:50.851 | INFO     | utils.utils:get_dividends:245 - ticker:CNP, dates:2026-03-12
2026-02-23 09:47:51.382 | INFO     | utils.utils:get_dividends:245 - ticker:PRU, dates:2026-03-12
2026-02-23 09:47:52.119 | INFO     | utils.utils:get_dividends:245 - ticker:EVRG, dates:2026-03-20
2026-02-23 09:47:52.700 | INFO     | utils.utils:get_dividends:245 - ticker:TDG, dates:2025-09-12
2026-02-23 09:47:53.230 | INFO     | utils.utils:get_dividends:245 - ticker:COP, dates:2026-03-02
2026-02-23 09:47:53.744 | WARNING  | utils.utils:get_dividends:247 - Error ticker NOW. 'dividendDate'
2026-02-23 09:47:54.323 | INFO     | utils.utils:get_dividends:245 - ticker:MCO, dates:2026-03-13
2026-02-23 09:47:54.850 | INFO     | utils.utils:get_dividends:245 - ticker:APH, dates:2026-04-14
2026-02-23 09:47:55.586 | INFO     | utils.utils:get_dividends:245 - ticker:MLM, dates:2026-03-31
2026-02-23 09:47:56.327 | INFO     | utils.utils:get_dividends:245 - ticker:TGT, dates:2026-03-01
2026-02-23 09:47:56.868 | INFO     | utils.utils:get_dividends:245 - ticker:QCOM, dates:2026-03-26
2026-02-23 09:47:57.386 | INFO     | utils.utils:get_dividends:245 - ticker:INTC, dates:2024-09-01
2026-02-23 09:47:57.920 | WARNING  | utils.utils:get_dividends:247 - Error ticker SNPS. 'dividendDate'
2026-02-23 09:47:58.436 | INFO     | utils.utils:get_dividends:245 - ticker:ADM, dates:2026-03-10
2026-02-23 09:47:58.963 | INFO     | utils.utils:get_dividends:245 - ticker:ADP, dates:2026-04-01
2026-02-23 09:47:59.487 | INFO     | utils.utils:get_dividends:245 - ticker:NWSA, dates:2026-04-08
2026-02-23 09:48:00.010 | INFO     | utils.utils:get_dividends:245 - ticker:KEY, dates:2026-03-13
2026-02-23 09:48:00.555 | INFO     | utils.utils:get_dividends:245 - ticker:SEE, dates:2026-03-27
2026-02-23 09:48:01.317 | INFO     | utils.utils:get_dividends:245 - ticker:ICE, dates:2026-12-31
2026-02-23 09:48:01.843 | INFO     | utils.utils:get_dividends:245 - ticker:GLW, dates:2026-03-30
2026-02-23 09:48:02.370 | INFO     | utils.utils:get_dividends:245 - ticker:FE, dates:2026-06-01
2026-02-23 09:48:02.896 | INFO     | utils.utils:get_dividends:245 - ticker:NDAQ, dates:2026-03-30
2026-02-23 09:48:03.414 | INFO     | utils.utils:get_dividends:245 - ticker:DIS, dates:2026-07-22
2026-02-23 09:48:03.940 | INFO     | utils.utils:get_dividends:245 - ticker:TT, dates:2026-03-31
2026-02-23 09:48:04.466 | INFO     | utils.utils:get_dividends:245 - ticker:VTR, dates:2026-04-16
2026-02-23 09:48:05.159 | INFO     | utils.utils:get_dividends:245 - ticker:AWK, dates:2026-03-03
2026-02-23 09:48:06.110 | INFO     | utils.utils:get_dividends:245 - ticker:SBAC, dates:2025-12-11
2026-02-23 09:48:06.636 | INFO     | utils.utils:get_dividends:245 - ticker:LOW, dates:2026-02-04
2026-02-23 09:48:07.159 | INFO     | utils.utils:get_dividends:245 - ticker:UDR, dates:2026-02-02
2026-02-23 09:48:07.686 | INFO     | utils.utils:get_dividends:245 - ticker:PNR, dates:2026-02-06
2026-02-23 09:48:08.256 | INFO     | utils.utils:get_dividends:245 - ticker:PKG, dates:2026-01-14
2026-02-23 09:48:08.776 | INFO     | utils.utils:get_dividends:245 - ticker:MMM, dates:2026-03-12
2026-02-23 09:48:09.322 | INFO     | utils.utils:get_dividends:245 - ticker:D, dates:2026-03-20
2026-02-23 09:48:09.855 | INFO     | utils.utils:get_dividends:245 - ticker:BXP, dates:2026-01-29
2026-02-23 09:48:10.381 | INFO     | utils.utils:get_dividends:245 - ticker:SO, dates:2026-03-06
2026-02-23 09:48:10.972 | INFO     | utils.utils:get_dividends:245 - ticker:SYF, dates:2026-02-17
2026-02-23 09:48:12.213 | INFO     | utils.utils:get_dividends:245 - ticker:BA, dates:2020-03-06
2026-02-23 09:48:12.753 | INFO     | utils.utils:get_dividends:245 - ticker:MRK, dates:2026-04-07
2026-02-23 09:48:13.290 | INFO     | utils.utils:get_dividends:245 - ticker:ETN, dates:2025-11-21
2026-02-23 09:48:13.840 | INFO     | utils.utils:get_dividends:245 - ticker:EQT, dates:2026-03-02
2026-02-23 09:48:14.391 | INFO     | utils.utils:get_dividends:245 - ticker:AMCR, dates:2026-03-17
2026-02-23 09:48:15.097 | INFO     | utils.utils:get_dividends:245 - ticker:OKE, dates:2026-02-13
2026-02-23 09:48:15.809 | INFO     | utils.utils:get_dividends:245 - ticker:BKNG, dates:2025-12-31
2026-02-23 09:48:16.337 | INFO     | utils.utils:get_dividends:245 - ticker:DAL, dates:2026-03-19
2026-02-23 09:48:16.892 | INFO     | utils.utils:get_dividends:245 - ticker:DXC, dates:2020-04-14
2026-02-23 09:48:17.424 | INFO     | utils.utils:get_dividends:245 - ticker:LH, dates:2026-03-12
2026-02-23 09:48:18.008 | WARNING  | utils.utils:get_dividends:247 - Error ticker KEYS. 'dividendDate'
2026-02-23 09:48:18.542 | INFO     | utils.utils:get_dividends:245 - ticker:BLK, dates:2026-03-24
2026-02-23 09:48:19.062 | INFO     | utils.utils:get_dividends:245 - ticker:LRCX, dates:2026-04-08
2026-02-23 09:48:19.763 | INFO     | utils.utils:get_dividends:245 - ticker:CVS, dates:2026-02-02
2026-02-23 09:48:20.328 | INFO     | utils.utils:get_dividends:245 - ticker:RL, dates:2026-01-09
2026-02-23 09:48:20.856 | WARNING  | utils.utils:get_dividends:247 - Error ticker MHK. 'dividendDate'
2026-02-23 09:48:21.376 | WARNING  | utils.utils:get_dividends:247 - Error ticker CRWD. 'dividendDate'
2026-02-23 09:48:21.896 | INFO     | utils.utils:get_dividends:245 - ticker:IVZ, dates:2026-03-03
2026-02-23 09:48:22.766 | INFO     | utils.utils:get_dividends:245 - ticker:C, dates:2026-02-27
2026-02-23 09:48:23.312 | WARNING  | utils.utils:get_dividends:247 - Error ticker TYL. 'dividendDate'
2026-02-23 09:48:23.835 | INFO     | utils.utils:get_dividends:245 - ticker:HUM, dates:2026-04-24
2026-02-23 09:48:24.361 | WARNING  | utils.utils:get_dividends:247 - Error ticker ADBE. 'dividendDate'
2026-02-23 09:48:24.902 | INFO     | utils.utils:get_dividends:245 - ticker:SYY, dates:2026-01-23
2026-02-23 09:48:25.428 | INFO     | utils.utils:get_dividends:245 - ticker:WAB, dates:2026-03-02
2026-02-23 09:48:25.960 | INFO     | utils.utils:get_dividends:245 - ticker:PM, dates:2026-01-14
2026-02-23 09:48:26.496 | INFO     | utils.utils:get_dividends:245 - ticker:JKHY, dates:2026-03-25
2026-02-23 09:48:27.018 | WARNING  | utils.utils:get_dividends:247 - Error ticker NFLX. 'dividendDate'
2026-02-23 09:48:27.545 | INFO     | utils.utils:get_dividends:245 - ticker:GIS, dates:2026-05-01
2026-02-23 09:48:28.130 | INFO     | utils.utils:get_dividends:245 - ticker:PAYX, dates:2026-02-27
2026-02-23 09:48:28.666 | INFO     | utils.utils:get_dividends:245 - ticker:AMT, dates:2026-02-02
2026-02-23 09:48:29.196 | INFO     | utils.utils:get_dividends:245 - ticker:MDLZ, dates:2026-04-14
2026-02-23 09:48:29.779 | INFO     | utils.utils:get_dividends:245 - ticker:AAPL, dates:2026-02-12
2026-02-23 09:48:30.306 | WARNING  | utils.utils:get_dividends:247 - Error ticker BRK.B. 'dividendDate'
2026-02-23 09:48:30.826 | INFO     | utils.utils:get_dividends:245 - ticker:MDT, dates:2026-01-16
2026-02-23 09:48:31.341 | INFO     | utils.utils:get_dividends:245 - ticker:CI, dates:2026-03-19
2026-02-23 09:48:31.872 | INFO     | utils.utils:get_dividends:245 - ticker:FAST, dates:2026-02-26
2026-02-23 09:48:32.394 | INFO     | utils.utils:get_dividends:245 - ticker:ABBV, dates:2026-05-15
2026-02-23 09:48:32.922 | INFO     | utils.utils:get_dividends:245 - ticker:CVX, dates:2026-03-10
2026-02-23 09:48:33.435 | INFO     | utils.utils:get_dividends:245 - ticker:ED, dates:2026-03-16
2026-02-23 09:48:33.980 | INFO     | utils.utils:get_dividends:245 - ticker:HST, dates:2026-04-15
2026-02-23 09:48:34.532 | INFO     | utils.utils:get_dividends:245 - ticker:APD, dates:2026-05-11
2026-02-23 09:48:35.058 | INFO     | utils.utils:get_dividends:245 - ticker:IBM, dates:2026-03-10
2026-02-23 09:48:35.580 | INFO     | utils.utils:get_dividends:245 - ticker:GS, dates:2026-03-30
2026-02-23 09:48:36.112 | INFO     | utils.utils:get_dividends:245 - ticker:TXT, dates:2026-01-01
2026-02-23 09:48:36.879 | WARNING  | utils.utils:get_dividends:247 - Error ticker ADSK. 'dividendDate'
2026-02-23 09:48:37.396 | WARNING  | utils.utils:get_dividends:247 - Error ticker PANW. 'dividendDate'
2026-02-23 09:48:38.121 | INFO     | utils.utils:get_dividends:245 - ticker:EQR, dates:2026-01-16
2026-02-23 09:48:38.688 | INFO     | utils.utils:get_dividends:245 - ticker:WST, dates:2026-05-06
2026-02-23 09:48:39.240 | WARNING  | utils.utils:get_dividends:247 - Error ticker WBD. 'dividendDate'
2026-02-23 09:48:39.747 | INFO     | utils.utils:get_dividends:245 - ticker:CSCO, dates:2026-04-22
2026-02-23 09:48:40.269 | INFO     | utils.utils:get_dividends:245 - ticker:TMUS, dates:2026-03-12
2026-02-23 09:48:40.809 | INFO     | utils.utils:get_dividends:245 - ticker:MPC, dates:2026-03-10
2026-02-23 09:48:41.333 | INFO     | utils.utils:get_dividends:245 - ticker:O, dates:2026-03-13
2026-02-23 09:48:41.885 | INFO     | utils.utils:get_dividends:245 - ticker:HLT, dates:2026-03-31
2026-02-23 09:48:42.414 | INFO     | utils.utils:get_dividends:245 - ticker:UPS, dates:2026-03-05
2026-02-23 09:48:42.940 | INFO     | utils.utils:get_dividends:245 - ticker:WMB, dates:2026-03-30
2026-02-23 09:48:43.460 | INFO     | utils.utils:get_dividends:245 - ticker:MELI, dates:2018-01-16
2026-02-23 09:48:43.991 | INFO     | utils.utils:get_dividends:245 - ticker:SBUX, dates:2026-02-27
2026-02-23 09:48:44.516 | WARNING  | utils.utils:get_dividends:247 - Error ticker ORLY. 'dividendDate'
2026-02-23 09:48:45.064 | INFO     | utils.utils:get_dividends:245 - ticker:TXN, dates:2026-02-10
2026-02-23 09:48:45.796 | INFO     | utils.utils:get_dividends:245 - ticker:HBAN, dates:2026-04-01
2026-02-23 09:48:46.610 | INFO     | utils.utils:get_dividends:245 - ticker:SRE, dates:2026-01-15
2026-02-23 09:48:47.142 | WARNING  | utils.utils:get_dividends:247 - Error ticker DASH. 'dividendDate'
2026-02-23 09:48:47.795 | WARNING  | utils.utils:get_dividends:247 - Error ticker ALGN. 'dividendDate'
2026-02-23 09:48:48.542 | INFO     | utils.utils:get_dividends:245 - ticker:EXPD, dates:2025-12-15
2026-02-23 09:48:49.070 | WARNING  | utils.utils:get_dividends:247 - Error ticker FFIV. 'dividendDate'
2026-02-23 09:48:49.615 | INFO     | utils.utils:get_dividends:245 - ticker:CDW, dates:2026-03-10
2026-02-23 09:48:50.142 | INFO     | utils.utils:get_dividends:245 - ticker:VZ, dates:2026-05-01
2026-02-23 09:48:50.653 | WARNING  | utils.utils:get_dividends:247 - Error ticker PKI. 'dividendDate'
2026-02-23 09:48:51.167 | WARNING  | utils.utils:get_dividends:247 - Error ticker MOH. 'dividendDate'
2026-02-23 09:48:51.691 | INFO     | utils.utils:get_dividends:245 - ticker:GOOG, dates:2026-03-16
2026-02-23 09:48:52.226 | INFO     | utils.utils:get_dividends:245 - ticker:AES, dates:2026-05-15
2026-02-23 09:48:52.750 | INFO     | utils.utils:get_dividends:245 - ticker:CPT, dates:2026-04-17
2026-02-23 09:48:53.286 | INFO     | utils.utils:get_dividends:245 - ticker:DTE, dates:2026-04-15
2026-02-23 09:48:53.820 | INFO     | utils.utils:get_dividends:245 - ticker:PYPL, dates:2026-03-25
2026-02-23 09:48:54.350 | WARNING  | utils.utils:get_dividends:247 - Error ticker HSIC. 'dividendDate'
2026-02-23 09:48:54.869 | INFO     | utils.utils:get_dividends:245 - ticker:WELL, dates:2026-03-10
2026-02-23 09:48:55.386 | INFO     | utils.utils:get_dividends:245 - ticker:RJF, dates:2026-04-15
2026-02-23 09:48:55.938 | INFO     | utils.utils:get_dividends:245 - ticker:CMCSA, dates:2026-04-22
2026-02-23 09:48:56.482 | INFO     | utils.utils:get_dividends:245 - ticker:KO, dates:2026-04-01
2026-02-23 09:48:57.003 | INFO     | utils.utils:get_dividends:245 - ticker:HAS, dates:2026-03-04
2026-02-23 09:48:57.547 | INFO     | utils.utils:get_dividends:245 - ticker:FDS, dates:2026-03-19
2026-02-23 09:48:58.096 | WARNING  | utils.utils:get_dividends:247 - Error ticker GFS. 'dividendDate'
2026-02-23 09:48:58.644 | INFO     | utils.utils:get_dividends:245 - ticker:BR, dates:2026-01-05
2026-02-23 09:48:59.169 | INFO     | utils.utils:get_dividends:245 - ticker:WMT, dates:2027-01-04
2026-02-23 09:48:59.703 | INFO     | utils.utils:get_dividends:245 - ticker:T, dates:2026-02-02
2026-02-23 09:49:00.239 | INFO     | utils.utils:get_dividends:245 - ticker:PEP, dates:2026-03-31
2026-02-23 09:49:00.757 | INFO     | utils.utils:get_dividends:245 - ticker:CAH, dates:2026-04-15
2026-02-23 09:49:01.304 | INFO     | utils.utils:get_dividends:245 - ticker:DUK, dates:2026-03-16
2026-02-23 09:49:01.826 | INFO     | utils.utils:get_dividends:245 - ticker:USB, dates:2026-01-15
2026-02-23 09:49:02.350 | INFO     | utils.utils:get_dividends:245 - ticker:V, dates:2026-03-02
2026-02-23 09:49:02.877 | WARNING  | utils.utils:get_dividends:247 - Error ticker AZO. 'dividendDate'
2026-02-23 09:49:03.389 | INFO     | utils.utils:get_dividends:245 - ticker:GM, dates:2026-03-19
2026-02-23 09:49:03.684 | INFO     | weekdays.Dividends:run:268 - Retrieved 0 dividend tickers
2026-02-23 09:49:03.686 | INFO     | utils.utils:post_twitter:38 - Tweet lenght: 130
2026-02-23 09:49:03.686 | INFO     | utils.utils:send_telegram_message:308 - Using bot_token: 6379257583...
2026-02-23 09:49:03.686 | INFO     | utils.utils:send_telegram_message:309 - Sending to chat_id: -1002313822545
2026-02-23 09:49:03.687 | INFO     | utils.utils:send_telegram_message:330 - Attempting to send message to Telegram
2026-02-23 09:49:03.906 | INFO     | utils.utils:send_telegram_message:336 - Message sent successfully. Status code: 200
2026-02-23 09:49:04.142 | WARNING  | utils.utils:post_twitter:51 - Skipping duplicate tweet: #Today Monday, 23rd of February, There are not #Sc...
2026-02-23 09:49:04.142 | INFO     | utils.utils:send_telegram_message:308 - Using bot_token: 6379257583...
2026-02-23 09:49:04.143 | INFO     | utils.utils:send_telegram_message:309 - Sending to chat_id: -1002313822545
2026-02-23 09:49:04.143 | INFO     | utils.utils:send_telegram_message:330 - Attempting to send message to Telegram
2026-02-23 09:49:04.276 | INFO     | utils.utils:send_telegram_message:336 - Message sent successfully. Status code: 200
2026-02-23 09:49:04.278 | INFO     | utils.utils:post_twitter:62 - Pausing for 558 seconds to maintain proper intervals between Twitter posts.
2026-02-23 09:49:04.279 | INFO     | weekdays.Dividends:run:275 - Posted no dividends message
2026-02-23 09:51:16.560 | INFO     | weekdays.Earnings:__init__:58 - Initialising Earnings
2026-02-23 09:51:16.560 | INFO     | weekdays.Earnings:run:140 - Starting EarningsBot workflow
2026-02-23 09:51:16.560 | INFO     | utils.utils:get_earnings_calendar:191 - earnings
2026-02-23 09:51:17.639 | WARNING  | utils.utils:getting_nasdaq100_sp500_tickers:139 - NASDAQ API request failed with status 403
2026-02-23 09:51:17.640 | INFO     | utils.utils:getting_nasdaq100_sp500_tickers:150 - Loaded 97 NASDAQ tickers from local file
2026-02-23 09:51:17.766 | INFO     | utils.utils:getting_nasdaq100_sp500_tickers:169 - Loaded 410 S&P 500 tickers from local file
2026-02-23 09:51:17.767 | INFO     | utils.utils:getting_nasdaq100_sp500_tickers:175 - Total unique tickers: 433
2026-02-23 09:51:24.373 | INFO     | weekdays.Earnings:run:147 - Retrieved 5 tickers for earnings announcements
2026-02-23 09:51:24.375 | INFO     | weekdays.Earnings:run:150 - Initial Message:
2026-02-23 09:51:24.375 | INFO     | weekdays.Earnings:run:151 - #SP500 and #NASDAQ100 Companies that #publish #results today Monday, 23rd of February of 2026: 
 #tickers -> $WMB $D $OKE $FANG $KEYS 
 More #information in the next tweets -> 

2026-02-23 09:51:24.376 | INFO     | utils.utils:post_twitter:38 - Tweet lenght: 191
2026-02-23 09:51:24.377 | INFO     | utils.utils:send_telegram_message:308 - Using bot_token: 6379257583...
2026-02-23 09:51:24.377 | INFO     | utils.utils:send_telegram_message:309 - Sending to chat_id: -1002313822545
2026-02-23 09:51:24.377 | INFO     | utils.utils:send_telegram_message:330 - Attempting to send message to Telegram
2026-02-23 09:51:24.545 | INFO     | utils.utils:send_telegram_message:336 - Message sent successfully. Status code: 200
2026-02-23 09:51:24.948 | INFO     | utils.utils:send_telegram_message:308 - Using bot_token: 6379257583...
2026-02-23 09:51:24.949 | INFO     | utils.utils:send_telegram_message:309 - Sending to chat_id: -1002313822545
2026-02-23 09:51:24.949 | INFO     | utils.utils:send_telegram_message:330 - Attempting to send message to Telegram
2026-02-23 09:51:25.103 | INFO     | utils.utils:send_telegram_message:336 - Message sent successfully. Status code: 200
2026-02-23 09:51:25.104 | SUCCESS  | utils.utils:post_twitter:45 - Tweet posted: #SP500 and #NASDAQ100 Companies that #publish #results today Monday, 23rd of February of 2026: 
 #tickers -> $WMB $D $OKE $FANG $KEYS 
 More #information in the next tweets -> 

@Grok context
2026-02-23 09:51:25.105 | INFO     | utils.utils:post_twitter:62 - Pausing for 287 seconds to maintain proper intervals between Twitter posts.
2026-02-23 09:51:25.406 | ERROR    | weekdays.Earnings:run:176 - Error processing ticker WMB: [Errno 2] No such file or directory: 'C:/Users/peybo/PycharmProjects/twitter_auto/config/top_3000_tickers.csv'
2026-02-23 09:51:25.730 | ERROR    | weekdays.Earnings:run:176 - Error processing ticker D: [Errno 2] No such file or directory: 'C:/Users/peybo/PycharmProjects/twitter_auto/config/top_3000_tickers.csv'
2026-02-23 09:51:25.730 | INFO     | weekdays.Earnings:run:179 - Completed EarningsBot workflow successfully
