2025-01-18 23:01:35.388 | INFO     | __main__:__init__:23 - initialize Performance Markets
2025-01-18 23:01:36.167 | ERROR    | __main__:fetch_stock_data:84 - Error processing ^NDX: 'Adj Close'
2025-01-18 23:01:36.281 | ERROR    | __main__:fetch_stock_data:84 - Error processing ^GSPC: 'Adj Close'
2025-01-18 23:01:36.412 | ERROR    | __main__:fetch_stock_data:84 - Error processing ^RUT: 'Adj Close'
2025-01-18 23:01:36.511 | ERROR    | __main__:fetch_stock_data:84 - Error processing ^DJI: 'Adj Close'
2025-01-18 23:01:36.612 | ERROR    | __main__:fetch_stock_data:84 - Error processing ^FTSE: 'Adj Close'
2025-01-18 23:01:36.715 | ERROR    | __main__:fetch_stock_data:84 - Error processing ^N225: 'Adj Close'
2025-01-18 23:01:36.814 | ERROR    | __main__:fetch_stock_data:84 - Error processing ^GDAXI: 'Adj Close'
2025-01-18 23:01:36.923 | ERROR    | __main__:fetch_stock_data:84 - Error processing ^FCHI: 'Adj Close'
2025-01-18 23:01:37.037 | ERROR    | __main__:fetch_stock_data:84 - Error processing ^STOXX50E: 'Adj Close'
2025-01-18 23:01:37.161 | ERROR    | __main__:fetch_stock_data:84 - Error processing ^IBEX: 'Adj Close'
2025-01-18 23:01:37.172 | ERROR    | __main__:post_performance:125 - Error posting 1-WTD: single positional indexer is out-of-bounds
2025-01-18 23:01:37.173 | ERROR    | __main__:post_performance:125 - Error posting 1YTD: single positional indexer is out-of-bounds
2025-01-19 14:57:15.708 | INFO     | __main__:__init__:23 - initialize Performance Markets
2025-01-19 14:57:16.731 | ERROR    | __main__:fetch_stock_data:84 - Error processing ^NDX: 'Adj Close'
2025-01-19 14:57:16.824 | ERROR    | __main__:fetch_stock_data:84 - Error processing ^GSPC: 'Adj Close'
2025-01-19 14:57:16.927 | ERROR    | __main__:fetch_stock_data:84 - Error processing ^RUT: 'Adj Close'
2025-01-19 14:57:17.031 | ERROR    | __main__:fetch_stock_data:84 - Error processing ^DJI: 'Adj Close'
2025-01-19 14:57:17.149 | ERROR    | __main__:fetch_stock_data:84 - Error processing ^FTSE: 'Adj Close'
2025-01-19 14:57:17.278 | ERROR    | __main__:fetch_stock_data:84 - Error processing ^N225: 'Adj Close'
2025-01-19 14:57:17.392 | ERROR    | __main__:fetch_stock_data:84 - Error processing ^GDAXI: 'Adj Close'
2025-01-19 14:57:17.494 | ERROR    | __main__:fetch_stock_data:84 - Error processing ^FCHI: 'Adj Close'
2025-01-19 14:57:17.595 | ERROR    | __main__:fetch_stock_data:84 - Error processing ^STOXX50E: 'Adj Close'
2025-01-19 14:57:17.731 | ERROR    | __main__:fetch_stock_data:84 - Error processing ^IBEX: 'Adj Close'
2025-01-19 14:57:17.743 | ERROR    | __main__:post_performance:125 - Error posting 1-WTD: single positional indexer is out-of-bounds
2025-01-19 14:57:17.744 | ERROR    | __main__:post_performance:125 - Error posting 1YTD: single positional indexer is out-of-bounds
2025-01-19 17:49:40.859 | INFO     | __main__:__init__:23 - initialize Performance Markets
2025-01-19 17:49:43.752 | INFO     | __main__:post_performance:122 - Posting message (278 chars):
2025-01-19 17:49:43.753 | INFO     | __main__:post_tweet:45 - 
Global Markets 1-WTD:
游릭 #Russell-2000 -> 4.57 %
游릭 #NASDAQ-100 -> 4.12 %
游릭 #CAC-40 -> 4.05 %
游릭 #DowJones -> 3.73 %
游릭 #SP-500 -> 3.71 %
游릭 #EuroStoxx-50 -> 3.7 %
游릭 #DAX -> 3.7 %
游릭 #FTSE-100 -> 3.11 %
游릭 #Ibex-35 -> 2.18 %
游댮 #Nikkei-225 -> -1.43 %

#Stocks #Nasdaq #Investor #trader
2025-01-19 17:49:43.754 | INFO     | utils.utils:post_twitter:35 - Tweet lenght: 278
2025-01-19 17:49:43.755 | INFO     | utils.utils:send_telegram_message:221 - Using bot_token: 6379257583...
2025-01-19 17:49:43.756 | INFO     | utils.utils:send_telegram_message:222 - Sending to chat_id: -1002313822545
2025-01-19 17:49:43.757 | INFO     | utils.utils:send_telegram_message:243 - Attempting to send message to Telegram
2025-01-19 17:49:44.113 | INFO     | utils.utils:send_telegram_message:249 - Message sent successfully. Status code: 200
2025-01-19 17:49:44.148 | SUCCESS  | utils.utils:post_twitter:40 - Tweet posted: 
Global Markets 1-WTD:
游릭 #Russell-2000 -> 4.57 %
游릭 #NASDAQ-100 -> 4.12 %
游릭 #CAC-40 -> 4.05 %
游릭 #DowJones -> 3.73 %
游릭 #SP-500 -> 3.71 %
游릭 #EuroStoxx-50 -> 3.7 %
游릭 #DAX -> 3.7 %
游릭 #FTSE-100 -> 3.11 %
游릭 #Ibex-35 -> 2.18 %
游댮 #Nikkei-225 -> -1.43 %

#Stocks #Nasdaq #Investor #trader
2025-01-19 17:49:44.153 | INFO     | __main__:post_performance:122 - Posting message (277 chars):
2025-01-19 17:49:44.154 | INFO     | __main__:post_tweet:45 - 
Global Markets 1YTD:
游릭 #DAX -> 25.29 %
游릭 #SP-500 -> 23.56 %
游릭 #NASDAQ-100 -> 23.2 %
游릭 #Ibex-35 -> 20.18 %
游릭 #Russell-2000 -> 16.06 %
游릭 #EuroStoxx-50 -> 15.58 %
游릭 #DowJones -> 14.68 %
游릭 #FTSE-100 -> 13.98 %
游릭 #Nikkei-225 -> 5.94 %
游릭 #CAC-40 -> 3.67 %

#Stocks #Nasdaq #Investor
2025-01-19 17:49:44.155 | INFO     | utils.utils:post_twitter:35 - Tweet lenght: 277
2025-01-19 17:49:44.157 | INFO     | utils.utils:send_telegram_message:221 - Using bot_token: 6379257583...
2025-01-19 17:49:44.158 | INFO     | utils.utils:send_telegram_message:222 - Sending to chat_id: -1002313822545
2025-01-19 17:49:44.160 | INFO     | utils.utils:send_telegram_message:243 - Attempting to send message to Telegram
2025-01-19 17:49:44.511 | INFO     | utils.utils:send_telegram_message:249 - Message sent successfully. Status code: 200
2025-01-19 17:49:44.513 | SUCCESS  | utils.utils:post_twitter:40 - Tweet posted: 
Global Markets 1YTD:
游릭 #DAX -> 25.29 %
游릭 #SP-500 -> 23.56 %
游릭 #NASDAQ-100 -> 23.2 %
游릭 #Ibex-35 -> 20.18 %
游릭 #Russell-2000 -> 16.06 %
游릭 #EuroStoxx-50 -> 15.58 %
游릭 #DowJones -> 14.68 %
游릭 #FTSE-100 -> 13.98 %
游릭 #Nikkei-225 -> 5.94 %
游릭 #CAC-40 -> 3.67 %

#Stocks #Nasdaq #Investor
2025-01-19 17:53:19.905 | INFO     | __main__:__init__:23 - initialize Performance Markets
2025-01-19 17:53:19.908 | ERROR    | __main__:fetch_stock_data:84 - Error processing ^NDX: type object 'datetime.datetime' has no attribute 'datetime'
2025-01-19 17:53:19.909 | ERROR    | __main__:fetch_stock_data:84 - Error processing ^GSPC: type object 'datetime.datetime' has no attribute 'datetime'
2025-01-19 17:53:19.912 | ERROR    | __main__:fetch_stock_data:84 - Error processing ^RUT: type object 'datetime.datetime' has no attribute 'datetime'
2025-01-19 17:53:19.915 | ERROR    | __main__:fetch_stock_data:84 - Error processing ^DJI: type object 'datetime.datetime' has no attribute 'datetime'
2025-01-19 17:53:19.917 | ERROR    | __main__:fetch_stock_data:84 - Error processing ^FTSE: type object 'datetime.datetime' has no attribute 'datetime'
2025-01-19 17:53:19.919 | ERROR    | __main__:fetch_stock_data:84 - Error processing ^N225: type object 'datetime.datetime' has no attribute 'datetime'
2025-01-19 17:53:19.921 | ERROR    | __main__:fetch_stock_data:84 - Error processing ^GDAXI: type object 'datetime.datetime' has no attribute 'datetime'
2025-01-19 17:53:19.924 | ERROR    | __main__:fetch_stock_data:84 - Error processing ^FCHI: type object 'datetime.datetime' has no attribute 'datetime'
2025-01-19 17:53:19.926 | ERROR    | __main__:fetch_stock_data:84 - Error processing ^STOXX50E: type object 'datetime.datetime' has no attribute 'datetime'
2025-01-19 17:53:19.928 | ERROR    | __main__:fetch_stock_data:84 - Error processing ^IBEX: type object 'datetime.datetime' has no attribute 'datetime'
2025-01-19 17:53:19.935 | ERROR    | __main__:post_performance:125 - Error posting 1-WTD: single positional indexer is out-of-bounds
2025-01-19 17:53:19.936 | ERROR    | __main__:post_performance:125 - Error posting YTD: single positional indexer is out-of-bounds
2025-01-19 17:55:35.932 | INFO     | __main__:__init__:23 - initialize Performance Markets
2025-01-19 17:55:38.052 | INFO     | __main__:post_performance:122 - Posting message (278 chars):
2025-01-19 17:55:38.053 | INFO     | __main__:post_tweet:45 - 
Global Markets 1-WTD:
游릭 #Russell-2000 -> 4.57 %
游릭 #NASDAQ-100 -> 4.12 %
游릭 #CAC-40 -> 4.05 %
游릭 #DowJones -> 3.73 %
游릭 #SP-500 -> 3.71 %
游릭 #EuroStoxx-50 -> 3.7 %
游릭 #DAX -> 3.7 %
游릭 #FTSE-100 -> 3.11 %
游릭 #Ibex-35 -> 2.18 %
游댮 #Nikkei-225 -> -1.43 %

#Stocks #Nasdaq #Investor #trader
2025-01-19 17:55:38.054 | INFO     | utils.utils:post_twitter:35 - Tweet lenght: 278
2025-01-19 17:55:38.411 | ERROR    | utils.utils:post_twitter:42 - 403 Forbidden
You are not permitted to perform this action.
2025-01-19 17:55:38.412 | INFO     | utils.utils:send_telegram_message:221 - Using bot_token: 6379257583...
2025-01-19 17:55:38.412 | INFO     | utils.utils:send_telegram_message:222 - Sending to chat_id: -1002313822545
2025-01-19 17:55:38.413 | INFO     | utils.utils:send_telegram_message:243 - Attempting to send message to Telegram
2025-01-19 17:55:38.700 | INFO     | utils.utils:send_telegram_message:249 - Message sent successfully. Status code: 200
2025-01-19 17:55:38.701 | ERROR    | utils.utils:post_twitter:44 - Tweet Error
Tweet Error
: 403 Forbidden
You are not permitted to perform this action.

Global Markets 1-WTD:
游릭 #Russell-2000 -> 4.57 %
游릭 #NASDAQ-100 -> 4.12 %
游릭 #CAC-40 -> 4.05 %
游릭 #DowJones -> 3.73 %
游릭 #SP-500 -> 3.71 %
游릭 #EuroStoxx-50 -> 3.7 %
游릭 #DAX -> 3.7 %
游릭 #FTSE-100 -> 3.11 %
游릭 #Ibex-35 -> 2.18 %
游댮 #Nikkei-225 -> -1.43 %

#Stocks #Nasdaq #Investor #trader
2025-01-19 17:55:38.703 | INFO     | __main__:post_performance:122 - Posting message (278 chars):
2025-01-19 17:55:38.703 | INFO     | __main__:post_tweet:45 - 
Global Markets YTD:
游릭 #DAX -> 4.92 %
游릭 #EuroStoxx-50 -> 4.74 %
游릭 #CAC-40 -> 4.54 %
游릭 #FTSE-100 -> 4.06 %
游릭 #Ibex-35 -> 2.63 %
游릭 #DowJones -> 1.94 %
游릭 #SP-500 -> 1.58 %
游릭 #Russell-2000 -> 1.52 %
游릭 #NASDAQ-100 -> 1.52 %
游댮 #Nikkei-225 -> -3.74 %

#Stocks #Nasdaq #Investor #trader
2025-01-19 17:55:38.704 | INFO     | utils.utils:post_twitter:35 - Tweet lenght: 278
2025-01-19 17:55:38.988 | ERROR    | utils.utils:post_twitter:42 - 403 Forbidden
You are not permitted to perform this action.
2025-01-19 17:55:38.988 | INFO     | utils.utils:send_telegram_message:221 - Using bot_token: 6379257583...
2025-01-19 17:55:38.988 | INFO     | utils.utils:send_telegram_message:222 - Sending to chat_id: -1002313822545
2025-01-19 17:55:38.989 | INFO     | utils.utils:send_telegram_message:243 - Attempting to send message to Telegram
2025-01-19 17:55:39.263 | INFO     | utils.utils:send_telegram_message:249 - Message sent successfully. Status code: 200
2025-01-19 17:55:39.265 | ERROR    | utils.utils:post_twitter:44 - Tweet Error
Tweet Error
: 403 Forbidden
You are not permitted to perform this action.

Global Markets YTD:
游릭 #DAX -> 4.92 %
游릭 #EuroStoxx-50 -> 4.74 %
游릭 #CAC-40 -> 4.54 %
游릭 #FTSE-100 -> 4.06 %
游릭 #Ibex-35 -> 2.63 %
游릭 #DowJones -> 1.94 %
游릭 #SP-500 -> 1.58 %
游릭 #Russell-2000 -> 1.52 %
游릭 #NASDAQ-100 -> 1.52 %
游댮 #Nikkei-225 -> -3.74 %

#Stocks #Nasdaq #Investor #trader
2025-01-19 18:10:09.372 | INFO     | __main__:__init__:23 - initialize Performance Markets
2025-01-19 18:10:11.257 | INFO     | __main__:post_performance:122 - Posting message (258 chars):
2025-01-19 18:10:11.257 | INFO     | __main__:post_tweet:45 - 
Global Markets 1-WTD:
游릭 #Russell-2000 -> 4.57 %
游릭 #NASDAQ-100 -> 4.12 %
游릭 #CAC-40 -> 4.05 %
游릭 #DowJones -> 3.73 %
游릭 #SP-500 -> 3.71 %
游릭 #EuroStoxx-50 -> 3.7 %
游릭 #DAX -> 3.7 %
游릭 #FTSE-100 -> 3.11 %
游릭 #Ibex-35 -> 2.18 %
游댮 #Nikkei-225 -> -1.43 %

#Stockmarkets
2025-01-19 18:10:11.258 | INFO     | utils.utils:post_twitter:35 - Tweet lenght: 258
2025-01-19 18:10:11.683 | INFO     | utils.utils:send_telegram_message:221 - Using bot_token: 6379257583...
2025-01-19 18:10:11.684 | INFO     | utils.utils:send_telegram_message:222 - Sending to chat_id: -1002313822545
2025-01-19 18:10:11.685 | INFO     | utils.utils:send_telegram_message:243 - Attempting to send message to Telegram
2025-01-19 18:10:11.929 | INFO     | utils.utils:send_telegram_message:249 - Message sent successfully. Status code: 200
2025-01-19 18:10:11.930 | SUCCESS  | utils.utils:post_twitter:40 - Tweet posted: 
Global Markets 1-WTD:
游릭 #Russell-2000 -> 4.57 %
游릭 #NASDAQ-100 -> 4.12 %
游릭 #CAC-40 -> 4.05 %
游릭 #DowJones -> 3.73 %
游릭 #SP-500 -> 3.71 %
游릭 #EuroStoxx-50 -> 3.7 %
游릭 #DAX -> 3.7 %
游릭 #FTSE-100 -> 3.11 %
游릭 #Ibex-35 -> 2.18 %
游댮 #Nikkei-225 -> -1.43 %

#Stockmarkets
2025-01-19 18:10:11.932 | INFO     | __main__:post_performance:122 - Posting message (258 chars):
2025-01-19 18:10:11.933 | INFO     | __main__:post_tweet:45 - 
Global Markets YTD:
游릭 #DAX -> 4.92 %
游릭 #EuroStoxx-50 -> 4.74 %
游릭 #CAC-40 -> 4.54 %
游릭 #FTSE-100 -> 4.06 %
游릭 #Ibex-35 -> 2.63 %
游릭 #DowJones -> 1.94 %
游릭 #SP-500 -> 1.58 %
游릭 #Russell-2000 -> 1.52 %
游릭 #NASDAQ-100 -> 1.52 %
游댮 #Nikkei-225 -> -3.74 %

#Stockmarkets
2025-01-19 18:10:11.933 | INFO     | utils.utils:post_twitter:35 - Tweet lenght: 258
2025-01-19 18:10:12.296 | INFO     | utils.utils:send_telegram_message:221 - Using bot_token: 6379257583...
2025-01-19 18:10:12.297 | INFO     | utils.utils:send_telegram_message:222 - Sending to chat_id: -1002313822545
2025-01-19 18:10:12.298 | INFO     | utils.utils:send_telegram_message:243 - Attempting to send message to Telegram
2025-01-19 18:10:12.533 | INFO     | utils.utils:send_telegram_message:249 - Message sent successfully. Status code: 200
2025-01-19 18:10:12.534 | SUCCESS  | utils.utils:post_twitter:40 - Tweet posted: 
Global Markets YTD:
游릭 #DAX -> 4.92 %
游릭 #EuroStoxx-50 -> 4.74 %
游릭 #CAC-40 -> 4.54 %
游릭 #FTSE-100 -> 4.06 %
游릭 #Ibex-35 -> 2.63 %
游릭 #DowJones -> 1.94 %
游릭 #SP-500 -> 1.58 %
游릭 #Russell-2000 -> 1.52 %
游릭 #NASDAQ-100 -> 1.52 %
游댮 #Nikkei-225 -> -3.74 %

#Stockmarkets
2025-01-19 18:12:13.903 | INFO     | __main__:__init__:23 - initialize Performance Markets
2025-01-19 18:12:15.689 | INFO     | __main__:post_performance:122 - Posting message (271 chars):
2025-01-19 18:12:15.689 | INFO     | __main__:post_tweet:45 - 
Global Markets 1-WTD:
游릭 #Russell_2000 -> 4.57 %
游릭 #NASDAQ_100 -> 4.12 %
游릭 #CAC_40 -> 4.05 %
游릭 #DowJones -> 3.73 %
游릭 #SP_500 -> 3.71 %
游릭 #EuroStoxx_50 -> 3.7 %
游릭 #DAX -> 3.7 %
游릭 #FTSE_100 -> 3.11 %
游릭 #Ibex_35 -> 2.18 %
游댮 #Nikkei_225 -> -1.43 %

#StockMarkets #Performance
2025-01-19 18:12:15.690 | INFO     | utils.utils:post_twitter:35 - Tweet lenght: 271
2025-01-19 18:12:16.118 | INFO     | utils.utils:send_telegram_message:221 - Using bot_token: 6379257583...
2025-01-19 18:12:16.119 | INFO     | utils.utils:send_telegram_message:222 - Sending to chat_id: -1002313822545
2025-01-19 18:12:16.121 | INFO     | utils.utils:send_telegram_message:243 - Attempting to send message to Telegram
2025-01-19 18:12:16.432 | INFO     | utils.utils:send_telegram_message:249 - Message sent successfully. Status code: 200
2025-01-19 18:12:16.434 | SUCCESS  | utils.utils:post_twitter:40 - Tweet posted: 
Global Markets 1-WTD:
游릭 #Russell_2000 -> 4.57 %
游릭 #NASDAQ_100 -> 4.12 %
游릭 #CAC_40 -> 4.05 %
游릭 #DowJones -> 3.73 %
游릭 #SP_500 -> 3.71 %
游릭 #EuroStoxx_50 -> 3.7 %
游릭 #DAX -> 3.7 %
游릭 #FTSE_100 -> 3.11 %
游릭 #Ibex_35 -> 2.18 %
游댮 #Nikkei_225 -> -1.43 %

#StockMarkets #Performance
2025-01-19 18:12:16.439 | INFO     | __main__:post_performance:122 - Posting message (271 chars):
2025-01-19 18:12:16.440 | INFO     | __main__:post_tweet:45 - 
Global Markets YTD:
游릭 #DAX -> 4.92 %
游릭 #EuroStoxx_50 -> 4.74 %
游릭 #CAC_40 -> 4.54 %
游릭 #FTSE_100 -> 4.06 %
游릭 #Ibex_35 -> 2.63 %
游릭 #DowJones -> 1.94 %
游릭 #SP_500 -> 1.58 %
游릭 #Russell_2000 -> 1.52 %
游릭 #NASDAQ_100 -> 1.52 %
游댮 #Nikkei_225 -> -3.74 %

#StockMarkets #Performance
2025-01-19 18:12:16.442 | INFO     | utils.utils:post_twitter:35 - Tweet lenght: 271
2025-01-19 18:12:16.825 | INFO     | utils.utils:send_telegram_message:221 - Using bot_token: 6379257583...
2025-01-19 18:12:16.827 | INFO     | utils.utils:send_telegram_message:222 - Sending to chat_id: -1002313822545
2025-01-19 18:12:16.828 | INFO     | utils.utils:send_telegram_message:243 - Attempting to send message to Telegram
2025-01-19 18:12:17.110 | INFO     | utils.utils:send_telegram_message:249 - Message sent successfully. Status code: 200
2025-01-19 18:12:17.112 | SUCCESS  | utils.utils:post_twitter:40 - Tweet posted: 
Global Markets YTD:
游릭 #DAX -> 4.92 %
游릭 #EuroStoxx_50 -> 4.74 %
游릭 #CAC_40 -> 4.54 %
游릭 #FTSE_100 -> 4.06 %
游릭 #Ibex_35 -> 2.63 %
游릭 #DowJones -> 1.94 %
游릭 #SP_500 -> 1.58 %
游릭 #Russell_2000 -> 1.52 %
游릭 #NASDAQ_100 -> 1.52 %
游댮 #Nikkei_225 -> -3.74 %

#StockMarkets #Performance
2025-01-19 18:18:13.292 | INFO     | __main__:__init__:23 - initialize Performance Markets
2025-01-19 18:18:15.154 | INFO     | __main__:post_performance:122 - Posting message (271 chars):
2025-01-19 18:18:15.155 | INFO     | __main__:post_tweet:45 - 
Global Markets 1-WTD:
游릭 #Russell_2000 -> 4.57 %
游릭 #NASDAQ_100 -> 4.12 %
游릭 #CAC_40 -> 4.05 %
游릭 #DowJones -> 3.73 %
游릭 #SP_500 -> 3.71 %
游릭 #EuroStoxx_50 -> 3.7 %
游릭 #DAX -> 3.7 %
游릭 #FTSE_100 -> 3.11 %
游릭 #Ibex_35 -> 2.18 %
游댮 #Nikkei_225 -> -1.43 %

#StockMarkets #Performance
2025-01-19 18:18:15.155 | INFO     | utils.utils:post_twitter:36 - Tweet lenght: 271
2025-01-19 18:18:15.155 | INFO     | utils.utils:send_telegram_message:224 - Using bot_token: 6379257583...
2025-01-19 18:18:15.156 | INFO     | utils.utils:send_telegram_message:225 - Sending to chat_id: -1002313822545
2025-01-19 18:18:15.156 | INFO     | utils.utils:send_telegram_message:246 - Attempting to send message to Telegram
2025-01-19 18:18:15.415 | INFO     | utils.utils:send_telegram_message:252 - Message sent successfully. Status code: 200
2025-01-19 18:18:15.418 | SUCCESS  | utils.utils:post_twitter:41 - Tweet posted: 
Global Markets 1-WTD:
游릭 #Russell_2000 -> 4.57 %
游릭 #NASDAQ_100 -> 4.12 %
游릭 #CAC_40 -> 4.05 %
游릭 #DowJones -> 3.73 %
游릭 #SP_500 -> 3.71 %
游릭 #EuroStoxx_50 -> 3.7 %
游릭 #DAX -> 3.7 %
游릭 #FTSE_100 -> 3.11 %
游릭 #Ibex_35 -> 2.18 %
游댮 #Nikkei_225 -> -1.43 %

#StockMarkets #Performance
2025-01-19 18:18:15.419 | INFO     | utils.utils:post_twitter:48 - Pausing for 161 seconds to maintain proper intervals between Twitter posts.
2025-01-19 18:18:15.425 | INFO     | __main__:post_performance:122 - Posting message (271 chars):
2025-01-19 18:18:15.427 | INFO     | __main__:post_tweet:45 - 
Global Markets YTD:
游릭 #DAX -> 4.92 %
游릭 #EuroStoxx_50 -> 4.74 %
游릭 #CAC_40 -> 4.54 %
游릭 #FTSE_100 -> 4.06 %
游릭 #Ibex_35 -> 2.63 %
游릭 #DowJones -> 1.94 %
游릭 #SP_500 -> 1.58 %
游릭 #Russell_2000 -> 1.52 %
游릭 #NASDAQ_100 -> 1.52 %
游댮 #Nikkei_225 -> -3.74 %

#StockMarkets #Performance
2025-01-19 18:18:15.428 | INFO     | utils.utils:post_twitter:36 - Tweet lenght: 271
2025-01-19 18:18:15.430 | INFO     | utils.utils:send_telegram_message:224 - Using bot_token: 6379257583...
2025-01-19 18:18:15.431 | INFO     | utils.utils:send_telegram_message:225 - Sending to chat_id: -1002313822545
2025-01-19 18:18:15.432 | INFO     | utils.utils:send_telegram_message:246 - Attempting to send message to Telegram
2025-01-19 18:18:15.687 | INFO     | utils.utils:send_telegram_message:252 - Message sent successfully. Status code: 200
2025-01-19 18:18:15.688 | SUCCESS  | utils.utils:post_twitter:41 - Tweet posted: 
Global Markets YTD:
游릭 #DAX -> 4.92 %
游릭 #EuroStoxx_50 -> 4.74 %
游릭 #CAC_40 -> 4.54 %
游릭 #FTSE_100 -> 4.06 %
游릭 #Ibex_35 -> 2.63 %
游릭 #DowJones -> 1.94 %
游릭 #SP_500 -> 1.58 %
游릭 #Russell_2000 -> 1.52 %
游릭 #NASDAQ_100 -> 1.52 %
游댮 #Nikkei_225 -> -3.74 %

#StockMarkets #Performance
2025-01-19 18:18:15.689 | INFO     | utils.utils:post_twitter:48 - Pausing for 79 seconds to maintain proper intervals between Twitter posts.
2025-01-20 00:04:53.759 | INFO     | __main__:__init__:23 - initialize Performance Markets
2025-01-20 00:04:57.294 | INFO     | __main__:post_performance:122 - Posting message (273 chars):
2025-01-20 00:04:57.294 | INFO     | __main__:post_tweet:45 - 
Global Markets 1-WTD:
游릭 #FTSE_100 -> 3.42 %
游릭 #EuroStoxx_50 -> 3.41 %
游릭 #Russell_2000 -> 3.16 %
游릭 #DAX -> 3.14 %
游릭 #CAC_40 -> 3.04 %
游릭 #DowJones -> 2.65 %
游릭 #NASDAQ_100 -> 2.61 %
游릭 #SP_500 -> 2.34 %
游릭 #Ibex_35 -> 1.45 %
游댮 #Nikkei_225 -> -1.43 %

#StockMarkets #Performance
2025-01-20 00:04:57.294 | INFO     | utils.utils:post_twitter:36 - Tweet lenght: 273
2025-01-20 00:04:57.783 | INFO     | utils.utils:send_telegram_message:224 - Using bot_token: 6379257583...
2025-01-20 00:04:57.783 | INFO     | utils.utils:send_telegram_message:225 - Sending to chat_id: -1002313822545
2025-01-20 00:04:57.783 | INFO     | utils.utils:send_telegram_message:246 - Attempting to send message to Telegram
2025-01-20 00:04:58.127 | INFO     | utils.utils:send_telegram_message:252 - Message sent successfully. Status code: 200
2025-01-20 00:04:58.127 | SUCCESS  | utils.utils:post_twitter:41 - Tweet posted: 
Global Markets 1-WTD:
游릭 #FTSE_100 -> 3.42 %
游릭 #EuroStoxx_50 -> 3.41 %
游릭 #Russell_2000 -> 3.16 %
游릭 #DAX -> 3.14 %
游릭 #CAC_40 -> 3.04 %
游릭 #DowJones -> 2.65 %
游릭 #NASDAQ_100 -> 2.61 %
游릭 #SP_500 -> 2.34 %
游릭 #Ibex_35 -> 1.45 %
游댮 #Nikkei_225 -> -1.43 %

#StockMarkets #Performance
2025-01-20 00:04:58.127 | INFO     | utils.utils:post_twitter:48 - Pausing for 135 seconds to maintain proper intervals between Twitter posts.
2025-01-20 00:04:58.142 | INFO     | __main__:post_performance:122 - Posting message (271 chars):
2025-01-20 00:04:58.142 | INFO     | __main__:post_tweet:45 - 
Global Markets YTD:
游릭 #DAX -> 4.92 %
游릭 #EuroStoxx_50 -> 4.74 %
游릭 #CAC_40 -> 4.54 %
游릭 #FTSE_100 -> 4.06 %
游릭 #Ibex_35 -> 2.63 %
游릭 #DowJones -> 1.94 %
游릭 #SP_500 -> 1.58 %
游릭 #Russell_2000 -> 1.52 %
游릭 #NASDAQ_100 -> 1.52 %
游댮 #Nikkei_225 -> -3.74 %

#StockMarkets #Performance
2025-01-20 00:04:58.142 | INFO     | utils.utils:post_twitter:36 - Tweet lenght: 271
2025-01-20 00:04:58.437 | ERROR    | utils.utils:post_twitter:43 - 403 Forbidden
You are not allowed to create a Tweet with duplicate content.
2025-01-20 00:04:58.437 | INFO     | utils.utils:send_telegram_message:224 - Using bot_token: 6379257583...
2025-01-20 00:04:58.437 | INFO     | utils.utils:send_telegram_message:225 - Sending to chat_id: -1002313822545
2025-01-20 00:04:58.437 | INFO     | utils.utils:send_telegram_message:246 - Attempting to send message to Telegram
2025-01-20 00:04:58.730 | INFO     | utils.utils:send_telegram_message:252 - Message sent successfully. Status code: 200
2025-01-20 00:04:58.730 | ERROR    | utils.utils:post_twitter:45 - Tweet Error
Tweet Error
: 403 Forbidden
You are not allowed to create a Tweet with duplicate content.

Global Markets YTD:
游릭 #DAX -> 4.92 %
游릭 #EuroStoxx_50 -> 4.74 %
游릭 #CAC_40 -> 4.54 %
游릭 #FTSE_100 -> 4.06 %
游릭 #Ibex_35 -> 2.63 %
游릭 #DowJones -> 1.94 %
游릭 #SP_500 -> 1.58 %
游릭 #Russell_2000 -> 1.52 %
游릭 #NASDAQ_100 -> 1.52 %
游댮 #Nikkei_225 -> -3.74 %

#StockMarkets #Performance
2025-01-20 00:04:58.730 | INFO     | utils.utils:post_twitter:48 - Pausing for 122 seconds to maintain proper intervals between Twitter posts.
2025-03-24 18:34:15.974 | INFO     | __main__:__init__:23 - initialize Performance Markets
2025-03-24 18:34:17.995 | INFO     | __main__:post_performance:122 - Posting message (262 chars):
2025-03-24 18:34:17.996 | INFO     | __main__:post_tweet:45 - 
Global Markets 1-WTD:
游릭 #NASDAQ_100 -> 2.46 %
游릭 #Russell_2000 -> 1.74 %
游릭 #DowJones -> 1.68 %
游릭 #Ibex_35 -> 1.1 %
游릭 #SP_500 -> 0.23 %
游댮 #FTSE_100 -> -0.49 %
游댮 #Nikkei_225 -> -0.69 %
游댮 #EuroStoxx_50 -> -0.7 %
游댮 #CAC_40 -> -0.97 %
游댮 #DAX -> -1.78 %

#StockMarkets
2025-03-24 18:34:17.996 | INFO     | utils.utils:post_twitter:37 - Tweet lenght: 262
2025-03-24 18:34:18.354 | INFO     | utils.utils:send_telegram_message:254 - Using bot_token: 6379257583...
2025-03-24 18:34:18.354 | INFO     | utils.utils:send_telegram_message:255 - Sending to chat_id: -1002313822545
2025-03-24 18:34:18.354 | INFO     | utils.utils:send_telegram_message:276 - Attempting to send message to Telegram
2025-03-24 18:34:18.635 | INFO     | utils.utils:send_telegram_message:282 - Message sent successfully. Status code: 200
2025-03-24 18:34:18.636 | SUCCESS  | utils.utils:post_twitter:42 - Tweet posted: 
Global Markets 1-WTD:
游릭 #NASDAQ_100 -> 2.46 %
游릭 #Russell_2000 -> 1.74 %
游릭 #DowJones -> 1.68 %
游릭 #Ibex_35 -> 1.1 %
游릭 #SP_500 -> 0.23 %
游댮 #FTSE_100 -> -0.49 %
游댮 #Nikkei_225 -> -0.69 %
游댮 #EuroStoxx_50 -> -0.7 %
游댮 #CAC_40 -> -0.97 %
游댮 #DAX -> -1.78 %

#StockMarkets
2025-03-24 18:34:18.636 | INFO     | utils.utils:post_twitter:49 - Pausing for 216 seconds to maintain proper intervals between Twitter posts.
2025-03-24 18:34:18.639 | INFO     | __main__:post_performance:122 - Posting message (264 chars):
2025-03-24 18:34:18.640 | INFO     | __main__:post_tweet:45 - 
Global Markets YTD:
游릭 #Ibex_35 -> 14.75 %
游릭 #DAX -> 14.7 %
游릭 #EuroStoxx_50 -> 10.18 %
游릭 #CAC_40 -> 8.78 %
游릭 #FTSE_100 -> 5.69 %
游댮 #DowJones -> -0.44 %
游댮 #SP_500 -> -3.99 %
游댮 #NASDAQ_100 -> -4.64 %
游댮 #Nikkei_225 -> -5.85 %
游댮 #Russell_2000 -> -6.47 %

#StockMarkets
2025-03-24 18:34:18.640 | INFO     | utils.utils:post_twitter:37 - Tweet lenght: 264
2025-03-24 18:34:18.932 | INFO     | utils.utils:send_telegram_message:254 - Using bot_token: 6379257583...
2025-03-24 18:34:18.932 | INFO     | utils.utils:send_telegram_message:255 - Sending to chat_id: -1002313822545
2025-03-24 18:34:18.935 | INFO     | utils.utils:send_telegram_message:276 - Attempting to send message to Telegram
2025-03-24 18:34:19.197 | INFO     | utils.utils:send_telegram_message:282 - Message sent successfully. Status code: 200
2025-03-24 18:34:19.198 | SUCCESS  | utils.utils:post_twitter:42 - Tweet posted: 
Global Markets YTD:
游릭 #Ibex_35 -> 14.75 %
游릭 #DAX -> 14.7 %
游릭 #EuroStoxx_50 -> 10.18 %
游릭 #CAC_40 -> 8.78 %
游릭 #FTSE_100 -> 5.69 %
游댮 #DowJones -> -0.44 %
游댮 #SP_500 -> -3.99 %
游댮 #NASDAQ_100 -> -4.64 %
游댮 #Nikkei_225 -> -5.85 %
游댮 #Russell_2000 -> -6.47 %

#StockMarkets
2025-03-24 18:34:19.200 | INFO     | utils.utils:post_twitter:49 - Pausing for 269 seconds to maintain proper intervals between Twitter posts.
2025-05-09 16:00:13.477 | INFO     | __main__:__init__:24 - initialize Performance Markets
2025-05-09 16:00:19.873 | INFO     | __main__:post_performance:124 - Posting message (260 chars):
2025-05-09 16:00:19.874 | INFO     | __main__:post_tweet:46 - 
Global Markets 1-WTD:
游릭 #DAX -> 1.89 %
游릭 #Nikkei_225 -> 1.62 %
游릭 #Russell_2000 -> 1.58 %
游릭 #NASDAQ_100 -> 1.24 %
游릭 #EuroStoxx_50 -> 0.85 %
游릭 #DowJones -> 0.68 %
游릭 #Ibex_35 -> 0.59 %
游릭 #CAC_40 -> 0.25 %
游릭 #SP_500 -> 0.15 %
游댮 #FTSE_100 -> -0.49 %

#StockMarkets
2025-05-09 16:00:19.875 | INFO     | utils.utils:post_twitter:37 - Tweet lenght: 282
2025-05-09 16:00:20.110 | ERROR    | utils.utils:post_twitter:44 - 403 Forbidden
You are not permitted to perform this action.
2025-05-09 16:00:20.111 | INFO     | utils.utils:send_telegram_message:254 - Using bot_token: 6379257583...
2025-05-09 16:00:20.113 | INFO     | utils.utils:send_telegram_message:255 - Sending to chat_id: -1002313822545
2025-05-09 16:00:20.115 | INFO     | utils.utils:send_telegram_message:276 - Attempting to send message to Telegram
2025-05-09 16:00:20.482 | INFO     | utils.utils:send_telegram_message:282 - Message sent successfully. Status code: 200
2025-05-09 16:00:20.483 | ERROR    | utils.utils:post_twitter:46 - Tweet Error
Tweet Error
: 403 Forbidden
You are not permitted to perform this action.

Global Markets 1-WTD:
游릭 #DAX -> 1.89 %
游릭 #Nikkei_225 -> 1.62 %
游릭 #Russell_2000 -> 1.58 %
游릭 #NASDAQ_100 -> 1.24 %
游릭 #EuroStoxx_50 -> 0.85 %
游릭 #DowJones -> 0.68 %
游릭 #Ibex_35 -> 0.59 %
游릭 #CAC_40 -> 0.25 %
游릭 #SP_500 -> 0.15 %
游댮 #FTSE_100 -> -0.49 %

#StockMarkets
@Grok provide context
2025-05-09 16:00:20.484 | INFO     | utils.utils:post_twitter:49 - Pausing for 381 seconds to maintain proper intervals between Twitter posts.
2025-05-09 16:05:20.505 | INFO     | __main__:post_performance:124 - Posting message (263 chars):
2025-05-09 16:05:20.506 | INFO     | __main__:post_tweet:46 - 
Global Markets YTD:
游릭 #DAX -> 17.95 %
游릭 #Ibex_35 -> 16.73 %
游릭 #EuroStoxx_50 -> 8.13 %
游릭 #CAC_40 -> 5.15 %
游릭 #FTSE_100 -> 4.67 %
游댮 #DowJones -> -2.83 %
游댮 #SP_500 -> -4.05 %
游댮 #NASDAQ_100 -> -4.47 %
游댮 #Nikkei_225 -> -6.11 %
游댮 #Russell_2000 -> -9.2 %

#StockMarkets
2025-05-09 16:05:20.507 | INFO     | utils.utils:post_twitter:37 - Tweet lenght: 285
2025-05-09 16:05:20.761 | ERROR    | utils.utils:post_twitter:44 - 403 Forbidden
You are not permitted to perform this action.
2025-05-09 16:05:20.762 | INFO     | utils.utils:send_telegram_message:254 - Using bot_token: 6379257583...
2025-05-09 16:05:20.762 | INFO     | utils.utils:send_telegram_message:255 - Sending to chat_id: -1002313822545
2025-05-09 16:05:20.764 | INFO     | utils.utils:send_telegram_message:276 - Attempting to send message to Telegram
2025-05-09 16:05:21.068 | INFO     | utils.utils:send_telegram_message:282 - Message sent successfully. Status code: 200
2025-05-09 16:05:21.070 | ERROR    | utils.utils:post_twitter:46 - Tweet Error
Tweet Error
: 403 Forbidden
You are not permitted to perform this action.

Global Markets YTD:
游릭 #DAX -> 17.95 %
游릭 #Ibex_35 -> 16.73 %
游릭 #EuroStoxx_50 -> 8.13 %
游릭 #CAC_40 -> 5.15 %
游릭 #FTSE_100 -> 4.67 %
游댮 #DowJones -> -2.83 %
游댮 #SP_500 -> -4.05 %
游댮 #NASDAQ_100 -> -4.47 %
游댮 #Nikkei_225 -> -6.11 %
游댮 #Russell_2000 -> -9.2 %

#StockMarkets
@Grok provide context
2025-05-09 16:05:21.071 | INFO     | utils.utils:post_twitter:49 - Pausing for 216 seconds to maintain proper intervals between Twitter posts.
2025-05-24 13:22:07.456 | INFO     | __main__:__init__:24 - initialize Performance Markets
2025-05-24 13:22:11.760 | INFO     | __main__:post_performance:124 - Posting message (243 chars):
2025-05-24 13:22:11.760 | INFO     | __main__:post_tweet:46 - 
Global Markets 1-WTD:
游릭 #FTSE_100 -> 0.4 %
游릭 #Ibex_35 -> 0.2 %
游댮 #DAX -> -0.3 %
游댮 #Nikkei_225 -> -1.1 %
游댮 #NASDAQ_100 -> -1.1 %
游댮 #EuroStoxx_50 -> -1.5 %
游댮 #CAC_40 -> -1.5 %
游댮 #SP_500 -> -1.7 %
游댮 #Russell_2000 -> -2.0 %
游댮 #DowJones -> -2.2 %

2025-05-24 13:22:11.761 | INFO     | utils.utils:post_twitter:38 - Tweet lenght: 257
2025-05-24 13:22:11.761 | INFO     | utils.utils:send_telegram_message:261 - Using bot_token: 6379257583...
2025-05-24 13:22:11.762 | INFO     | utils.utils:send_telegram_message:262 - Sending to chat_id: -1002313822545
2025-05-24 13:22:11.762 | INFO     | utils.utils:send_telegram_message:283 - Attempting to send message to Telegram
2025-05-24 13:22:12.005 | INFO     | utils.utils:send_telegram_message:289 - Message sent successfully. Status code: 200
2025-05-24 13:22:12.408 | INFO     | utils.utils:send_telegram_message:261 - Using bot_token: 6379257583...
2025-05-24 13:22:12.409 | INFO     | utils.utils:send_telegram_message:262 - Sending to chat_id: -1002313822545
2025-05-24 13:22:12.411 | INFO     | utils.utils:send_telegram_message:283 - Attempting to send message to Telegram
2025-05-24 13:22:12.680 | INFO     | utils.utils:send_telegram_message:289 - Message sent successfully. Status code: 200
2025-05-24 13:22:12.680 | SUCCESS  | utils.utils:post_twitter:46 - Tweet posted: 
Global Markets 1-WTD:
游릭 #FTSE_100 -> 0.4 %
游릭 #Ibex_35 -> 0.2 %
游댮 #DAX -> -0.3 %
游댮 #Nikkei_225 -> -1.1 %
游댮 #NASDAQ_100 -> -1.1 %
游댮 #EuroStoxx_50 -> -1.5 %
游댮 #CAC_40 -> -1.5 %
游댮 #SP_500 -> -1.7 %
游댮 #Russell_2000 -> -2.0 %
游댮 #DowJones -> -2.2 %

@Grok context
2025-05-24 13:22:12.681 | INFO     | utils.utils:post_twitter:53 - Pausing for 491 seconds to maintain proper intervals between Twitter posts.
2025-05-24 13:27:12.692 | INFO     | __main__:post_performance:124 - Posting message (240 chars):
2025-05-24 13:27:12.692 | INFO     | __main__:post_tweet:46 - 
Global Markets YTD:
游릭 #Ibex_35 -> 21.5 %
游릭 #DAX -> 18.6 %
游릭 #EuroStoxx_50 -> 8.4 %
游릭 #FTSE_100 -> 6.7 %
游릭 #CAC_40 -> 4.9 %
游댮 #NASDAQ_100 -> -1.0 %
游댮 #SP_500 -> -1.7 %
游댮 #DowJones -> -2.5 %
游댮 #Nikkei_225 -> -7.0 %
游댮 #Russell_2000 -> -9.0 %

2025-05-24 13:27:12.693 | INFO     | utils.utils:post_twitter:38 - Tweet lenght: 254
2025-05-24 13:27:12.694 | INFO     | utils.utils:send_telegram_message:261 - Using bot_token: 6379257583...
2025-05-24 13:27:12.694 | INFO     | utils.utils:send_telegram_message:262 - Sending to chat_id: -1002313822545
2025-05-24 13:27:12.695 | INFO     | utils.utils:send_telegram_message:283 - Attempting to send message to Telegram
2025-05-24 13:27:12.935 | INFO     | utils.utils:send_telegram_message:289 - Message sent successfully. Status code: 200
2025-05-24 13:27:13.325 | INFO     | utils.utils:send_telegram_message:261 - Using bot_token: 6379257583...
2025-05-24 13:27:13.328 | INFO     | utils.utils:send_telegram_message:262 - Sending to chat_id: -1002313822545
2025-05-24 13:27:13.329 | INFO     | utils.utils:send_telegram_message:283 - Attempting to send message to Telegram
2025-05-24 13:27:13.551 | INFO     | utils.utils:send_telegram_message:289 - Message sent successfully. Status code: 200
2025-05-24 13:27:13.552 | SUCCESS  | utils.utils:post_twitter:46 - Tweet posted: 
Global Markets YTD:
游릭 #Ibex_35 -> 21.5 %
游릭 #DAX -> 18.6 %
游릭 #EuroStoxx_50 -> 8.4 %
游릭 #FTSE_100 -> 6.7 %
游릭 #CAC_40 -> 4.9 %
游댮 #NASDAQ_100 -> -1.0 %
游댮 #SP_500 -> -1.7 %
游댮 #DowJones -> -2.5 %
游댮 #Nikkei_225 -> -7.0 %
游댮 #Russell_2000 -> -9.0 %

@Grok context
2025-05-24 13:27:13.552 | INFO     | utils.utils:post_twitter:53 - Pausing for 570 seconds to maintain proper intervals between Twitter posts.
