2025-01-19 18:18:39.572 | INFO     | __main__:__init__:23 - initialize Performance sector
2025-01-19 18:19:14.538 | INFO     | __main__:__init__:24 - initialize Performance sector
2025-01-19 18:19:15.119 | INFO     | __main__:post_performance:100 - 
#Industrial Sectors -> WTD:

2025-01-19 18:19:15.119 | INFO     | __main__:post_performance:101 - length message: 29
2025-01-19 18:19:15.120 | INFO     | utils.utils:post_twitter:36 - Tweet lenght: 29
2025-01-19 18:19:15.120 | INFO     | utils.utils:send_telegram_message:224 - Using bot_token: 6379257583...
2025-01-19 18:19:15.120 | INFO     | utils.utils:send_telegram_message:225 - Sending to chat_id: -1002313822545
2025-01-19 18:19:15.122 | INFO     | utils.utils:send_telegram_message:246 - Attempting to send message to Telegram
2025-01-19 18:19:15.398 | INFO     | utils.utils:send_telegram_message:252 - Message sent successfully. Status code: 200
2025-01-19 18:19:15.401 | SUCCESS  | utils.utils:post_twitter:41 - Tweet posted: 
#Industrial Sectors -> WTD:

2025-01-19 18:19:15.402 | INFO     | utils.utils:post_twitter:48 - Pausing for 122 seconds to maintain proper intervals between Twitter posts.
2025-01-19 18:19:15.406 | INFO     | __main__:post_performance:100 - 
#Industrial Sectors -> 1YTD:

2025-01-19 18:19:15.407 | INFO     | __main__:post_performance:101 - length message: 30
2025-01-19 18:19:15.408 | INFO     | utils.utils:post_twitter:36 - Tweet lenght: 30
2025-01-19 18:19:15.409 | INFO     | utils.utils:send_telegram_message:224 - Using bot_token: 6379257583...
2025-01-19 18:19:15.410 | INFO     | utils.utils:send_telegram_message:225 - Sending to chat_id: -1002313822545
2025-01-19 18:19:15.411 | INFO     | utils.utils:send_telegram_message:246 - Attempting to send message to Telegram
2025-01-19 18:19:15.709 | INFO     | utils.utils:send_telegram_message:252 - Message sent successfully. Status code: 200
2025-01-19 18:19:15.710 | SUCCESS  | utils.utils:post_twitter:41 - Tweet posted: 
#Industrial Sectors -> 1YTD:

2025-01-19 18:19:15.711 | INFO     | utils.utils:post_twitter:48 - Pausing for 123 seconds to maintain proper intervals between Twitter posts.
2025-01-19 18:20:04.894 | INFO     | __main__:__init__:24 - initialize Performance sector
2025-01-19 18:20:05.467 | INFO     | __main__:post_performance:100 - 
#Industrial Sectors -> WTD:

2025-01-19 18:20:05.467 | INFO     | __main__:post_performance:101 - length message: 29
2025-01-19 18:20:05.468 | INFO     | utils.utils:post_twitter:36 - Tweet lenght: 29
2025-01-19 18:20:05.468 | INFO     | utils.utils:send_telegram_message:224 - Using bot_token: 6379257583...
2025-01-19 18:20:05.468 | INFO     | utils.utils:send_telegram_message:225 - Sending to chat_id: -1002313822545
2025-01-19 18:20:05.469 | INFO     | utils.utils:send_telegram_message:246 - Attempting to send message to Telegram
2025-01-19 18:20:05.724 | INFO     | utils.utils:send_telegram_message:252 - Message sent successfully. Status code: 200
2025-01-19 18:20:05.727 | SUCCESS  | utils.utils:post_twitter:41 - Tweet posted: 
#Industrial Sectors -> WTD:

2025-01-19 18:20:05.728 | INFO     | utils.utils:post_twitter:48 - Pausing for 176 seconds to maintain proper intervals between Twitter posts.
2025-01-19 18:20:05.731 | INFO     | __main__:post_performance:100 - 
#Industrial Sectors -> 1YTD:

2025-01-19 18:20:05.732 | INFO     | __main__:post_performance:101 - length message: 30
2025-01-19 18:20:05.733 | INFO     | utils.utils:post_twitter:36 - Tweet lenght: 30
2025-01-19 18:20:05.734 | INFO     | utils.utils:send_telegram_message:224 - Using bot_token: 6379257583...
2025-01-19 18:20:05.735 | INFO     | utils.utils:send_telegram_message:225 - Sending to chat_id: -1002313822545
2025-01-19 18:20:05.736 | INFO     | utils.utils:send_telegram_message:246 - Attempting to send message to Telegram
2025-01-19 18:20:05.954 | INFO     | utils.utils:send_telegram_message:252 - Message sent successfully. Status code: 200
2025-01-19 18:20:05.957 | SUCCESS  | utils.utils:post_twitter:41 - Tweet posted: 
#Industrial Sectors -> 1YTD:

2025-01-19 18:20:05.958 | INFO     | utils.utils:post_twitter:48 - Pausing for 64 seconds to maintain proper intervals between Twitter posts.
2025-01-19 18:21:48.419 | INFO     | __main__:__init__:24 - initialize Performance sector
2025-01-19 18:22:19.592 | INFO     | __main__:__init__:24 - initialize Performance sector
2025-01-19 18:27:07.678 | INFO     | __main__:__init__:24 - initialize Performance sector
2025-01-19 18:28:13.539 | INFO     | __main__:__init__:24 - initialize Performance sector
2025-01-19 18:28:30.229 | INFO     | __main__:__init__:24 - initialize Performance sector
2025-01-19 18:28:32.583 | INFO     | __main__:post_performance:100 - 
#Industrial Sectors -> WTD:
游릭 #Health -> 0.3%
游릭 #Staples -> 1.3%
游릭 #Comm -> 2.5%
游릭 #IT -> 4.0%
游릭 #Utilities -> 4.6%
游릭 #Discrec -> 4.7%
游릭 #Real -> 4.9%
游릭 #Energy -> 5.6%
游릭 #Indust -> 5.7%
游릭 #Materials -> 6.4%
游릭 #Financial -> 7.0%
游릭 #SemiCond -> 7.4%

2025-01-19 18:28:32.584 | INFO     | __main__:post_performance:101 - length message: 250
2025-01-19 18:28:32.584 | INFO     | utils.utils:post_twitter:36 - Tweet lenght: 250
2025-01-19 18:28:32.584 | INFO     | utils.utils:send_telegram_message:224 - Using bot_token: 6379257583...
2025-01-19 18:28:32.585 | INFO     | utils.utils:send_telegram_message:225 - Sending to chat_id: -1002313822545
2025-01-19 18:28:32.585 | INFO     | utils.utils:send_telegram_message:246 - Attempting to send message to Telegram
2025-01-19 18:28:32.909 | INFO     | utils.utils:send_telegram_message:252 - Message sent successfully. Status code: 200
2025-01-19 18:28:32.912 | SUCCESS  | utils.utils:post_twitter:41 - Tweet posted: 
#Industrial Sectors -> WTD:
游릭 #Health -> 0.3%
游릭 #Staples -> 1.3%
游릭 #Comm -> 2.5%
游릭 #IT -> 4.0%
游릭 #Utilities -> 4.6%
游릭 #Discrec -> 4.7%
游릭 #Real -> 4.9%
游릭 #Energy -> 5.6%
游릭 #Indust -> 5.7%
游릭 #Materials -> 6.4%
游릭 #Financial -> 7.0%
游릭 #SemiCond -> 7.4%

2025-01-19 18:28:32.913 | INFO     | utils.utils:post_twitter:48 - Pausing for 170 seconds to maintain proper intervals between Twitter posts.
2025-01-19 18:28:32.920 | INFO     | __main__:post_performance:100 - 
#Industrial Sectors -> 1YTD:
游댮 #Staples -> -1.1%
游릭 #IT -> 0.1%
游릭 #Real -> 0.6%
游릭 #Comm -> 1.1%
游릭 #Health -> 1.4%
游릭 #Discrec -> 2.5%
游릭 #Utilities -> 3.3%
游릭 #Financial -> 3.5%
游릭 #Indust -> 4.0%
游릭 #Materials -> 4.3%
游릭 #SemiCond -> 5.5%
游릭 #Energy -> 8.7%

2025-01-19 18:28:32.921 | INFO     | __main__:post_performance:101 - length message: 252
2025-01-19 18:28:32.922 | INFO     | utils.utils:post_twitter:36 - Tweet lenght: 252
2025-01-19 18:28:32.923 | INFO     | utils.utils:send_telegram_message:224 - Using bot_token: 6379257583...
2025-01-19 18:28:32.925 | INFO     | utils.utils:send_telegram_message:225 - Sending to chat_id: -1002313822545
2025-01-19 18:28:32.926 | INFO     | utils.utils:send_telegram_message:246 - Attempting to send message to Telegram
2025-01-19 18:28:33.188 | INFO     | utils.utils:send_telegram_message:252 - Message sent successfully. Status code: 200
2025-01-19 18:28:33.190 | SUCCESS  | utils.utils:post_twitter:41 - Tweet posted: 
#Industrial Sectors -> 1YTD:
游댮 #Staples -> -1.1%
游릭 #IT -> 0.1%
游릭 #Real -> 0.6%
游릭 #Comm -> 1.1%
游릭 #Health -> 1.4%
游릭 #Discrec -> 2.5%
游릭 #Utilities -> 3.3%
游릭 #Financial -> 3.5%
游릭 #Indust -> 4.0%
游릭 #Materials -> 4.3%
游릭 #SemiCond -> 5.5%
游릭 #Energy -> 8.7%

2025-01-19 18:28:33.191 | INFO     | utils.utils:post_twitter:48 - Pausing for 71 seconds to maintain proper intervals between Twitter posts.
2025-01-20 17:06:16.379 | INFO     | __main__:__init__:24 - initialize Performance sector
2025-01-20 17:06:18.963 | INFO     | __main__:post_performance:100 - 
#Industrial Sectors -> WTD:
游댮 #Health -> -0.8%
游릭 #Staples -> 1.1%
游릭 #Comm -> 1.7%
游릭 #IT -> 2.2%
游릭 #Discrec -> 2.2%
游릭 #Indust -> 2.9%
游릭 #Real -> 3.1%
游릭 #Materials -> 3.1%
游릭 #Energy -> 4.3%
游릭 #SemiCond -> 4.7%
游릭 #Financial -> 5.0%
游릭 #Utilities -> 5.1%

2025-01-20 17:06:18.964 | INFO     | __main__:post_performance:101 - length message: 251
2025-01-20 17:06:18.964 | INFO     | utils.utils:post_twitter:36 - Tweet lenght: 251
2025-01-20 17:06:19.356 | INFO     | utils.utils:send_telegram_message:224 - Using bot_token: 6379257583...
2025-01-20 17:06:19.356 | INFO     | utils.utils:send_telegram_message:225 - Sending to chat_id: -1002313822545
2025-01-20 17:06:19.357 | INFO     | utils.utils:send_telegram_message:246 - Attempting to send message to Telegram
2025-01-20 17:06:19.726 | INFO     | utils.utils:send_telegram_message:252 - Message sent successfully. Status code: 200
2025-01-20 17:06:19.728 | SUCCESS  | utils.utils:post_twitter:41 - Tweet posted: 
#Industrial Sectors -> WTD:
游댮 #Health -> -0.8%
游릭 #Staples -> 1.1%
游릭 #Comm -> 1.7%
游릭 #IT -> 2.2%
游릭 #Discrec -> 2.2%
游릭 #Indust -> 2.9%
游릭 #Real -> 3.1%
游릭 #Materials -> 3.1%
游릭 #Energy -> 4.3%
游릭 #SemiCond -> 4.7%
游릭 #Financial -> 5.0%
游릭 #Utilities -> 5.1%

2025-01-20 17:06:19.729 | INFO     | utils.utils:post_twitter:48 - Pausing for 98 seconds to maintain proper intervals between Twitter posts.
2025-01-20 17:06:19.738 | INFO     | __main__:post_performance:100 - 
#Industrial Sectors -> 1YTD:
游댮 #Staples -> -1.1%
游릭 #IT -> 0.1%
游릭 #Real -> 0.6%
游릭 #Comm -> 1.1%
游릭 #Health -> 1.4%
游릭 #Discrec -> 2.5%
游릭 #Utilities -> 3.3%
游릭 #Financial -> 3.5%
游릭 #Indust -> 4.0%
游릭 #Materials -> 4.3%
游릭 #SemiCond -> 5.5%
游릭 #Energy -> 8.7%

2025-01-20 17:06:19.740 | INFO     | __main__:post_performance:101 - length message: 252
2025-01-20 17:06:19.741 | INFO     | utils.utils:post_twitter:36 - Tweet lenght: 252
2025-01-20 17:06:20.152 | INFO     | utils.utils:send_telegram_message:224 - Using bot_token: 6379257583...
2025-01-20 17:06:20.152 | INFO     | utils.utils:send_telegram_message:225 - Sending to chat_id: -1002313822545
2025-01-20 17:06:20.153 | INFO     | utils.utils:send_telegram_message:246 - Attempting to send message to Telegram
2025-01-20 17:06:20.466 | INFO     | utils.utils:send_telegram_message:252 - Message sent successfully. Status code: 200
2025-01-20 17:06:20.467 | SUCCESS  | utils.utils:post_twitter:41 - Tweet posted: 
#Industrial Sectors -> 1YTD:
游댮 #Staples -> -1.1%
游릭 #IT -> 0.1%
游릭 #Real -> 0.6%
游릭 #Comm -> 1.1%
游릭 #Health -> 1.4%
游릭 #Discrec -> 2.5%
游릭 #Utilities -> 3.3%
游릭 #Financial -> 3.5%
游릭 #Indust -> 4.0%
游릭 #Materials -> 4.3%
游릭 #SemiCond -> 5.5%
游릭 #Energy -> 8.7%

2025-01-20 17:06:20.467 | INFO     | utils.utils:post_twitter:48 - Pausing for 70 seconds to maintain proper intervals between Twitter posts.
2025-01-20 17:08:45.356 | INFO     | __main__:__init__:24 - initialize Performance sector
2025-01-20 17:11:44.318 | INFO     | __main__:__init__:24 - initialize Performance sector
2025-01-20 17:13:24.009 | INFO     | __main__:__init__:24 - initialize Performance sector
2025-01-20 17:13:26.444 | INFO     | __main__:post_performance:100 - 
#Industrial Sectors -> WTD:
游릭 #Utilities -> 5.1%
游릭 #Financial -> 5.0%
游릭 #SemiCond -> 4.7%
游릭 #Energy -> 4.3%
游릭 #Real -> 3.1%
游릭 #Materials -> 3.1%
游릭 #Indust -> 2.9%
游릭 #IT -> 2.2%
游릭 #Discrec -> 2.2%
游릭 #Comm -> 1.7%
游릭 #Staples -> 1.1%
游댮 #Health -> -0.8%

2025-01-20 17:13:26.444 | INFO     | __main__:post_performance:101 - length message: 251
2025-01-20 17:13:26.445 | INFO     | utils.utils:post_twitter:36 - Tweet lenght: 251
2025-01-20 17:13:26.815 | INFO     | utils.utils:send_telegram_message:224 - Using bot_token: 6379257583...
2025-01-20 17:13:26.816 | INFO     | utils.utils:send_telegram_message:225 - Sending to chat_id: -1002313822545
2025-01-20 17:13:26.817 | INFO     | utils.utils:send_telegram_message:246 - Attempting to send message to Telegram
2025-01-20 17:13:27.086 | INFO     | utils.utils:send_telegram_message:252 - Message sent successfully. Status code: 200
2025-01-20 17:13:27.087 | SUCCESS  | utils.utils:post_twitter:41 - Tweet posted: 
#Industrial Sectors -> WTD:
游릭 #Utilities -> 5.1%
游릭 #Financial -> 5.0%
游릭 #SemiCond -> 4.7%
游릭 #Energy -> 4.3%
游릭 #Real -> 3.1%
游릭 #Materials -> 3.1%
游릭 #Indust -> 2.9%
游릭 #IT -> 2.2%
游릭 #Discrec -> 2.2%
游릭 #Comm -> 1.7%
游릭 #Staples -> 1.1%
游댮 #Health -> -0.8%

2025-01-20 17:13:27.088 | INFO     | utils.utils:post_twitter:48 - Pausing for 170 seconds to maintain proper intervals between Twitter posts.
2025-01-20 17:13:27.091 | INFO     | __main__:post_performance:100 - 
#Industrial Sectors -> YTD:
游릭 #Energy -> 8.7%
游릭 #SemiCond -> 5.5%
游릭 #Materials -> 4.3%
游릭 #Indust -> 4.0%
游릭 #Financial -> 3.5%
游릭 #Utilities -> 3.3%
游릭 #Discrec -> 2.5%
游릭 #Health -> 1.4%
游릭 #Comm -> 1.1%
游릭 #Real -> 0.6%
游릭 #IT -> 0.1%
游댮 #Staples -> -1.1%

2025-01-20 17:13:27.092 | INFO     | __main__:post_performance:101 - length message: 251
2025-01-20 17:13:27.092 | INFO     | utils.utils:post_twitter:36 - Tweet lenght: 251
2025-01-20 17:13:27.478 | INFO     | utils.utils:send_telegram_message:224 - Using bot_token: 6379257583...
2025-01-20 17:13:27.479 | INFO     | utils.utils:send_telegram_message:225 - Sending to chat_id: -1002313822545
2025-01-20 17:13:27.481 | INFO     | utils.utils:send_telegram_message:246 - Attempting to send message to Telegram
2025-01-20 17:13:27.786 | INFO     | utils.utils:send_telegram_message:252 - Message sent successfully. Status code: 200
2025-01-20 17:13:27.787 | SUCCESS  | utils.utils:post_twitter:41 - Tweet posted: 
#Industrial Sectors -> YTD:
游릭 #Energy -> 8.7%
游릭 #SemiCond -> 5.5%
游릭 #Materials -> 4.3%
游릭 #Indust -> 4.0%
游릭 #Financial -> 3.5%
游릭 #Utilities -> 3.3%
游릭 #Discrec -> 2.5%
游릭 #Health -> 1.4%
游릭 #Comm -> 1.1%
游릭 #Real -> 0.6%
游릭 #IT -> 0.1%
游댮 #Staples -> -1.1%

2025-01-20 17:13:27.787 | INFO     | utils.utils:post_twitter:48 - Pausing for 71 seconds to maintain proper intervals between Twitter posts.
2025-01-20 17:16:49.320 | INFO     | __main__:__init__:24 - initialize Performance sector
2025-01-20 17:16:51.630 | INFO     | __main__:post_performance:100 - 
#Industrial Sectors -> WTD:
游릭 #Utilities -> 5.1%
游릭 #Financial -> 5.0%
游릭 #SemiCond -> 4.7%
游릭 #Energy -> 4.3%
游릭 #Real -> 3.1%
游릭 #Materials -> 3.1%
游릭 #Indust -> 2.9%
游릭 #IT -> 2.2%
游릭 #Discrec -> 2.2%
游릭 #Comm -> 1.7%
游릭 #Staples -> 1.1%
游댮 #Health -> -0.8%

2025-01-20 17:16:51.630 | INFO     | __main__:post_performance:101 - length message: 251
2025-01-20 17:16:51.631 | INFO     | utils.utils:post_twitter:36 - Tweet lenght: 251
2025-01-20 17:16:51.923 | ERROR    | utils.utils:post_twitter:43 - 403 Forbidden
You are not allowed to create a Tweet with duplicate content.
2025-01-20 17:16:51.924 | INFO     | utils.utils:send_telegram_message:224 - Using bot_token: 6379257583...
2025-01-20 17:16:51.924 | INFO     | utils.utils:send_telegram_message:225 - Sending to chat_id: -1002313822545
2025-01-20 17:16:51.925 | INFO     | utils.utils:send_telegram_message:246 - Attempting to send message to Telegram
2025-01-20 17:16:52.176 | INFO     | utils.utils:send_telegram_message:252 - Message sent successfully. Status code: 200
2025-01-20 17:16:52.178 | ERROR    | utils.utils:post_twitter:45 - Tweet Error
Tweet Error
: 403 Forbidden
You are not allowed to create a Tweet with duplicate content.

#Industrial Sectors -> WTD:
游릭 #Utilities -> 5.1%
游릭 #Financial -> 5.0%
游릭 #SemiCond -> 4.7%
游릭 #Energy -> 4.3%
游릭 #Real -> 3.1%
游릭 #Materials -> 3.1%
游릭 #Indust -> 2.9%
游릭 #IT -> 2.2%
游릭 #Discrec -> 2.2%
游릭 #Comm -> 1.7%
游릭 #Staples -> 1.1%
游댮 #Health -> -0.8%

2025-01-20 17:16:52.180 | INFO     | utils.utils:post_twitter:48 - Pausing for 122 seconds to maintain proper intervals between Twitter posts.
2025-01-20 17:16:52.193 | INFO     | __main__:post_performance:100 - 
#Industrial Sectors -> YTD:
游릭 #Energy -> 8.7%
游릭 #SemiCond -> 5.5%
游릭 #Materials -> 4.3%
游릭 #Indust -> 4.0%
游릭 #Financial -> 3.5%
游릭 #Utilities -> 3.3%
游릭 #Discrec -> 2.5%
游릭 #Health -> 1.4%
游릭 #Comm -> 1.1%
游릭 #Real -> 0.6%
游릭 #IT -> 0.1%
游댮 #Staples -> -1.1%

2025-01-20 17:16:52.195 | INFO     | __main__:post_performance:101 - length message: 251
2025-01-20 17:16:52.197 | INFO     | utils.utils:post_twitter:36 - Tweet lenght: 251
2025-01-20 17:16:52.451 | ERROR    | utils.utils:post_twitter:43 - 429 Too Many Requests
Too Many Requests
2025-01-20 17:16:52.452 | INFO     | utils.utils:send_telegram_message:224 - Using bot_token: 6379257583...
2025-01-20 17:16:52.453 | INFO     | utils.utils:send_telegram_message:225 - Sending to chat_id: -1002313822545
2025-01-20 17:16:52.454 | INFO     | utils.utils:send_telegram_message:246 - Attempting to send message to Telegram
2025-01-20 17:16:52.709 | INFO     | utils.utils:send_telegram_message:252 - Message sent successfully. Status code: 200
2025-01-20 17:16:52.710 | ERROR    | utils.utils:post_twitter:45 - Tweet Error
Tweet Error
: 429 Too Many Requests
Too Many Requests

#Industrial Sectors -> YTD:
游릭 #Energy -> 8.7%
游릭 #SemiCond -> 5.5%
游릭 #Materials -> 4.3%
游릭 #Indust -> 4.0%
游릭 #Financial -> 3.5%
游릭 #Utilities -> 3.3%
游릭 #Discrec -> 2.5%
游릭 #Health -> 1.4%
游릭 #Comm -> 1.1%
游릭 #Real -> 0.6%
游릭 #IT -> 0.1%
游댮 #Staples -> -1.1%

2025-01-20 17:16:52.711 | INFO     | utils.utils:post_twitter:48 - Pausing for 82 seconds to maintain proper intervals between Twitter posts.
