2025-01-13 19:37:40.634 | INFO     | __main__:__init__:21 - Initializing DividendBot
2025-01-13 19:37:40.634 | INFO     | __main__:run:133 - Starting DividendBot workflow
2025-01-13 19:37:41.894 | INFO     | utils.utils:get_dividend_calendar:163 - Found 13 dividend entries for tracked tickers
2025-01-13 19:37:42.191 | SUCCESS  | utils.utils:post_twitter:31 - Tweet posted: #SP500 and #NASDAQ100 #Companies that pay #dividend today Monday, 13th of January: 
 #tickers -> $HRL 
 More #information in the next tweets -> 

2025-01-13 19:37:42.191 | INFO     | __main__:run:151 - Posted initial dividend message
2025-01-13 19:37:50.182 | INFO     | __main__:get_ticker_dividend_info:63 - Retrieved dividend info for HRL
2025-01-13 19:37:50.182 | ERROR    | __main__:get_dividend_for_ticker:88 - Error getting dividend for ticker HRL: name 'requests' is not defined
2025-01-13 19:37:50.182 | INFO     | __main__:run:185 - Completed DividendBot workflow successfully
2025-01-13 19:38:26.580 | INFO     | __main__:__init__:22 - Initializing DividendBot
2025-01-13 19:38:26.581 | INFO     | __main__:run:134 - Starting DividendBot workflow
2025-01-13 19:38:27.895 | INFO     | utils.utils:get_dividend_calendar:163 - Found 13 dividend entries for tracked tickers
2025-01-13 19:38:28.165 | ERROR    | utils.utils:post_twitter:33 - 403 Forbidden
You are not allowed to create a Tweet with duplicate content.
2025-01-13 19:38:28.166 | INFO     | __main__:run:152 - Posted initial dividend message
2025-01-13 19:38:34.851 | INFO     | __main__:get_ticker_dividend_info:64 - Retrieved dividend info for HRL
2025-01-13 19:38:35.207 | ERROR    | __main__:get_dividend_for_ticker:89 - Error getting dividend for ticker HRL: 401 Client Error: Unauthorized for url: https://financialmodelingprep.com/api/v3/stock_dividend_calendar?from=2025-01-13&to=2025-01-13&apikey=your_api_key_here
2025-01-13 19:38:35.207 | INFO     | __main__:run:186 - Completed DividendBot workflow successfully
2025-01-13 19:39:51.966 | INFO     | __main__:__init__:23 - Initializing DividendBot
2025-01-13 19:39:51.967 | INFO     | __main__:run:135 - Starting DividendBot workflow
2025-01-13 19:39:53.520 | INFO     | utils.utils:get_dividend_calendar:163 - Found 13 dividend entries for tracked tickers
2025-01-13 19:39:53.775 | ERROR    | utils.utils:post_twitter:33 - 403 Forbidden
You are not allowed to create a Tweet with duplicate content.
2025-01-13 19:39:53.776 | INFO     | __main__:run:153 - Posted initial dividend message
2025-01-13 19:40:00.093 | INFO     | __main__:get_ticker_dividend_info:65 - Retrieved dividend info for HRL
2025-01-13 19:40:00.447 | ERROR    | __main__:get_dividend_for_ticker:90 - Error getting dividend for ticker HRL: 401 Client Error: Unauthorized for url: https://financialmodelingprep.com/api/v3/stock_dividend_calendar?from=2025-01-13&to=2025-01-13&apikey=your_api_key_here
2025-01-13 19:40:00.448 | INFO     | __main__:run:187 - Completed DividendBot workflow successfully
2025-01-13 19:54:45.797 | INFO     | __main__:__init__:22 - Initializing DividendBot
2025-01-13 19:54:45.799 | ERROR    | __main__:__init__:33 - Error loading ticker information: [Errno 2] No such file or directory: 'top_3000_tickers.csv'
2025-01-13 19:54:45.800 | INFO     | __main__:run:181 - Starting DividendBot workflow
2025-01-13 19:54:47.097 | INFO     | utils.utils:get_dividend_calendar:163 - Found 13 dividend entries for tracked tickers
2025-01-13 19:54:47.098 | INFO     | __main__:run:190 - Retrieved 1 dividend tickers
2025-01-13 19:54:47.341 | ERROR    | utils.utils:post_twitter:33 - 403 Forbidden
You are not allowed to create a Tweet with duplicate content.
2025-01-13 19:54:47.341 | INFO     | __main__:run:201 - Posted initial dividend message
2025-01-13 19:54:53.608 | INFO     | __main__:get_ticker_dividend_info:96 - Retrieved dividend info for HRL
2025-01-13 19:54:53.969 | INFO     | __main__:get_dividend_for_ticker:119 - Found dividend information for HRL
2025-01-13 19:54:53.969 | ERROR    | __main__:get_ticker_info:55 - Ticker DataFrame not loaded
2025-01-13 19:54:53.969 | WARNING  | __main__:format_company_dividend_message:157 - No company info found for HRL
2025-01-13 19:54:53.969 | WARNING  | __main__:run:228 - No message generated for HRL
2025-01-13 19:54:53.969 | INFO     | __main__:run:234 - Completed DividendBot workflow successfully
2025-01-13 19:57:02.627 | INFO     | __main__:__init__:22 - Initializing DividendBot
2025-01-13 19:57:02.628 | ERROR    | __main__:__init__:50 - Error loading ticker information: Could not find top_3000_tickers.csv in any expected location
2025-01-13 19:57:02.629 | INFO     | __main__:run:211 - Starting DividendBot workflow
2025-01-13 19:57:03.846 | INFO     | utils.utils:get_dividend_calendar:163 - Found 13 dividend entries for tracked tickers
2025-01-13 19:57:03.847 | INFO     | __main__:run:220 - Retrieved 1 dividend tickers
2025-01-13 19:57:04.059 | ERROR    | utils.utils:post_twitter:33 - 403 Forbidden
You are not allowed to create a Tweet with duplicate content.
2025-01-13 19:57:04.060 | INFO     | __main__:run:231 - Posted initial dividend message
2025-01-13 19:57:10.127 | INFO     | __main__:get_ticker_dividend_info:125 - Retrieved dividend info for HRL
2025-01-13 19:57:10.552 | INFO     | __main__:get_dividend_for_ticker:148 - Found dividend information for HRL
2025-01-13 19:57:10.552 | ERROR    | __main__:get_ticker_info:77 - Ticker DataFrame not loaded, trying to load for HRL
2025-01-13 19:57:10.554 | ERROR    | __main__:get_ticker_info:82 - Failed to load CSV on retry: [Errno 2] No such file or directory: 'top_3000_tickers.csv'
2025-01-13 19:57:10.554 | INFO     | __main__:format_company_dividend_message:202 - Created message for HRL
2025-01-13 19:57:10.907 | SUCCESS  | utils.utils:post_twitter:31 - Tweet posted: Today Report Dividends: 
 #HRL, -> $HRL
 -> Payment Date = 2025-02-18 
 -> Dividend = 0.29 $ 
 -> Dividend Yield = 0 %, 
 -> Five Years Avg Dividend Yield = 0 %
 #Dividends #Stocks
2025-01-13 19:57:10.908 | INFO     | __main__:run:255 - Posted dividend message for HRL
2025-01-13 19:58:36.503 | INFO     | __main__:__init__:22 - Initializing DividendBot
2025-01-13 19:58:36.504 | WARNING  | __main__:__init__:48 - Could not find top_3000_tickers.csv, creating empty DataFrame
2025-01-13 19:58:36.506 | INFO     | __main__:run:240 - Starting DividendBot workflow
2025-01-13 19:58:38.126 | INFO     | utils.utils:get_dividend_calendar:163 - Found 13 dividend entries for tracked tickers
2025-01-13 19:58:38.127 | INFO     | __main__:run:249 - Retrieved 1 dividend tickers
2025-01-13 19:58:38.339 | ERROR    | utils.utils:post_twitter:33 - 403 Forbidden
You are not allowed to create a Tweet with duplicate content.
2025-01-13 19:58:38.339 | INFO     | __main__:run:264 - Posted initial dividend message
2025-01-13 19:58:45.628 | INFO     | __main__:get_ticker_dividend_info:140 - Retrieved dividend info for HRL
2025-01-13 19:58:46.017 | INFO     | __main__:get_dividend_for_ticker:163 - Found dividend information for HRL
2025-01-13 19:58:46.018 | WARNING  | __main__:get_ticker_info:82 - No ticker data available, using default info for HRL
2025-01-13 19:58:46.019 | INFO     | __main__:format_company_dividend_message:231 - Created message for HRL
2025-01-13 19:58:46.316 | SUCCESS  | utils.utils:post_twitter:31 - Tweet posted: Today Report Dividends: 
 #HRL, -> $HRL
 -> Payment Date = 2025-02-18 
 -> Dividend = 0.29 $ 
 -> Dividend Yield = 0 %, 
 -> Five Years Avg Dividend Yield = 0 % 
 -> Industry: #Unknown 
 -> Sector: #Unknown
 #Dividends #Stocks
2025-01-13 19:58:46.317 | INFO     | __main__:run:288 - Posted dividend message for HRL
2025-01-13 20:00:46.330 | INFO     | __main__:run:297 - Completed DividendBot workflow successfully
2025-01-13 20:02:18.856 | INFO     | __main__:__init__:22 - Initializing DividendBot
2025-01-13 20:02:18.878 | INFO     | __main__:__init__:44 - Successfully loaded ticker information from C:\Users\pcalatayud\Desktop\pycharm\twitter_auto\weekdays\../config/top_3000_tickers.csv
2025-01-13 20:02:18.879 | INFO     | __main__:run:241 - Starting DividendBot workflow
2025-01-13 20:02:20.146 | INFO     | utils.utils:get_dividend_calendar:163 - Found 13 dividend entries for tracked tickers
2025-01-13 20:02:20.146 | INFO     | __main__:run:250 - Retrieved 1 dividend tickers
2025-01-13 20:02:20.363 | ERROR    | utils.utils:post_twitter:33 - 403 Forbidden
You are not allowed to create a Tweet with duplicate content.
2025-01-13 20:02:20.364 | INFO     | __main__:run:265 - Posted initial dividend message
2025-01-13 20:02:26.626 | INFO     | __main__:get_ticker_dividend_info:141 - Retrieved dividend info for HRL
2025-01-13 20:02:26.993 | INFO     | __main__:get_dividend_for_ticker:164 - Found dividend information for HRL
2025-01-13 20:02:26.996 | INFO     | __main__:get_ticker_info:102 - Successfully retrieved info for HRL
2025-01-13 20:02:26.997 | INFO     | __main__:format_company_dividend_message:232 - Created message for HRL
2025-01-13 20:02:27.295 | SUCCESS  | utils.utils:post_twitter:31 - Tweet posted: Today Report Dividends: 
 #Hormel Foods Corporation, -> $HRL
 -> Payment Date = 2025-02-18 
 -> Dividend = 0.29 $ 
 -> Dividend Yield = 0 %, 
 -> Five Years Avg Dividend Yield = 0 % 
 -> Industry: #Packaged Foods 
 -> Sector: #Consumer Defensive
 #Dividends #Stocks
2025-01-13 20:02:27.295 | INFO     | __main__:run:289 - Posted dividend message for HRL
2025-01-13 20:04:27.300 | INFO     | __main__:run:298 - Completed DividendBot workflow successfully
2025-01-13 22:02:47.612 | INFO     | __main__:__init__:22 - Initializing DividendBot
2025-01-13 22:02:47.630 | INFO     | __main__:__init__:44 - Successfully loaded ticker information from C:\Users\pcalatayud\Desktop\pycharm\twitter_auto\weekdays\../config/top_3000_tickers.csv
2025-01-13 22:02:47.631 | INFO     | __main__:run:241 - Starting DividendBot workflow
2025-01-13 22:02:50.874 | INFO     | utils.utils:get_dividend_calendar:163 - Found 503 dividend entries for tracked tickers
2025-01-13 22:02:50.885 | INFO     | __main__:run:250 - Retrieved 0 dividend tickers
2025-01-13 22:02:51.059 | ERROR    | utils.utils:post_twitter:33 - 429 Too Many Requests
Too Many Requests
2025-01-13 22:02:51.059 | INFO     | __main__:run:257 - Posted no dividends message
2025-01-13 22:03:43.911 | INFO     | __main__:__init__:22 - Initializing DividendBot
2025-01-13 22:03:43.924 | INFO     | __main__:__init__:44 - Successfully loaded ticker information from C:\Users\pcalatayud\Desktop\pycharm\twitter_auto\weekdays\../config/top_3000_tickers.csv
2025-01-13 22:03:43.925 | INFO     | __main__:run:241 - Starting DividendBot workflow
2025-01-13 22:03:47.210 | INFO     | utils.utils:get_dividend_calendar:163 - Found 503 dividend entries for tracked tickers
2025-01-13 22:03:47.211 | INFO     | utils.utils:get_dividend_calendar:166 - Searching for companies that publish dividends today 2025-01-13 22:03:43.912112
2025-01-13 22:03:47.217 | INFO     | __main__:run:250 - Retrieved 0 dividend tickers
2025-01-13 22:03:47.377 | ERROR    | utils.utils:post_twitter:33 - 429 Too Many Requests
Too Many Requests
2025-01-13 22:03:47.377 | INFO     | __main__:run:257 - Posted no dividends message
