2025-01-13 22:18:00.478 | INFO     | __main__:__init__:21 - Initializing SplitBot
2025-01-13 22:18:00.489 | INFO     | __main__:__init__:42 - Successfully loaded ticker information from C:\Users\pcalatayud\Desktop\pycharm\twitter_auto\weekdays\../config/top_3000_tickers.csv
2025-01-13 22:18:00.490 | INFO     | __main__:run:248 - Starting SplitBot workflow
2025-01-13 22:18:00.971 | INFO     | __main__:run:263 - Found 8 splits for today
2025-01-13 22:18:00.972 | WARNING  | __main__:get_ticker_info:81 - No information found for ticker SADMF
2025-01-13 22:18:01.347 | INFO     | __main__:format_split_message:239 - Created split message for SADMF
2025-01-13 22:18:01.516 | ERROR    | utils.utils:post_twitter:33 - 429 Too Many Requests
Too Many Requests
2025-01-13 22:18:01.518 | INFO     | __main__:run:291 - Posted split message for SADMF
2025-01-13 22:20:01.532 | WARNING  | __main__:get_ticker_info:81 - No information found for ticker THCH
2025-01-13 22:20:01.679 | INFO     | __main__:format_split_message:239 - Created split message for THCH
2025-01-13 22:20:01.861 | ERROR    | utils.utils:post_twitter:33 - 429 Too Many Requests
Too Many Requests
2025-01-13 22:20:01.861 | INFO     | __main__:run:291 - Posted split message for THCH
2025-01-13 22:21:07.955 | INFO     | __main__:__init__:21 - Initializing SplitBot
2025-01-13 22:21:07.964 | INFO     | __main__:__init__:42 - Successfully loaded ticker information from C:\Users\pcalatayud\Desktop\pycharm\twitter_auto\weekdays\../config/top_3000_tickers.csv
2025-01-13 22:21:07.965 | INFO     | __main__:run:241 - Starting SplitBot workflow
2025-01-13 22:21:07.965 | ERROR    | __main__:get_split_data:206 - Error getting split data: name 'today' is not defined
2025-01-13 22:21:07.965 | INFO     | __main__:run:247 - No split data available
2025-01-13 22:21:40.641 | INFO     | __main__:__init__:21 - Initializing SplitBot
2025-01-13 22:21:40.650 | INFO     | __main__:__init__:42 - Successfully loaded ticker information from C:\Users\pcalatayud\Desktop\pycharm\twitter_auto\weekdays\../config/top_3000_tickers.csv
2025-01-13 22:21:40.651 | INFO     | __main__:run:241 - Starting SplitBot workflow
2025-01-13 22:21:40.651 | ERROR    | __main__:get_split_data:206 - Error getting split data: name 'today' is not defined
2025-01-13 22:21:40.651 | ERROR    | __main__:run:290 - Error in main workflow: name 'today_splits' is not defined
2025-01-13 22:23:05.115 | INFO     | __main__:__init__:21 - Initializing SplitBot
2025-01-13 22:23:05.125 | INFO     | __main__:__init__:42 - Successfully loaded ticker information from C:\Users\pcalatayud\Desktop\pycharm\twitter_auto\weekdays\../config/top_3000_tickers.csv
2025-01-13 22:23:05.126 | INFO     | __main__:run:241 - Starting SplitBot workflow
2025-01-13 22:23:06.322 | ERROR    | __main__:run:290 - Error in main workflow: name 'today_splits' is not defined
2025-01-13 22:24:03.608 | INFO     | __main__:__init__:21 - Initializing SplitBot
2025-01-13 22:24:03.618 | INFO     | __main__:__init__:42 - Successfully loaded ticker information from C:\Users\pcalatayud\Desktop\pycharm\twitter_auto\weekdays\../config/top_3000_tickers.csv
2025-01-13 22:24:03.619 | INFO     | __main__:run:238 - Starting SplitBot workflow
2025-01-13 22:24:04.856 | ERROR    | __main__:run:287 - Error in main workflow: name 'today_splits' is not defined
2025-01-13 22:25:31.727 | INFO     | __main__:__init__:21 - Initializing SplitBot
2025-01-13 22:25:31.736 | INFO     | __main__:__init__:42 - Successfully loaded ticker information from C:\Users\pcalatayud\Desktop\pycharm\twitter_auto\weekdays\../config/top_3000_tickers.csv
2025-01-13 22:25:31.737 | INFO     | __main__:run:238 - Starting SplitBot workflow
2025-01-13 22:25:32.966 | INFO     | __main__:run:244 - No splits scheduled for today
